<?xml version="1.0" encoding="UTF-8"?>
<coverage generated="1776611203929" clover="3.2.0">
  <project timestamp="1776611203929" name="All files">
    <metrics statements="613" coveredstatements="468" conditionals="373" coveredconditionals="246" methods="101" coveredmethods="75" elements="1087" coveredelements="789" complexity="0" loc="613" ncloc="613" packages="3" files="5" classes="5"/>
    <package name="api">
      <metrics statements="370" coveredstatements="300" conditionals="234" coveredconditionals="165" methods="46" coveredmethods="36"/>
      <file name="server.js" path="/home/runner/work/PincerX/PincerX/api/server.js">
        <metrics statements="370" coveredstatements="300" conditionals="234" coveredconditionals="165" methods="46" coveredmethods="36"/>
        <line num="3" count="1" type="stmt"/>
        <line num="4" count="1" type="stmt"/>
        <line num="5" count="1" type="stmt"/>
        <line num="6" count="1" type="stmt"/>
        <line num="7" count="1" type="stmt"/>
        <line num="8" count="1" type="stmt"/>
        <line num="9" count="1" type="stmt"/>
        <line num="10" count="1" type="stmt"/>
        <line num="11" count="1" type="stmt"/>
        <line num="12" count="1" type="stmt"/>
        <line num="14" count="1" type="stmt"/>
        <line num="15" count="1" type="cond" truecount="2" falsecount="0"/>
        <line num="17" count="1" type="stmt"/>
        <line num="18" count="1" type="stmt"/>
        <line num="19" count="1" type="stmt"/>
        <line num="20" count="1" type="stmt"/>
        <line num="23" count="1" type="stmt"/>
        <line num="24" count="1" type="stmt"/>
        <line num="25" count="1" type="stmt"/>
        <line num="26" count="1" type="stmt"/>
        <line num="29" count="1" type="stmt"/>
        <line num="30" count="3" type="stmt"/>
        <line num="31" count="3" type="stmt"/>
        <line num="34" count="1" type="stmt"/>
        <line num="37" count="4" type="cond" truecount="2" falsecount="0"/>
        <line num="38" count="1" type="stmt"/>
        <line num="40" count="3" type="stmt"/>
        <line num="44" count="1" type="stmt"/>
        <line num="45" count="1" type="stmt"/>
        <line num="55" count="59" type="cond" truecount="4" falsecount="0"/>
        <line num="56" count="19" type="stmt"/>
        <line num="58" count="40" type="stmt"/>
        <line num="65" count="1" type="stmt"/>
        <line num="66" count="3" type="stmt"/>
        <line num="67" count="3" type="stmt"/>
        <line num="68" count="3" type="cond" truecount="2" falsecount="0"/>
        <line num="69" count="2" type="stmt"/>
        <line num="72" count="0" type="stmt"/>
        <line num="74" count="3" type="stmt"/>
        <line num="87" count="1" type="stmt"/>
        <line num="88" count="6" type="stmt"/>
        <line num="90" count="6" type="stmt"/>
        <line num="91" count="6" type="cond" truecount="2" falsecount="0"/>
        <line num="93" count="4" type="stmt"/>
        <line num="95" count="4" type="stmt"/>
        <line num="97" count="1" type="stmt"/>
        <line num="100" count="3" type="stmt"/>
        <line num="101" count="3" type="stmt"/>
        <line num="102" count="3" type="cond" truecount="2" falsecount="0"/>
        <line num="103" count="2" type="stmt"/>
        <line num="107" count="3" type="stmt"/>
        <line num="109" count="3" type="cond" truecount="3" falsecount="1"/>
        <line num="110" count="3" type="stmt"/>
        <line num="114" count="3" type="cond" truecount="2" falsecount="0"/>
        <line num="115" count="2" type="cond" truecount="1" falsecount="1"/>
        <line num="118" count="3" type="stmt"/>
        <line num="119" count="3" type="stmt"/>
        <line num="120" count="3" type="stmt"/>
        <line num="121" count="3" type="stmt"/>
        <line num="123" count="0" type="stmt"/>
        <line num="132" count="1" type="stmt"/>
        <line num="133" count="0" type="stmt"/>
        <line num="134" count="0" type="cond" truecount="0" falsecount="2"/>
        <line num="136" count="0" type="stmt"/>
        <line num="137" count="0" type="cond" truecount="0" falsecount="2"/>
        <line num="140" count="0" type="cond" truecount="0" falsecount="3"/>
        <line num="142" count="0" type="cond" truecount="0" falsecount="2"/>
        <line num="147" count="0" type="stmt"/>
        <line num="148" count="0" type="stmt"/>
        <line num="150" count="0" type="stmt"/>
        <line num="153" count="0" type="stmt"/>
        <line num="154" count="0" type="stmt"/>
        <line num="155" count="0" type="cond" truecount="0" falsecount="2"/>
        <line num="156" count="0" type="stmt"/>
        <line num="158" count="0" type="stmt"/>
        <line num="159" count="0" type="cond" truecount="0" falsecount="2"/>
        <line num="160" count="0" type="cond" truecount="0" falsecount="2"/>
        <line num="162" count="0" type="stmt"/>
        <line num="164" count="0" type="stmt"/>
        <line num="172" count="1" type="stmt"/>
        <line num="173" count="0" type="stmt"/>
        <line num="174" count="0" type="stmt"/>
        <line num="175" count="0" type="stmt"/>
        <line num="176" count="0" type="stmt"/>
        <line num="178" count="0" type="stmt"/>
        <line num="187" count="1" type="stmt"/>
        <line num="188" count="7" type="stmt"/>
        <line num="189" count="7" type="stmt"/>
        <line num="190" count="7" type="cond" truecount="2" falsecount="0"/>
        <line num="192" count="3" type="stmt"/>
        <line num="193" count="3" type="stmt"/>
        <line num="194" count="2" type="stmt"/>
        <line num="196" count="1" type="stmt"/>
        <line num="205" count="1" type="stmt"/>
        <line num="206" count="7" type="stmt"/>
        <line num="207" count="7" type="stmt"/>
        <line num="208" count="7" type="cond" truecount="2" falsecount="0"/>
        <line num="210" count="3" type="stmt"/>
        <line num="211" count="3" type="stmt"/>
        <line num="212" count="2" type="stmt"/>
        <line num="214" count="1" type="stmt"/>
        <line num="223" count="1" type="stmt"/>
        <line num="224" count="5" type="stmt"/>
        <line num="225" count="5" type="cond" truecount="2" falsecount="0"/>
        <line num="226" count="1" type="stmt"/>
        <line num="228" count="4" type="cond" truecount="2" falsecount="0"/>
        <line num="229" count="1" type="stmt"/>
        <line num="232" count="3" type="stmt"/>
        <line num="233" count="3" type="stmt"/>
        <line num="234" count="1" type="stmt"/>
        <line num="236" count="2" type="cond" truecount="2" falsecount="0"/>
        <line num="237" count="1" type="stmt"/>
        <line num="239" count="1" type="stmt"/>
        <line num="249" count="1" type="stmt"/>
        <line num="250" count="7" type="stmt"/>
        <line num="251" count="7" type="stmt"/>
        <line num="252" count="7" type="cond" truecount="2" falsecount="0"/>
        <line num="255" count="6" type="cond" truecount="4" falsecount="0"/>
        <line num="256" count="2" type="stmt"/>
        <line num="259" count="4" type="stmt"/>
        <line num="260" count="4" type="cond" truecount="2" falsecount="0"/>
        <line num="261" count="1" type="stmt"/>
        <line num="264" count="3" type="stmt"/>
        <line num="265" count="3" type="stmt"/>
        <line num="266" count="3" type="stmt"/>
        <line num="267" count="1" type="stmt"/>
        <line num="269" count="2" type="cond" truecount="2" falsecount="0"/>
        <line num="270" count="1" type="stmt"/>
        <line num="272" count="1" type="stmt"/>
        <line num="289" count="4" type="cond" truecount="3" falsecount="1"/>
        <line num="290" count="0" type="stmt"/>
        <line num="292" count="4" type="cond" truecount="2" falsecount="0"/>
        <line num="293" count="4" type="stmt"/>
        <line num="294" count="4" type="cond" truecount="1" falsecount="1"/>
        <line num="295" count="4" type="stmt"/>
        <line num="297" count="0" type="stmt"/>
        <line num="311" count="1" type="stmt"/>
        <line num="312" count="1" type="stmt"/>
        <line num="313" count="1" type="stmt"/>
        <line num="317" count="1" type="stmt"/>
        <line num="321" count="1" type="stmt"/>
        <line num="322" count="1" type="stmt"/>
        <line num="335" count="12" type="stmt"/>
        <line num="342" count="12" type="stmt"/>
        <line num="352" count="1" type="stmt"/>
        <line num="362" count="1" type="stmt"/>
        <line num="378" count="1" type="stmt"/>
        <line num="380" count="2" type="stmt"/>
        <line num="382" count="1" type="cond" truecount="1" falsecount="1"/>
        <line num="384" count="1" type="stmt"/>
        <line num="385" count="1" type="stmt"/>
        <line num="386" count="1" type="stmt"/>
        <line num="387" count="2" type="cond" truecount="1" falsecount="1"/>
        <line num="388" count="0" type="cond" truecount="0" falsecount="2"/>
        <line num="389" count="0" type="stmt"/>
        <line num="390" count="0" type="stmt"/>
        <line num="391" count="0" type="stmt"/>
        <line num="392" count="0" type="stmt"/>
        <line num="393" count="0" type="cond" truecount="0" falsecount="2"/>
        <line num="394" count="0" type="cond" truecount="0" falsecount="2"/>
        <line num="396" count="0" type="stmt"/>
        <line num="397" count="2" type="cond" truecount="3" falsecount="1"/>
        <line num="398" count="0" type="stmt"/>
        <line num="399" count="0" type="stmt"/>
        <line num="401" count="2" type="cond" truecount="2" falsecount="0"/>
        <line num="404" count="1" type="cond" truecount="1" falsecount="1"/>
        <line num="405" count="1" type="cond" truecount="1" falsecount="1"/>
        <line num="422" count="1" type="stmt"/>
        <line num="423" count="1" type="stmt"/>
        <line num="424" count="1" type="stmt"/>
        <line num="425" count="1" type="stmt"/>
        <line num="426" count="1" type="cond" truecount="1" falsecount="1"/>
        <line num="427" count="1" type="stmt"/>
        <line num="448" count="12" type="stmt"/>
        <line num="449" count="12" type="stmt"/>
        <line num="451" count="12" type="cond" truecount="2" falsecount="0"/>
        <line num="452" count="1" type="stmt"/>
        <line num="455" count="11" type="cond" truecount="2" falsecount="0"/>
        <line num="456" count="11" type="stmt"/>
        <line num="457" count="11" type="cond" truecount="2" falsecount="0"/>
        <line num="458" count="11" type="cond" truecount="2" falsecount="0"/>
        <line num="459" count="11" type="cond" truecount="2" falsecount="0"/>
        <line num="460" count="11" type="cond" truecount="2" falsecount="0"/>
        <line num="462" count="11" type="stmt"/>
        <line num="469" count="10" type="cond" truecount="2" falsecount="0"/>
        <line num="470" count="1" type="stmt"/>
        <line num="471" count="1" type="stmt"/>
        <line num="474" count="9" type="stmt"/>
        <line num="475" count="9" type="stmt"/>
        <line num="476" count="9" type="stmt"/>
        <line num="477" count="9" type="stmt"/>
        <line num="479" count="0" type="stmt"/>
        <line num="481" count="9" type="stmt"/>
        <line num="484" count="1" type="stmt"/>
        <line num="485" count="14" type="stmt"/>
        <line num="486" count="14" type="stmt"/>
        <line num="487" count="14" type="cond" truecount="2" falsecount="0"/>
        <line num="489" count="11" type="stmt"/>
        <line num="490" count="11" type="cond" truecount="2" falsecount="0"/>
        <line num="491" count="11" type="cond" truecount="2" falsecount="0"/>
        <line num="493" count="11" type="stmt"/>
        <line num="494" count="11" type="stmt"/>
        <line num="495" count="9" type="stmt"/>
        <line num="496" count="9" type="stmt"/>
        <line num="497" count="9" type="cond" truecount="2" falsecount="0"/>
        <line num="498" count="9" type="stmt"/>
        <line num="500" count="2" type="cond" truecount="2" falsecount="0"/>
        <line num="501" count="1" type="stmt"/>
        <line num="503" count="1" type="stmt"/>
        <line num="512" count="1" type="stmt"/>
        <line num="527" count="1" type="stmt"/>
        <line num="528" count="1" type="cond" truecount="1" falsecount="1"/>
        <line num="529" count="1" type="stmt"/>
        <line num="530" count="1" type="stmt"/>
        <line num="532" count="1" type="stmt"/>
        <line num="533" count="1" type="stmt"/>
        <line num="534" count="1" type="cond" truecount="1" falsecount="1"/>
        <line num="535" count="1" type="stmt"/>
        <line num="536" count="1" type="stmt"/>
        <line num="538" count="0" type="stmt"/>
        <line num="539" count="0" type="stmt"/>
        <line num="541" count="1" type="stmt"/>
        <line num="543" count="1" type="stmt"/>
        <line num="546" count="1" type="stmt"/>
        <line num="549" count="1" type="stmt"/>
        <line num="556" count="1" type="stmt"/>
        <line num="557" count="2" type="cond" truecount="2" falsecount="0"/>
        <line num="558" count="2" type="stmt"/>
        <line num="559" count="2" type="stmt"/>
        <line num="560" count="1" type="cond" truecount="1" falsecount="1"/>
        <line num="561" count="0" type="stmt"/>
        <line num="563" count="1" type="stmt"/>
        <line num="565" count="1" type="stmt"/>
        <line num="575" count="1" type="stmt"/>
        <line num="576" count="2" type="stmt"/>
        <line num="577" count="2" type="stmt"/>
        <line num="578" count="2" type="stmt"/>
        <line num="579" count="2" type="stmt"/>
        <line num="581" count="2" type="stmt"/>
        <line num="583" count="0" type="stmt"/>
        <line num="592" count="1" type="stmt"/>
        <line num="597" count="1" type="stmt"/>
        <line num="598" count="6" type="stmt"/>
        <line num="599" count="6" type="cond" truecount="1" falsecount="1"/>
        <line num="600" count="6" type="cond" truecount="2" falsecount="0"/>
        <line num="602" count="5" type="cond" truecount="2" falsecount="0"/>
        <line num="603" count="5" type="cond" truecount="4" falsecount="0"/>
        <line num="604" count="2" type="stmt"/>
        <line num="607" count="3" type="cond" truecount="2" falsecount="0"/>
        <line num="609" count="3" type="stmt"/>
        <line num="610" count="3" type="stmt"/>
        <line num="611" count="3" type="stmt"/>
        <line num="617" count="3" type="stmt"/>
        <line num="622" count="2" type="cond" truecount="2" falsecount="0"/>
        <line num="623" count="1" type="stmt"/>
        <line num="624" count="1" type="stmt"/>
        <line num="626" count="1" type="stmt"/>
        <line num="628" count="1" type="stmt"/>
        <line num="637" count="1" type="stmt"/>
        <line num="638" count="4" type="stmt"/>
        <line num="639" count="4" type="cond" truecount="4" falsecount="0"/>
        <line num="640" count="1" type="stmt"/>
        <line num="642" count="3" type="cond" truecount="2" falsecount="0"/>
        <line num="643" count="3" type="stmt"/>
        <line num="644" count="3" type="stmt"/>
        <line num="648" count="2" type="cond" truecount="2" falsecount="0"/>
        <line num="649" count="1" type="stmt"/>
        <line num="650" count="1" type="cond" truecount="1" falsecount="1"/>
        <line num="652" count="1" type="stmt"/>
        <line num="654" count="1" type="stmt"/>
        <line num="662" count="1" type="stmt"/>
        <line num="663" count="3" type="stmt"/>
        <line num="664" count="3" type="stmt"/>
        <line num="666" count="1" type="stmt"/>
        <line num="674" count="1" type="stmt"/>
        <line num="675" count="3" type="stmt"/>
        <line num="676" count="3" type="cond" truecount="4" falsecount="0"/>
        <line num="677" count="1" type="stmt"/>
        <line num="679" count="2" type="stmt"/>
        <line num="680" count="2" type="stmt"/>
        <line num="682" count="1" type="cond" truecount="1" falsecount="1"/>
        <line num="683" count="1" type="stmt"/>
        <line num="685" count="0" type="stmt"/>
        <line num="694" count="1" type="stmt"/>
        <line num="695" count="8" type="stmt"/>
        <line num="697" count="8" type="stmt"/>
        <line num="698" count="8" type="cond" truecount="2" falsecount="0"/>
        <line num="700" count="6" type="stmt"/>
        <line num="701" count="6" type="cond" truecount="2" falsecount="0"/>
        <line num="703" count="4" type="stmt"/>
        <line num="704" count="4" type="cond" truecount="2" falsecount="0"/>
        <line num="706" count="3" type="stmt"/>
        <line num="707" count="3" type="stmt"/>
        <line num="708" count="2" type="stmt"/>
        <line num="710" count="1" type="stmt"/>
        <line num="719" count="1" type="stmt"/>
        <line num="720" count="8" type="stmt"/>
        <line num="721" count="8" type="stmt"/>
        <line num="723" count="8" type="cond" truecount="4" falsecount="0"/>
        <line num="724" count="2" type="stmt"/>
        <line num="727" count="6" type="cond" truecount="4" falsecount="0"/>
        <line num="728" count="3" type="stmt"/>
        <line num="731" count="3" type="cond" truecount="1" falsecount="1"/>
        <line num="733" count="3" type="stmt"/>
        <line num="734" count="3" type="stmt"/>
        <line num="735" count="1" type="stmt"/>
        <line num="737" count="2" type="cond" truecount="2" falsecount="0"/>
        <line num="738" count="1" type="stmt"/>
        <line num="740" count="1" type="stmt"/>
        <line num="748" count="1" type="stmt"/>
        <line num="749" count="0" type="stmt"/>
        <line num="750" count="0" type="stmt"/>
        <line num="752" count="0" type="cond" truecount="0" falsecount="4"/>
        <line num="753" count="0" type="stmt"/>
        <line num="756" count="0" type="cond" truecount="0" falsecount="4"/>
        <line num="757" count="0" type="stmt"/>
        <line num="760" count="0" type="stmt"/>
        <line num="761" count="0" type="stmt"/>
        <line num="762" count="0" type="stmt"/>
        <line num="764" count="0" type="cond" truecount="0" falsecount="4"/>
        <line num="765" count="0" type="stmt"/>
        <line num="767" count="0" type="stmt"/>
        <line num="775" count="1" type="stmt"/>
        <line num="776" count="3" type="stmt"/>
        <line num="777" count="3" type="cond" truecount="4" falsecount="0"/>
        <line num="778" count="1" type="stmt"/>
        <line num="780" count="2" type="stmt"/>
        <line num="781" count="2" type="stmt"/>
        <line num="782" count="1" type="stmt"/>
        <line num="784" count="1" type="cond" truecount="1" falsecount="1"/>
        <line num="785" count="1" type="stmt"/>
        <line num="787" count="0" type="stmt"/>
        <line num="798" count="1" type="stmt"/>
        <line num="799" count="5" type="stmt"/>
        <line num="800" count="5" type="stmt"/>
        <line num="802" count="5" type="cond" truecount="4" falsecount="0"/>
        <line num="803" count="1" type="stmt"/>
        <line num="805" count="4" type="cond" truecount="4" falsecount="0"/>
        <line num="806" count="1" type="stmt"/>
        <line num="810" count="3" type="stmt"/>
        <line num="811" count="3" type="stmt"/>
        <line num="813" count="1" type="stmt"/>
        <line num="816" count="2" type="cond" truecount="1" falsecount="1"/>
        <line num="817" count="2" type="cond" truecount="2" falsecount="0"/>
        <line num="818" count="1" type="stmt"/>
        <line num="821" count="1" type="stmt"/>
        <line num="822" count="1" type="cond" truecount="1" falsecount="1"/>
        <line num="823" count="1" type="cond" truecount="1" falsecount="1"/>
        <line num="825" count="1" type="stmt"/>
        <line num="826" count="1" type="stmt"/>
        <line num="834" count="1" type="stmt"/>
        <line num="835" count="1" type="stmt"/>
        <line num="836" count="1" type="cond" truecount="1" falsecount="1"/>
        <line num="839" count="1" type="stmt"/>
        <line num="841" count="0" type="stmt"/>
        <line num="844" count="1" type="cond" truecount="1" falsecount="1"/>
        <line num="845" count="0" type="stmt"/>
        <line num="846" count="0" type="stmt"/>
        <line num="849" count="0" type="stmt"/>
        <line num="850" count="0" type="stmt"/>
        <line num="851" count="0" type="stmt"/>
        <line num="852" count="0" type="cond" truecount="0" falsecount="2"/>
        <line num="853" count="0" type="stmt"/>
        <line num="857" count="0" type="cond" truecount="0" falsecount="3"/>
        <line num="858" count="0" type="cond" truecount="0" falsecount="3"/>
        <line num="859" count="0" type="stmt"/>
        <line num="861" count="0" type="cond" truecount="0" falsecount="4"/>
        <line num="862" count="0" type="stmt"/>
        <line num="865" count="0" type="stmt"/>
        <line num="870" count="1" type="stmt"/>
      </file>
    </package>
    <package name="openclaw">
      <metrics statements="147" coveredstatements="138" conditionals="90" coveredconditionals="72" methods="36" coveredmethods="36"/>
      <file name="ai.js" path="/home/runner/work/PincerX/PincerX/openclaw/ai.js">
        <metrics statements="93" coveredstatements="87" conditionals="69" coveredconditionals="55" methods="20" coveredmethods="20"/>
        <line num="3" count="44" type="stmt"/>
        <line num="4" count="44" type="stmt"/>
        <line num="5" count="44" type="stmt"/>
        <line num="6" count="44" type="stmt"/>
        <line num="8" count="44" type="cond" truecount="2" falsecount="0"/>
        <line num="9" count="44" type="cond" truecount="2" falsecount="0"/>
        <line num="10" count="44" type="cond" truecount="2" falsecount="0"/>
        <line num="11" count="44" type="cond" truecount="1" falsecount="1"/>
        <line num="13" count="44" type="stmt"/>
        <line num="28" count="72" type="cond" truecount="5" falsecount="0"/>
        <line num="29" count="3" type="stmt"/>
        <line num="32" count="69" type="stmt"/>
        <line num="34" count="69" type="cond" truecount="4" falsecount="0"/>
        <line num="37" count="65" type="stmt"/>
        <line num="38" count="65" type="cond" truecount="2" falsecount="0"/>
        <line num="39" count="1" type="stmt"/>
        <line num="41" count="4" type="cond" truecount="2" falsecount="0"/>
        <line num="43" count="3" type="stmt"/>
        <line num="46" count="1" type="stmt"/>
        <line num="50" count="65" type="stmt"/>
        <line num="53" count="65" type="stmt"/>
        <line num="54" count="65" type="stmt"/>
        <line num="56" count="0" type="stmt"/>
        <line num="59" count="65" type="stmt"/>
        <line num="64" count="44" type="stmt"/>
        <line num="65" count="44" type="stmt"/>
        <line num="67" count="0" type="stmt"/>
        <line num="77" count="17" type="stmt"/>
        <line num="78" count="17" type="stmt"/>
        <line num="80" count="17" type="stmt"/>
        <line num="95" count="6" type="stmt"/>
        <line num="96" count="6" type="stmt"/>
        <line num="97" count="6" type="stmt"/>
        <line num="98" count="6" type="cond" truecount="1" falsecount="1"/>
        <line num="100" count="6" type="stmt"/>
        <line num="101" count="6" type="cond" truecount="1" falsecount="1"/>
        <line num="102" count="0" type="stmt"/>
        <line num="103" count="0" type="stmt"/>
        <line num="106" count="6" type="stmt"/>
        <line num="115" count="5" type="stmt"/>
        <line num="116" count="5" type="stmt"/>
        <line num="117" count="5" type="stmt"/>
        <line num="121" count="6" type="stmt"/>
        <line num="123" count="6" type="cond" truecount="1" falsecount="1"/>
        <line num="124" count="0" type="stmt"/>
        <line num="126" count="6" type="stmt"/>
        <line num="138" count="7" type="stmt"/>
        <line num="139" count="7" type="stmt"/>
        <line num="144" count="6" type="stmt"/>
        <line num="145" count="6" type="stmt"/>
        <line num="147" count="1" type="stmt"/>
        <line num="150" count="5" type="stmt"/>
        <line num="151" count="5" type="stmt"/>
        <line num="152" count="6" type="cond" truecount="4" falsecount="0"/>
        <line num="154" count="1" type="stmt"/>
        <line num="170" count="10" type="stmt"/>
        <line num="171" count="10" type="stmt"/>
        <line num="174" count="10" type="cond" truecount="3" falsecount="0"/>
        <line num="175" count="10" type="cond" truecount="3" falsecount="0"/>
        <line num="176" count="10" type="cond" truecount="2" falsecount="0"/>
        <line num="178" count="10" type="stmt"/>
        <line num="184" count="10" type="stmt"/>
        <line num="185" count="10" type="stmt"/>
        <line num="186" count="10" type="stmt"/>
        <line num="187" count="10" type="cond" truecount="1" falsecount="1"/>
        <line num="189" count="10" type="stmt"/>
        <line num="193" count="10" type="cond" truecount="1" falsecount="1"/>
        <line num="194" count="0" type="stmt"/>
        <line num="197" count="10" type="stmt"/>
        <line num="207" count="10" type="stmt"/>
        <line num="211" count="10" type="cond" truecount="1" falsecount="1"/>
        <line num="212" count="10" type="stmt"/>
        <line num="213" count="10" type="stmt"/>
        <line num="214" count="10" type="stmt"/>
        <line num="218" count="10" type="stmt"/>
        <line num="219" count="8" type="stmt"/>
        <line num="220" count="8" type="stmt"/>
        <line num="221" count="8" type="stmt"/>
        <line num="222" count="8" type="stmt"/>
        <line num="223" count="8" type="stmt"/>
        <line num="224" count="8" type="stmt"/>
        <line num="225" count="7" type="cond" truecount="2" falsecount="0"/>
        <line num="226" count="1" type="stmt"/>
        <line num="228" count="6" type="cond" truecount="2" falsecount="0"/>
        <line num="230" count="1" type="stmt"/>
        <line num="236" count="10" type="stmt"/>
        <line num="237" count="2" type="stmt"/>
        <line num="244" count="10" type="stmt"/>
        <line num="245" count="1" type="cond" truecount="1" falsecount="1"/>
        <line num="246" count="1" type="stmt"/>
        <line num="250" count="10" type="stmt"/>
        <line num="251" count="10" type="stmt"/>
        <line num="255" count="44" type="stmt"/>
      </file>
      <file name="feedback.js" path="/home/runner/work/PincerX/PincerX/openclaw/feedback.js">
        <metrics statements="20" coveredstatements="20" conditionals="11" coveredconditionals="10" methods="5" coveredmethods="5"/>
        <line num="3" count="2" type="stmt"/>
        <line num="18" count="11" type="stmt"/>
        <line num="31" count="11" type="stmt"/>
        <line num="33" count="10" type="stmt"/>
        <line num="45" count="10" type="stmt"/>
        <line num="46" count="10" type="cond" truecount="2" falsecount="0"/>
        <line num="47" count="1" type="stmt"/>
        <line num="50" count="9" type="stmt"/>
        <line num="51" count="9" type="stmt"/>
        <line num="53" count="8" type="stmt"/>
        <line num="54" count="8" type="cond" truecount="2" falsecount="0"/>
        <line num="55" count="8" type="cond" truecount="2" falsecount="0"/>
        <line num="56" count="8" type="stmt"/>
        <line num="59" count="8" type="stmt"/>
        <line num="61" count="1" type="stmt"/>
        <line num="72" count="8" type="stmt"/>
        <line num="73" count="8" type="cond" truecount="1" falsecount="1"/>
        <line num="74" count="8" type="cond" truecount="2" falsecount="0"/>
        <line num="84" count="2" type="stmt"/>
        <line num="91" count="2" type="stmt"/>
      </file>
      <file name="rag.js" path="/home/runner/work/PincerX/PincerX/openclaw/rag.js">
        <metrics statements="34" coveredstatements="31" conditionals="10" coveredconditionals="7" methods="11" coveredmethods="11"/>
        <line num="3" count="2" type="stmt"/>
        <line num="4" count="2" type="stmt"/>
        <line num="5" count="2" type="stmt"/>
        <line num="7" count="2" type="stmt"/>
        <line num="8" count="2" type="stmt"/>
        <line num="16" count="10" type="stmt"/>
        <line num="17" count="10" type="stmt"/>
        <line num="29" count="10" type="stmt"/>
        <line num="30" count="10" type="stmt"/>
        <line num="34" count="32" type="stmt"/>
        <line num="36" count="10" type="stmt"/>
        <line num="37" count="80" type="stmt"/>
        <line num="38" count="80" type="stmt"/>
        <line num="40" count="224" type="cond" truecount="2" falsecount="0"/>
        <line num="41" count="224" type="stmt"/>
        <line num="43" count="80" type="stmt"/>
        <line num="46" count="10" type="stmt"/>
        <line num="47" count="80" type="stmt"/>
        <line num="48" count="40" type="stmt"/>
        <line num="50" count="19" type="stmt"/>
        <line num="62" count="4" type="stmt"/>
        <line num="64" count="4" type="cond" truecount="2" falsecount="0"/>
        <line num="65" count="1" type="stmt"/>
        <line num="71" count="3" type="stmt"/>
        <line num="72" count="9" type="stmt"/>
        <line num="75" count="3" type="cond" truecount="1" falsecount="1"/>
        <line num="76" count="0" type="stmt"/>
        <line num="77" count="0" type="stmt"/>
        <line num="78" count="0" type="cond" truecount="0" falsecount="2"/>
        <line num="81" count="3" type="stmt"/>
        <line num="92" count="3" type="stmt"/>
        <line num="94" count="2" type="stmt"/>
        <line num="96" count="6" type="stmt"/>
        <line num="100" count="2" type="stmt"/>
      </file>
    </package>
    <package name="story">
      <metrics statements="96" coveredstatements="30" conditionals="49" coveredconditionals="9" methods="19" coveredmethods="3"/>
      <file name="story.js" path="/home/runner/work/PincerX/PincerX/story/story.js">
        <metrics statements="96" coveredstatements="30" conditionals="49" coveredconditionals="9" methods="19" coveredmethods="3"/>
        <line num="3" count="2" type="stmt"/>
        <line num="4" count="2" type="stmt"/>
        <line num="5" count="2" type="stmt"/>
        <line num="7" count="2" type="stmt"/>
        <line num="19" count="10" type="stmt"/>
        <line num="31" count="10" type="stmt"/>
        <line num="32" count="9" type="stmt"/>
        <line num="34" count="9" type="stmt"/>
        <line num="35" count="9" type="stmt"/>
        <line num="36" count="9" type="stmt"/>
        <line num="38" count="9" type="stmt"/>
        <line num="39" count="9" type="stmt"/>
        <line num="40" count="9" type="stmt"/>
        <line num="42" count="9" type="stmt"/>
        <line num="46" count="2" type="stmt"/>
        <line num="52" count="2" type="stmt"/>
        <line num="63" count="9" type="stmt"/>
        <line num="74" count="9" type="stmt"/>
        <line num="75" count="9" type="cond" truecount="2" falsecount="0"/>
        <line num="76" count="8" type="stmt"/>
        <line num="78" count="8" type="stmt"/>
        <line num="79" count="8" type="stmt"/>
        <line num="80" count="7" type="cond" truecount="4" falsecount="0"/>
        <line num="81" count="6" type="stmt"/>
        <line num="86" count="2" type="stmt"/>
        <line num="87" count="2" type="stmt"/>
        <line num="88" count="2" type="stmt"/>
        <line num="89" count="1" type="cond" truecount="2" falsecount="2"/>
        <line num="90" count="0" type="stmt"/>
        <line num="94" count="3" type="stmt"/>
        <line num="107" count="0" type="stmt"/>
        <line num="108" count="0" type="stmt"/>
        <line num="110" count="0" type="cond" truecount="0" falsecount="2"/>
        <line num="111" count="0" type="stmt"/>
        <line num="114" count="0" type="stmt"/>
        <line num="116" count="0" type="cond" truecount="0" falsecount="2"/>
        <line num="117" count="0" type="stmt"/>
        <line num="118" count="0" type="stmt"/>
        <line num="119" count="0" type="stmt"/>
        <line num="122" count="0" type="stmt"/>
        <line num="131" count="0" type="stmt"/>
        <line num="147" count="0" type="stmt"/>
        <line num="148" count="0" type="stmt"/>
        <line num="149" count="0" type="stmt"/>
        <line num="151" count="0" type="cond" truecount="0" falsecount="2"/>
        <line num="152" count="0" type="stmt"/>
        <line num="153" count="0" type="cond" truecount="0" falsecount="2"/>
        <line num="154" count="0" type="stmt"/>
        <line num="156" count="0" type="stmt"/>
        <line num="157" count="0" type="stmt"/>
        <line num="160" count="0" type="stmt"/>
        <line num="161" count="0" type="stmt"/>
        <line num="172" count="0" type="stmt"/>
        <line num="173" count="0" type="cond" truecount="0" falsecount="2"/>
        <line num="174" count="0" type="stmt"/>
        <line num="176" count="0" type="stmt"/>
        <line num="177" count="0" type="stmt"/>
        <line num="178" count="0" type="cond" truecount="0" falsecount="4"/>
        <line num="179" count="0" type="stmt"/>
        <line num="184" count="0" type="stmt"/>
        <line num="185" count="0" type="stmt"/>
        <line num="186" count="0" type="stmt"/>
        <line num="187" count="0" type="cond" truecount="0" falsecount="4"/>
        <line num="188" count="0" type="stmt"/>
        <line num="192" count="0" type="stmt"/>
        <line num="203" count="0" type="stmt"/>
        <line num="204" count="0" type="stmt"/>
        <line num="206" count="0" type="cond" truecount="0" falsecount="2"/>
        <line num="207" count="0" type="stmt"/>
        <line num="210" count="0" type="stmt"/>
        <line num="212" count="0" type="cond" truecount="0" falsecount="2"/>
        <line num="213" count="0" type="stmt"/>
        <line num="214" count="0" type="cond" truecount="0" falsecount="2"/>
        <line num="215" count="0" type="stmt"/>
        <line num="218" count="0" type="stmt"/>
        <line num="219" count="0" type="stmt"/>
        <line num="220" count="0" type="stmt"/>
        <line num="230" count="0" type="stmt"/>
        <line num="231" count="0" type="stmt"/>
        <line num="233" count="0" type="cond" truecount="0" falsecount="2"/>
        <line num="234" count="0" type="stmt"/>
        <line num="237" count="0" type="stmt"/>
        <line num="238" count="0" type="stmt"/>
        <line num="241" count="2" type="stmt"/>
        <line num="249" count="0" type="cond" truecount="0" falsecount="2"/>
        <line num="250" count="0" type="stmt"/>
        <line num="251" count="0" type="stmt"/>
        <line num="253" count="0" type="stmt"/>
        <line num="254" count="0" type="stmt"/>
        <line num="255" count="0" type="stmt"/>
        <line num="264" count="0" type="stmt"/>
        <line num="267" count="0" type="stmt"/>
        <line num="277" count="0" type="stmt"/>
        <line num="278" count="0" type="stmt"/>
        <line num="279" count="0" type="cond" truecount="0" falsecount="2"/>
        <line num="280" count="0" type="stmt"/>
      </file>
    </package>
  </project>
</coverage>
