<?xml version="1.0" encoding="UTF-8"?>
<coverage generated="1776573296409" clover="3.2.0">
  <project timestamp="1776573296409" name="All files">
    <metrics statements="98" coveredstatements="96" conditionals="42" coveredconditionals="39" methods="25" coveredmethods="24" elements="165" coveredelements="159" complexity="0" loc="98" ncloc="98" packages="2" files="4" classes="4"/>
    <package name="api">
      <metrics statements="26" coveredstatements="24" conditionals="14" coveredconditionals="13" methods="3" coveredmethods="2"/>
      <file name="server.js" path="/home/runner/work/PincerX/PincerX/api/server.js">
        <metrics statements="26" coveredstatements="24" conditionals="14" coveredconditionals="13" methods="3" coveredmethods="2"/>
        <line num="3" count="1" type="stmt"/>
        <line num="4" count="1" type="stmt"/>
        <line num="5" count="1" type="stmt"/>
        <line num="7" count="1" type="stmt"/>
        <line num="8" count="1" type="cond" truecount="2" falsecount="0"/>
        <line num="10" count="1" type="stmt"/>
        <line num="17" count="1" type="stmt"/>
        <line num="18" count="7" type="stmt"/>
        <line num="20" count="7" type="cond" truecount="5" falsecount="0"/>
        <line num="21" count="4" type="stmt"/>
        <line num="24" count="3" type="stmt"/>
        <line num="25" count="3" type="stmt"/>
        <line num="26" count="2" type="stmt"/>
        <line num="28" count="1" type="stmt"/>
        <line num="37" count="1" type="stmt"/>
        <line num="38" count="7" type="stmt"/>
        <line num="40" count="7" type="cond" truecount="5" falsecount="0"/>
        <line num="41" count="4" type="stmt"/>
        <line num="44" count="3" type="stmt"/>
        <line num="45" count="3" type="stmt"/>
        <line num="46" count="2" type="stmt"/>
        <line num="48" count="1" type="stmt"/>
        <line num="52" count="1" type="cond" truecount="1" falsecount="1"/>
        <line num="53" count="0" type="stmt"/>
        <line num="54" count="0" type="stmt"/>
        <line num="58" count="1" type="stmt"/>
      </file>
    </package>
    <package name="openclaw">
      <metrics statements="72" coveredstatements="72" conditionals="28" coveredconditionals="26" methods="22" coveredmethods="22"/>
      <file name="ai.js" path="/home/runner/work/PincerX/PincerX/openclaw/ai.js">
        <metrics statements="23" coveredstatements="23" conditionals="11" coveredconditionals="10" methods="6" coveredmethods="6"/>
        <line num="3" count="11" type="stmt"/>
        <line num="5" count="11" type="stmt"/>
        <line num="6" count="11" type="stmt"/>
        <line num="18" count="7" type="cond" truecount="2" falsecount="0"/>
        <line num="19" count="7" type="cond" truecount="2" falsecount="0"/>
        <line num="21" count="7" type="stmt"/>
        <line num="27" count="7" type="stmt"/>
        <line num="28" count="7" type="stmt"/>
        <line num="30" count="7" type="stmt"/>
        <line num="41" count="7" type="stmt"/>
        <line num="42" count="6" type="stmt"/>
        <line num="43" count="6" type="stmt"/>
        <line num="44" count="6" type="stmt"/>
        <line num="45" count="6" type="stmt"/>
        <line num="46" count="6" type="stmt"/>
        <line num="47" count="5" type="cond" truecount="2" falsecount="0"/>
        <line num="48" count="1" type="stmt"/>
        <line num="50" count="4" type="cond" truecount="2" falsecount="0"/>
        <line num="52" count="1" type="stmt"/>
        <line num="57" count="7" type="stmt"/>
        <line num="58" count="7" type="stmt"/>
        <line num="59" count="7" type="stmt"/>
        <line num="63" count="11" type="stmt"/>
      </file>
      <file name="feedback.js" path="/home/runner/work/PincerX/PincerX/openclaw/feedback.js">
        <metrics statements="20" coveredstatements="20" conditionals="11" coveredconditionals="10" methods="5" coveredmethods="5"/>
        <line num="3" count="2" type="stmt"/>
        <line num="18" count="11" type="stmt"/>
        <line num="31" count="11" type="stmt"/>
        <line num="33" count="10" type="stmt"/>
        <line num="45" count="10" type="stmt"/>
        <line num="46" count="10" type="cond" truecount="2" falsecount="0"/>
        <line num="47" count="1" type="stmt"/>
        <line num="50" count="9" type="stmt"/>
        <line num="51" count="9" type="stmt"/>
        <line num="53" count="8" type="stmt"/>
        <line num="54" count="8" type="cond" truecount="2" falsecount="0"/>
        <line num="55" count="8" type="cond" truecount="2" falsecount="0"/>
        <line num="56" count="8" type="stmt"/>
        <line num="59" count="8" type="stmt"/>
        <line num="61" count="1" type="stmt"/>
        <line num="72" count="8" type="stmt"/>
        <line num="73" count="8" type="cond" truecount="1" falsecount="1"/>
        <line num="74" count="8" type="cond" truecount="2" falsecount="0"/>
        <line num="84" count="2" type="stmt"/>
        <line num="91" count="2" type="stmt"/>
      </file>
      <file name="rag.js" path="/home/runner/work/PincerX/PincerX/openclaw/rag.js">
        <metrics statements="29" coveredstatements="29" conditionals="6" coveredconditionals="6" methods="11" coveredmethods="11"/>
        <line num="3" count="2" type="stmt"/>
        <line num="4" count="2" type="stmt"/>
        <line num="5" count="2" type="stmt"/>
        <line num="7" count="2" type="stmt"/>
        <line num="15" count="10" type="stmt"/>
        <line num="16" count="10" type="stmt"/>
        <line num="28" count="10" type="stmt"/>
        <line num="29" count="10" type="stmt"/>
        <line num="33" count="32" type="stmt"/>
        <line num="35" count="10" type="stmt"/>
        <line num="36" count="80" type="stmt"/>
        <line num="37" count="80" type="stmt"/>
        <line num="39" count="224" type="cond" truecount="2" falsecount="0"/>
        <line num="40" count="224" type="stmt"/>
        <line num="42" count="80" type="stmt"/>
        <line num="45" count="10" type="stmt"/>
        <line num="46" count="80" type="stmt"/>
        <line num="47" count="40" type="stmt"/>
        <line num="49" count="19" type="stmt"/>
        <line num="61" count="4" type="stmt"/>
        <line num="63" count="4" type="cond" truecount="2" falsecount="0"/>
        <line num="64" count="1" type="stmt"/>
        <line num="70" count="3" type="stmt"/>
        <line num="71" count="9" type="stmt"/>
        <line num="74" count="3" type="stmt"/>
        <line num="85" count="3" type="stmt"/>
        <line num="87" count="2" type="stmt"/>
        <line num="89" count="6" type="stmt"/>
        <line num="93" count="2" type="stmt"/>
      </file>
    </package>
  </project>
</coverage>
