{"/home/runner/work/PincerX/PincerX/api/server.js": {"path":"/home/runner/work/PincerX/PincerX/api/server.js","statementMap":{"0":{"start":{"line":3,"column":15},"end":{"line":3,"column":32}},"1":{"start":{"line":4,"column":16},"end":{"line":4,"column":34}},"2":{"start":{"line":5,"column":11},"end":{"line":5,"column":24}},"3":{"start":{"line":6,"column":13},"end":{"line":6,"column":28}},"4":{"start":{"line":7,"column":15},"end":{"line":7,"column":32}},"5":{"start":{"line":8,"column":12},"end":{"line":8,"column":38}},"6":{"start":{"line":9,"column":17},"end":{"line":9,"column":48}},"7":{"start":{"line":10,"column":11},"end":{"line":10,"column":36}},"8":{"start":{"line":11,"column":19},"end":{"line":11,"column":39}},"9":{"start":{"line":12,"column":14},"end":{"line":12,"column":39}},"10":{"start":{"line":14,"column":12},"end":{"line":14,"column":21}},"11":{"start":{"line":15,"column":13},"end":{"line":15,"column":37}},"12":{"start":{"line":17,"column":16},"end":{"line":17,"column":50}},"13":{"start":{"line":18,"column":20},"end":{"line":18,"column":72}},"14":{"start":{"line":19,"column":20},"end":{"line":19,"column":65}},"15":{"start":{"line":20,"column":22},"end":{"line":20,"column":69}},"16":{"start":{"line":23,"column":18},"end":{"line":23,"column":34}},"17":{"start":{"line":26,"column":20},"end":{"line":26,"column":34}},"18":{"start":{"line":29,"column":0},"end":{"line":29,"column":43}},"19":{"start":{"line":30,"column":0},"end":{"line":30,"column":61}},"20":{"start":{"line":31,"column":0},"end":{"line":31,"column":47}},"21":{"start":{"line":32,"column":0},"end":{"line":32,"column":49}},"22":{"start":{"line":35,"column":16},"end":{"line":38,"column":2}},"23":{"start":{"line":36,"column":36},"end":{"line":36,"column":53}},"24":{"start":{"line":37,"column":32},"end":{"line":37,"column":59}},"25":{"start":{"line":40,"column":15},"end":{"line":48,"column":2}},"26":{"start":{"line":43,"column":4},"end":{"line":45,"column":5}},"27":{"start":{"line":44,"column":6},"end":{"line":44,"column":58}},"28":{"start":{"line":46,"column":4},"end":{"line":46,"column":19}},"29":{"start":{"line":50,"column":0},"end":{"line":50,"column":24}},"30":{"start":{"line":51,"column":0},"end":{"line":51,"column":62}},"31":{"start":{"line":61,"column":2},"end":{"line":63,"column":3}},"32":{"start":{"line":62,"column":4},"end":{"line":62,"column":74}},"33":{"start":{"line":64,"column":2},"end":{"line":64,"column":14}},"34":{"start":{"line":71,"column":0},"end":{"line":86,"column":3}},"35":{"start":{"line":72,"column":15},"end":{"line":72,"column":17}},"36":{"start":{"line":73,"column":2},"end":{"line":79,"column":3}},"37":{"start":{"line":74,"column":4},"end":{"line":76,"column":5}},"38":{"start":{"line":75,"column":6},"end":{"line":75,"column":64}},"39":{"start":{"line":78,"column":4},"end":{"line":78,"column":82}},"40":{"start":{"line":80,"column":2},"end":{"line":85,"column":5}},"41":{"start":{"line":95,"column":0},"end":{"line":142,"column":3}},"42":{"start":{"line":96,"column":47},"end":{"line":96,"column":55}},"43":{"start":{"line":98,"column":17},"end":{"line":98,"column":56}},"44":{"start":{"line":99,"column":2},"end":{"line":99,"column":61}},"45":{"start":{"line":99,"column":14},"end":{"line":99,"column":61}},"46":{"start":{"line":101,"column":2},"end":{"line":106,"column":3}},"47":{"start":{"line":103,"column":4},"end":{"line":103,"column":21}},"48":{"start":{"line":105,"column":4},"end":{"line":105,"column":108}},"49":{"start":{"line":108,"column":26},"end":{"line":108,"column":68}},"50":{"start":{"line":109,"column":2},"end":{"line":111,"column":3}},"51":{"start":{"line":110,"column":4},"end":{"line":110,"column":102}},"52":{"start":{"line":113,"column":15},"end":{"line":113,"column":17}},"53":{"start":{"line":114,"column":2},"end":{"line":118,"column":50}},"54":{"start":{"line":115,"column":4},"end":{"line":117,"column":5}},"55":{"start":{"line":116,"column":6},"end":{"line":116,"column":64}},"56":{"start":{"line":120,"column":2},"end":{"line":120,"column":34}},"57":{"start":{"line":122,"column":2},"end":{"line":124,"column":3}},"58":{"start":{"line":123,"column":4},"end":{"line":123,"column":32}},"59":{"start":{"line":126,"column":2},"end":{"line":128,"column":3}},"60":{"start":{"line":127,"column":4},"end":{"line":127,"column":31}},"61":{"start":{"line":131,"column":2},"end":{"line":133,"column":3}},"62":{"start":{"line":132,"column":4},"end":{"line":132,"column":61}},"63":{"start":{"line":135,"column":2},"end":{"line":141,"column":3}},"64":{"start":{"line":136,"column":4},"end":{"line":136,"column":65}},"65":{"start":{"line":137,"column":4},"end":{"line":137,"column":75}},"66":{"start":{"line":138,"column":4},"end":{"line":138,"column":57}},"67":{"start":{"line":140,"column":4},"end":{"line":140,"column":82}},"68":{"start":{"line":150,"column":0},"end":{"line":209,"column":3}},"69":{"start":{"line":151,"column":30},"end":{"line":151,"column":39}},"70":{"start":{"line":153,"column":15},"end":{"line":153,"column":17}},"71":{"start":{"line":154,"column":2},"end":{"line":160,"column":3}},"72":{"start":{"line":155,"column":4},"end":{"line":159,"column":34}},"73":{"start":{"line":156,"column":6},"end":{"line":158,"column":13}},"74":{"start":{"line":162,"column":2},"end":{"line":164,"column":3}},"75":{"start":{"line":163,"column":4},"end":{"line":163,"column":84}},"76":{"start":{"line":165,"column":2},"end":{"line":167,"column":3}},"77":{"start":{"line":166,"column":4},"end":{"line":166,"column":70}},"78":{"start":{"line":169,"column":19},"end":{"line":169,"column":92}},"79":{"start":{"line":172,"column":2},"end":{"line":179,"column":3}},"80":{"start":{"line":175,"column":17},"end":{"line":175,"column":64}},"81":{"start":{"line":176,"column":4},"end":{"line":176,"column":75}},"82":{"start":{"line":178,"column":4},"end":{"line":178,"column":63}},"83":{"start":{"line":181,"column":2},"end":{"line":208,"column":3}},"84":{"start":{"line":182,"column":20},"end":{"line":182,"column":22}},"85":{"start":{"line":183,"column":19},"end":{"line":183,"column":64}},"86":{"start":{"line":184,"column":4},"end":{"line":184,"column":62}},"87":{"start":{"line":184,"column":16},"end":{"line":184,"column":62}},"88":{"start":{"line":186,"column":21},"end":{"line":189,"column":6}},"89":{"start":{"line":190,"column":4},"end":{"line":192,"column":5}},"90":{"start":{"line":191,"column":6},"end":{"line":191,"column":89}},"91":{"start":{"line":193,"column":17},"end":{"line":193,"column":38}},"92":{"start":{"line":196,"column":4},"end":{"line":204,"column":5}},"93":{"start":{"line":197,"column":6},"end":{"line":199,"column":13}},"94":{"start":{"line":198,"column":32},"end":{"line":198,"column":64}},"95":{"start":{"line":201,"column":6},"end":{"line":203,"column":13}},"96":{"start":{"line":202,"column":34},"end":{"line":202,"column":68}},"97":{"start":{"line":205,"column":4},"end":{"line":205,"column":32}},"98":{"start":{"line":207,"column":4},"end":{"line":207,"column":87}},"99":{"start":{"line":215,"column":0},"end":{"line":223,"column":3}},"100":{"start":{"line":216,"column":2},"end":{"line":222,"column":3}},"101":{"start":{"line":217,"column":20},"end":{"line":217,"column":54}},"102":{"start":{"line":218,"column":18},"end":{"line":218,"column":73}},"103":{"start":{"line":218,"column":40},"end":{"line":218,"column":72}},"104":{"start":{"line":219,"column":4},"end":{"line":219,"column":31}},"105":{"start":{"line":221,"column":4},"end":{"line":221,"column":80}},"106":{"start":{"line":230,"column":0},"end":{"line":241,"column":3}},"107":{"start":{"line":231,"column":20},"end":{"line":231,"column":28}},"108":{"start":{"line":232,"column":14},"end":{"line":232,"column":49}},"109":{"start":{"line":233,"column":2},"end":{"line":233,"column":55}},"110":{"start":{"line":233,"column":11},"end":{"line":233,"column":55}},"111":{"start":{"line":235,"column":2},"end":{"line":240,"column":3}},"112":{"start":{"line":236,"column":19},"end":{"line":236,"column":46}},"113":{"start":{"line":237,"column":4},"end":{"line":237,"column":28}},"114":{"start":{"line":239,"column":4},"end":{"line":239,"column":79}},"115":{"start":{"line":248,"column":0},"end":{"line":259,"column":3}},"116":{"start":{"line":249,"column":19},"end":{"line":249,"column":27}},"117":{"start":{"line":250,"column":14},"end":{"line":250,"column":47}},"118":{"start":{"line":251,"column":2},"end":{"line":251,"column":55}},"119":{"start":{"line":251,"column":11},"end":{"line":251,"column":55}},"120":{"start":{"line":253,"column":2},"end":{"line":258,"column":3}},"121":{"start":{"line":254,"column":19},"end":{"line":254,"column":54}},"122":{"start":{"line":255,"column":4},"end":{"line":255,"column":28}},"123":{"start":{"line":257,"column":4},"end":{"line":257,"column":84}},"124":{"start":{"line":266,"column":0},"end":{"line":285,"column":3}},"125":{"start":{"line":267,"column":2},"end":{"line":284,"column":5}},"126":{"start":{"line":268,"column":4},"end":{"line":270,"column":5}},"127":{"start":{"line":269,"column":6},"end":{"line":269,"column":58}},"128":{"start":{"line":271,"column":4},"end":{"line":273,"column":5}},"129":{"start":{"line":272,"column":6},"end":{"line":272,"column":97}},"130":{"start":{"line":275,"column":4},"end":{"line":283,"column":5}},"131":{"start":{"line":276,"column":6},"end":{"line":276,"column":21}},"132":{"start":{"line":277,"column":6},"end":{"line":277,"column":100}},"133":{"start":{"line":279,"column":6},"end":{"line":281,"column":7}},"134":{"start":{"line":280,"column":8},"end":{"line":280,"column":58}},"135":{"start":{"line":282,"column":6},"end":{"line":282,"column":79}},"136":{"start":{"line":292,"column":0},"end":{"line":317,"column":3}},"137":{"start":{"line":293,"column":23},"end":{"line":293,"column":31}},"138":{"start":{"line":294,"column":14},"end":{"line":294,"column":55}},"139":{"start":{"line":295,"column":2},"end":{"line":295,"column":55}},"140":{"start":{"line":295,"column":11},"end":{"line":295,"column":55}},"141":{"start":{"line":298,"column":2},"end":{"line":300,"column":3}},"142":{"start":{"line":299,"column":4},"end":{"line":299,"column":95}},"143":{"start":{"line":302,"column":19},"end":{"line":302,"column":47}},"144":{"start":{"line":303,"column":2},"end":{"line":305,"column":3}},"145":{"start":{"line":304,"column":4},"end":{"line":304,"column":74}},"146":{"start":{"line":307,"column":2},"end":{"line":316,"column":3}},"147":{"start":{"line":308,"column":4},"end":{"line":308,"column":28}},"148":{"start":{"line":309,"column":4},"end":{"line":309,"column":19}},"149":{"start":{"line":310,"column":4},"end":{"line":310,"column":84}},"150":{"start":{"line":312,"column":4},"end":{"line":314,"column":5}},"151":{"start":{"line":313,"column":6},"end":{"line":313,"column":56}},"152":{"start":{"line":315,"column":4},"end":{"line":315,"column":77}},"153":{"start":{"line":332,"column":2},"end":{"line":334,"column":3}},"154":{"start":{"line":333,"column":4},"end":{"line":333,"column":125}},"155":{"start":{"line":335,"column":17},"end":{"line":335,"column":46}},"156":{"start":{"line":336,"column":15},"end":{"line":336,"column":51}},"157":{"start":{"line":337,"column":2},"end":{"line":339,"column":3}},"158":{"start":{"line":338,"column":4},"end":{"line":338,"column":98}},"159":{"start":{"line":340,"column":2},"end":{"line":340,"column":14}},"160":{"start":{"line":354,"column":22},"end":{"line":354,"column":28}},"161":{"start":{"line":355,"column":23},"end":{"line":355,"column":30}},"162":{"start":{"line":356,"column":33},"end":{"line":356,"column":47}},"163":{"start":{"line":360,"column":28},"end":{"line":360,"column":31}},"164":{"start":{"line":364,"column":34},"end":{"line":364,"column":38}},"165":{"start":{"line":365,"column":30},"end":{"line":365,"column":34}},"166":{"start":{"line":378,"column":21},"end":{"line":384,"column":4}},"167":{"start":{"line":385,"column":2},"end":{"line":385,"column":70}},"168":{"start":{"line":396,"column":23},"end":{"line":396,"column":72}},"169":{"start":{"line":403,"column":23},"end":{"line":403,"column":63}},"170":{"start":{"line":415,"column":2},"end":{"line":418,"column":41}},"171":{"start":{"line":434,"column":20},"end":{"line":437,"column":20}},"172":{"start":{"line":436,"column":16},"end":{"line":436,"column":24}},"173":{"start":{"line":438,"column":2},"end":{"line":438,"column":39}},"174":{"start":{"line":438,"column":25},"end":{"line":438,"column":39}},"175":{"start":{"line":440,"column":17},"end":{"line":440,"column":19}},"176":{"start":{"line":441,"column":16},"end":{"line":441,"column":18}},"177":{"start":{"line":442,"column":2},"end":{"line":459,"column":3}},"178":{"start":{"line":443,"column":4},"end":{"line":458,"column":5}},"179":{"start":{"line":444,"column":6},"end":{"line":444,"column":58}},"180":{"start":{"line":444,"column":21},"end":{"line":444,"column":42}},"181":{"start":{"line":444,"column":43},"end":{"line":444,"column":56}},"182":{"start":{"line":445,"column":22},"end":{"line":445,"column":30}},"183":{"start":{"line":446,"column":6},"end":{"line":451,"column":7}},"184":{"start":{"line":447,"column":20},"end":{"line":447,"column":67}},"185":{"start":{"line":448,"column":32},"end":{"line":448,"column":39}},"186":{"start":{"line":449,"column":8},"end":{"line":449,"column":105}},"187":{"start":{"line":450,"column":8},"end":{"line":450,"column":85}},"188":{"start":{"line":452,"column":6},"end":{"line":452,"column":26}},"189":{"start":{"line":453,"column":11},"end":{"line":458,"column":5}},"190":{"start":{"line":454,"column":6},"end":{"line":454,"column":27}},"191":{"start":{"line":455,"column":6},"end":{"line":455,"column":25}},"192":{"start":{"line":457,"column":6},"end":{"line":457,"column":62}},"193":{"start":{"line":460,"column":2},"end":{"line":460,"column":36}},"194":{"start":{"line":460,"column":15},"end":{"line":460,"column":36}},"195":{"start":{"line":461,"column":2},"end":{"line":461,"column":41}},"196":{"start":{"line":487,"column":20},"end":{"line":487,"column":44}},"197":{"start":{"line":488,"column":23},"end":{"line":488,"column":38}},"198":{"start":{"line":489,"column":23},"end":{"line":489,"column":33}},"199":{"start":{"line":490,"column":17},"end":{"line":490,"column":19}},"200":{"start":{"line":491,"column":2},"end":{"line":510,"column":3}},"201":{"start":{"line":492,"column":20},"end":{"line":492,"column":25}},"202":{"start":{"line":494,"column":25},"end":{"line":494,"column":56}},"203":{"start":{"line":495,"column":4},"end":{"line":498,"column":5}},"204":{"start":{"line":496,"column":6},"end":{"line":496,"column":39}},"205":{"start":{"line":497,"column":6},"end":{"line":497,"column":58}},"206":{"start":{"line":500,"column":25},"end":{"line":500,"column":56}},"207":{"start":{"line":501,"column":4},"end":{"line":501,"column":74}},"208":{"start":{"line":501,"column":22},"end":{"line":501,"column":74}},"209":{"start":{"line":503,"column":29},"end":{"line":503,"column":87}},"210":{"start":{"line":504,"column":22},"end":{"line":504,"column":107}},"211":{"start":{"line":507,"column":4},"end":{"line":509,"column":5}},"212":{"start":{"line":508,"column":6},"end":{"line":508,"column":23}},"213":{"start":{"line":511,"column":2},"end":{"line":511,"column":16}},"214":{"start":{"line":533,"column":2},"end":{"line":533,"column":51}},"215":{"start":{"line":533,"column":36},"end":{"line":533,"column":51}},"216":{"start":{"line":538,"column":19},"end":{"line":538,"column":52}},"217":{"start":{"line":540,"column":16},"end":{"line":540,"column":18}},"218":{"start":{"line":541,"column":16},"end":{"line":541,"column":17}},"219":{"start":{"line":544,"column":2},"end":{"line":553,"column":3}},"220":{"start":{"line":546,"column":19},"end":{"line":546,"column":64}},"221":{"start":{"line":547,"column":4},"end":{"line":549,"column":5}},"222":{"start":{"line":548,"column":6},"end":{"line":548,"column":76}},"223":{"start":{"line":551,"column":4},"end":{"line":551,"column":83}},"224":{"start":{"line":552,"column":4},"end":{"line":552,"column":44}},"225":{"start":{"line":556,"column":19},"end":{"line":556,"column":51}},"226":{"start":{"line":557,"column":2},"end":{"line":559,"column":3}},"227":{"start":{"line":558,"column":4},"end":{"line":558,"column":76}},"228":{"start":{"line":562,"column":2},"end":{"line":562,"column":44}},"229":{"start":{"line":583,"column":19},"end":{"line":583,"column":84}},"230":{"start":{"line":584,"column":20},"end":{"line":584,"column":63}},"231":{"start":{"line":586,"column":2},"end":{"line":588,"column":3}},"232":{"start":{"line":587,"column":4},"end":{"line":587,"column":58}},"233":{"start":{"line":590,"column":19},"end":{"line":590,"column":67}},"234":{"start":{"line":591,"column":20},"end":{"line":591,"column":28}},"235":{"start":{"line":592,"column":2},"end":{"line":592,"column":44}},"236":{"start":{"line":592,"column":15},"end":{"line":592,"column":44}},"237":{"start":{"line":593,"column":2},"end":{"line":593,"column":79}},"238":{"start":{"line":593,"column":40},"end":{"line":593,"column":79}},"239":{"start":{"line":594,"column":2},"end":{"line":594,"column":67}},"240":{"start":{"line":594,"column":36},"end":{"line":594,"column":67}},"241":{"start":{"line":595,"column":2},"end":{"line":595,"column":62}},"242":{"start":{"line":595,"column":21},"end":{"line":595,"column":62}},"243":{"start":{"line":597,"column":19},"end":{"line":602,"column":4}},"244":{"start":{"line":604,"column":2},"end":{"line":607,"column":3}},"245":{"start":{"line":605,"column":19},"end":{"line":605,"column":73}},"246":{"start":{"line":605,"column":53},"end":{"line":605,"column":72}},"247":{"start":{"line":606,"column":4},"end":{"line":606,"column":52}},"248":{"start":{"line":609,"column":22},"end":{"line":609,"column":50}},"249":{"start":{"line":610,"column":14},"end":{"line":610,"column":38}},"250":{"start":{"line":611,"column":2},"end":{"line":615,"column":3}},"251":{"start":{"line":612,"column":4},"end":{"line":612,"column":37}},"252":{"start":{"line":614,"column":4},"end":{"line":614,"column":78}},"253":{"start":{"line":616,"column":2},"end":{"line":616,"column":29}},"254":{"start":{"line":619,"column":0},"end":{"line":640,"column":3}},"255":{"start":{"line":620,"column":71},"end":{"line":620,"column":79}},"256":{"start":{"line":621,"column":14},"end":{"line":621,"column":47}},"257":{"start":{"line":622,"column":2},"end":{"line":622,"column":55}},"258":{"start":{"line":622,"column":11},"end":{"line":622,"column":55}},"259":{"start":{"line":624,"column":18},"end":{"line":624,"column":53}},"260":{"start":{"line":625,"column":18},"end":{"line":625,"column":69}},"261":{"start":{"line":626,"column":24},"end":{"line":626,"column":87}},"262":{"start":{"line":628,"column":2},"end":{"line":639,"column":3}},"263":{"start":{"line":629,"column":25},"end":{"line":629,"column":108}},"264":{"start":{"line":630,"column":4},"end":{"line":630,"column":41}},"265":{"start":{"line":631,"column":4},"end":{"line":631,"column":50}},"266":{"start":{"line":632,"column":4},"end":{"line":632,"column":49}},"267":{"start":{"line":633,"column":4},"end":{"line":633,"column":25}},"268":{"start":{"line":635,"column":4},"end":{"line":637,"column":5}},"269":{"start":{"line":636,"column":6},"end":{"line":636,"column":56}},"270":{"start":{"line":638,"column":4},"end":{"line":638,"column":61}},"271":{"start":{"line":650,"column":0},"end":{"line":675,"column":3}},"272":{"start":{"line":651,"column":71},"end":{"line":651,"column":79}},"273":{"start":{"line":652,"column":14},"end":{"line":652,"column":47}},"274":{"start":{"line":653,"column":2},"end":{"line":653,"column":55}},"275":{"start":{"line":653,"column":11},"end":{"line":653,"column":55}},"276":{"start":{"line":655,"column":18},"end":{"line":655,"column":53}},"277":{"start":{"line":656,"column":18},"end":{"line":656,"column":69}},"278":{"start":{"line":657,"column":24},"end":{"line":657,"column":87}},"279":{"start":{"line":659,"column":19},"end":{"line":659,"column":89}},"280":{"start":{"line":660,"column":20},"end":{"line":660,"column":63}},"281":{"start":{"line":662,"column":2},"end":{"line":664,"column":3}},"282":{"start":{"line":663,"column":4},"end":{"line":663,"column":33}},"283":{"start":{"line":666,"column":2},"end":{"line":674,"column":3}},"284":{"start":{"line":667,"column":16},"end":{"line":667,"column":42}},"285":{"start":{"line":668,"column":4},"end":{"line":668,"column":41}},"286":{"start":{"line":669,"column":4},"end":{"line":669,"column":50}},"287":{"start":{"line":670,"column":4},"end":{"line":670,"column":34}},"288":{"start":{"line":671,"column":4},"end":{"line":671,"column":25}},"289":{"start":{"line":673,"column":4},"end":{"line":673,"column":33}},"290":{"start":{"line":682,"column":21},"end":{"line":682,"column":30}},"291":{"start":{"line":697,"column":16},"end":{"line":697,"column":35}},"292":{"start":{"line":698,"column":17},"end":{"line":698,"column":87}},"293":{"start":{"line":699,"column":14},"end":{"line":699,"column":77}},"294":{"start":{"line":700,"column":2},"end":{"line":700,"column":31}},"295":{"start":{"line":702,"column":2},"end":{"line":731,"column":7}},"296":{"start":{"line":703,"column":26},"end":{"line":703,"column":28}},"297":{"start":{"line":704,"column":4},"end":{"line":715,"column":5}},"298":{"start":{"line":705,"column":6},"end":{"line":705,"column":44}},"299":{"start":{"line":705,"column":38},"end":{"line":705,"column":44}},"300":{"start":{"line":706,"column":23},"end":{"line":706,"column":94}},"301":{"start":{"line":707,"column":6},"end":{"line":713,"column":7}},"302":{"start":{"line":708,"column":8},"end":{"line":708,"column":93}},"303":{"start":{"line":709,"column":8},"end":{"line":709,"column":37}},"304":{"start":{"line":711,"column":8},"end":{"line":711,"column":21}},"305":{"start":{"line":712,"column":8},"end":{"line":712,"column":72}},"306":{"start":{"line":714,"column":6},"end":{"line":714,"column":17}},"307":{"start":{"line":716,"column":4},"end":{"line":716,"column":28}},"308":{"start":{"line":719,"column":4},"end":{"line":726,"column":5}},"309":{"start":{"line":720,"column":6},"end":{"line":725,"column":7}},"310":{"start":{"line":721,"column":25},"end":{"line":721,"column":73}},"311":{"start":{"line":722,"column":8},"end":{"line":722,"column":88}},"312":{"start":{"line":724,"column":8},"end":{"line":724,"column":77}},"313":{"start":{"line":730,"column":4},"end":{"line":730,"column":83}},"314":{"start":{"line":730,"column":21},"end":{"line":730,"column":47}},"315":{"start":{"line":733,"column":2},"end":{"line":733,"column":15}},"316":{"start":{"line":740,"column":0},"end":{"line":751,"column":3}},"317":{"start":{"line":741,"column":19},"end":{"line":741,"column":67}},"318":{"start":{"line":742,"column":2},"end":{"line":750,"column":3}},"319":{"start":{"line":743,"column":21},"end":{"line":743,"column":93}},"320":{"start":{"line":744,"column":4},"end":{"line":746,"column":5}},"321":{"start":{"line":745,"column":6},"end":{"line":745,"column":91}},"322":{"start":{"line":747,"column":4},"end":{"line":747,"column":43}},"323":{"start":{"line":749,"column":4},"end":{"line":749,"column":61}},"324":{"start":{"line":759,"column":0},"end":{"line":769,"column":3}},"325":{"start":{"line":760,"column":2},"end":{"line":768,"column":3}},"326":{"start":{"line":761,"column":18},"end":{"line":761,"column":81}},"327":{"start":{"line":761,"column":62},"end":{"line":761,"column":80}},"328":{"start":{"line":762,"column":4},"end":{"line":764,"column":5}},"329":{"start":{"line":763,"column":6},"end":{"line":763,"column":49}},"330":{"start":{"line":765,"column":4},"end":{"line":765,"column":103}},"331":{"start":{"line":767,"column":4},"end":{"line":767,"column":86}},"332":{"start":{"line":776,"column":20},"end":{"line":779,"column":2}},"333":{"start":{"line":781,"column":0},"end":{"line":815,"column":3}},"334":{"start":{"line":782,"column":2},"end":{"line":814,"column":5}},"335":{"start":{"line":783,"column":4},"end":{"line":783,"column":65}},"336":{"start":{"line":783,"column":13},"end":{"line":783,"column":65}},"337":{"start":{"line":784,"column":4},"end":{"line":784,"column":113}},"338":{"start":{"line":784,"column":19},"end":{"line":784,"column":113}},"339":{"start":{"line":786,"column":17},"end":{"line":786,"column":78}},"340":{"start":{"line":787,"column":4},"end":{"line":789,"column":5}},"341":{"start":{"line":788,"column":6},"end":{"line":788,"column":117}},"342":{"start":{"line":791,"column":21},"end":{"line":791,"column":69}},"343":{"start":{"line":793,"column":4},"end":{"line":813,"column":5}},"344":{"start":{"line":794,"column":23},"end":{"line":794,"column":37}},"345":{"start":{"line":795,"column":6},"end":{"line":799,"column":8}},"346":{"start":{"line":801,"column":23},"end":{"line":804,"column":7}},"347":{"start":{"line":806,"column":6},"end":{"line":809,"column":7}},"348":{"start":{"line":807,"column":23},"end":{"line":807,"column":77}},"349":{"start":{"line":807,"column":57},"end":{"line":807,"column":76}},"350":{"start":{"line":808,"column":8},"end":{"line":808,"column":79}},"351":{"start":{"line":810,"column":6},"end":{"line":810,"column":45}},"352":{"start":{"line":812,"column":6},"end":{"line":812,"column":63}},"353":{"start":{"line":821,"column":0},"end":{"line":840,"column":3}},"354":{"start":{"line":822,"column":17},"end":{"line":822,"column":27}},"355":{"start":{"line":823,"column":2},"end":{"line":825,"column":3}},"356":{"start":{"line":824,"column":4},"end":{"line":824,"column":71}},"357":{"start":{"line":826,"column":19},"end":{"line":826,"column":67}},"358":{"start":{"line":827,"column":2},"end":{"line":839,"column":3}},"359":{"start":{"line":828,"column":21},"end":{"line":831,"column":6}},"360":{"start":{"line":832,"column":4},"end":{"line":835,"column":5}},"361":{"start":{"line":833,"column":21},"end":{"line":833,"column":75}},"362":{"start":{"line":833,"column":55},"end":{"line":833,"column":74}},"363":{"start":{"line":834,"column":6},"end":{"line":834,"column":109}},"364":{"start":{"line":836,"column":4},"end":{"line":836,"column":43}},"365":{"start":{"line":838,"column":4},"end":{"line":838,"column":61}},"366":{"start":{"line":846,"column":0},"end":{"line":852,"column":3}},"367":{"start":{"line":847,"column":2},"end":{"line":851,"column":3}},"368":{"start":{"line":848,"column":4},"end":{"line":848,"column":47}},"369":{"start":{"line":850,"column":4},"end":{"line":850,"column":83}},"370":{"start":{"line":858,"column":0},"end":{"line":871,"column":3}},"371":{"start":{"line":859,"column":17},"end":{"line":859,"column":27}},"372":{"start":{"line":860,"column":2},"end":{"line":862,"column":3}},"373":{"start":{"line":861,"column":4},"end":{"line":861,"column":71}},"374":{"start":{"line":863,"column":2},"end":{"line":870,"column":3}},"375":{"start":{"line":864,"column":4},"end":{"line":864,"column":35}},"376":{"start":{"line":866,"column":4},"end":{"line":868,"column":5}},"377":{"start":{"line":867,"column":6},"end":{"line":867,"column":56}},"378":{"start":{"line":869,"column":4},"end":{"line":869,"column":81}},"379":{"start":{"line":878,"column":0},"end":{"line":896,"column":3}},"380":{"start":{"line":879,"column":33},"end":{"line":879,"column":41}},"381":{"start":{"line":881,"column":19},"end":{"line":881,"column":54}},"382":{"start":{"line":882,"column":2},"end":{"line":882,"column":65}},"383":{"start":{"line":882,"column":16},"end":{"line":882,"column":65}},"384":{"start":{"line":884,"column":19},"end":{"line":884,"column":54}},"385":{"start":{"line":885,"column":2},"end":{"line":885,"column":65}},"386":{"start":{"line":885,"column":16},"end":{"line":885,"column":65}},"387":{"start":{"line":887,"column":18},"end":{"line":887,"column":51}},"388":{"start":{"line":888,"column":2},"end":{"line":888,"column":63}},"389":{"start":{"line":888,"column":15},"end":{"line":888,"column":63}},"390":{"start":{"line":890,"column":2},"end":{"line":895,"column":3}},"391":{"start":{"line":891,"column":19},"end":{"line":891,"column":78}},"392":{"start":{"line":892,"column":4},"end":{"line":892,"column":40}},"393":{"start":{"line":894,"column":4},"end":{"line":894,"column":83}},"394":{"start":{"line":904,"column":0},"end":{"line":931,"column":3}},"395":{"start":{"line":905,"column":17},"end":{"line":905,"column":27}},"396":{"start":{"line":906,"column":55},"end":{"line":906,"column":63}},"397":{"start":{"line":908,"column":2},"end":{"line":910,"column":3}},"398":{"start":{"line":909,"column":4},"end":{"line":909,"column":71}},"399":{"start":{"line":912,"column":2},"end":{"line":914,"column":3}},"400":{"start":{"line":913,"column":4},"end":{"line":913,"column":108}},"401":{"start":{"line":916,"column":17},"end":{"line":916,"column":76}},"402":{"start":{"line":917,"column":20},"end":{"line":917,"column":22}},"403":{"start":{"line":918,"column":2},"end":{"line":920,"column":3}},"404":{"start":{"line":919,"column":4},"end":{"line":919,"column":40}},"405":{"start":{"line":922,"column":2},"end":{"line":930,"column":3}},"406":{"start":{"line":923,"column":19},"end":{"line":923,"column":84}},"407":{"start":{"line":924,"column":4},"end":{"line":924,"column":40}},"408":{"start":{"line":926,"column":4},"end":{"line":928,"column":5}},"409":{"start":{"line":927,"column":6},"end":{"line":927,"column":56}},"410":{"start":{"line":929,"column":4},"end":{"line":929,"column":85}},"411":{"start":{"line":937,"column":0},"end":{"line":958,"column":3}},"412":{"start":{"line":938,"column":44},"end":{"line":938,"column":54}},"413":{"start":{"line":939,"column":24},"end":{"line":939,"column":48}},"414":{"start":{"line":941,"column":2},"end":{"line":943,"column":3}},"415":{"start":{"line":942,"column":4},"end":{"line":942,"column":71}},"416":{"start":{"line":945,"column":2},"end":{"line":947,"column":3}},"417":{"start":{"line":946,"column":4},"end":{"line":946,"column":70}},"418":{"start":{"line":949,"column":2},"end":{"line":957,"column":3}},"419":{"start":{"line":950,"column":19},"end":{"line":950,"column":63}},"420":{"start":{"line":951,"column":4},"end":{"line":951,"column":28}},"421":{"start":{"line":953,"column":4},"end":{"line":955,"column":5}},"422":{"start":{"line":954,"column":6},"end":{"line":954,"column":56}},"423":{"start":{"line":956,"column":4},"end":{"line":956,"column":81}},"424":{"start":{"line":965,"column":0},"end":{"line":993,"column":3}},"425":{"start":{"line":966,"column":17},"end":{"line":966,"column":27}},"426":{"start":{"line":967,"column":2},"end":{"line":969,"column":3}},"427":{"start":{"line":968,"column":4},"end":{"line":968,"column":71}},"428":{"start":{"line":970,"column":2},"end":{"line":992,"column":3}},"429":{"start":{"line":973,"column":21},"end":{"line":973,"column":64}},"430":{"start":{"line":974,"column":4},"end":{"line":983,"column":5}},"431":{"start":{"line":975,"column":19},"end":{"line":975,"column":80}},"432":{"start":{"line":977,"column":6},"end":{"line":981,"column":7}},"433":{"start":{"line":978,"column":8},"end":{"line":978,"column":43}},"434":{"start":{"line":978,"column":34},"end":{"line":978,"column":43}},"435":{"start":{"line":979,"column":24},"end":{"line":979,"column":62}},"436":{"start":{"line":980,"column":8},"end":{"line":980,"column":90}},"437":{"start":{"line":980,"column":14},"end":{"line":980,"column":65}},"438":{"start":{"line":980,"column":42},"end":{"line":980,"column":65}},"439":{"start":{"line":982,"column":6},"end":{"line":982,"column":61}},"440":{"start":{"line":982,"column":12},"end":{"line":982,"column":36}},"441":{"start":{"line":985,"column":19},"end":{"line":985,"column":40}},"442":{"start":{"line":986,"column":4},"end":{"line":986,"column":28}},"443":{"start":{"line":988,"column":4},"end":{"line":990,"column":5}},"444":{"start":{"line":989,"column":6},"end":{"line":989,"column":56}},"445":{"start":{"line":991,"column":4},"end":{"line":991,"column":79}},"446":{"start":{"line":1002,"column":0},"end":{"line":1031,"column":3}},"447":{"start":{"line":1003,"column":22},"end":{"line":1003,"column":32}},"448":{"start":{"line":1004,"column":21},"end":{"line":1004,"column":38}},"449":{"start":{"line":1006,"column":2},"end":{"line":1008,"column":3}},"450":{"start":{"line":1007,"column":4},"end":{"line":1007,"column":71}},"451":{"start":{"line":1009,"column":2},"end":{"line":1011,"column":3}},"452":{"start":{"line":1010,"column":4},"end":{"line":1010,"column":70}},"453":{"start":{"line":1014,"column":2},"end":{"line":1018,"column":3}},"454":{"start":{"line":1015,"column":4},"end":{"line":1015,"column":30}},"455":{"start":{"line":1017,"column":4},"end":{"line":1017,"column":54}},"456":{"start":{"line":1020,"column":18},"end":{"line":1020,"column":81}},"457":{"start":{"line":1020,"column":57},"end":{"line":1020,"column":80}},"458":{"start":{"line":1021,"column":2},"end":{"line":1023,"column":3}},"459":{"start":{"line":1022,"column":4},"end":{"line":1022,"column":94}},"460":{"start":{"line":1025,"column":65},"end":{"line":1025,"column":73}},"461":{"start":{"line":1026,"column":18},"end":{"line":1026,"column":69}},"462":{"start":{"line":1027,"column":24},"end":{"line":1027,"column":87}},"463":{"start":{"line":1029,"column":16},"end":{"line":1029,"column":102}},"464":{"start":{"line":1030,"column":2},"end":{"line":1030,"column":67}},"465":{"start":{"line":1038,"column":0},"end":{"line":1046,"column":3}},"466":{"start":{"line":1039,"column":14},"end":{"line":1039,"column":48}},"467":{"start":{"line":1040,"column":2},"end":{"line":1044,"column":3}},"468":{"start":{"line":1043,"column":4},"end":{"line":1043,"column":74}},"469":{"start":{"line":1045,"column":2},"end":{"line":1045,"column":96}},"470":{"start":{"line":1048,"column":0},"end":{"line":1072,"column":1}},"471":{"start":{"line":1049,"column":2},"end":{"line":1071,"column":5}},"472":{"start":{"line":1050,"column":4},"end":{"line":1050,"column":67}},"473":{"start":{"line":1053,"column":4},"end":{"line":1070,"column":5}},"474":{"start":{"line":1054,"column":19},"end":{"line":1054,"column":21}},"475":{"start":{"line":1055,"column":6},"end":{"line":1059,"column":45}},"476":{"start":{"line":1056,"column":8},"end":{"line":1058,"column":9}},"477":{"start":{"line":1057,"column":10},"end":{"line":1057,"column":68}},"478":{"start":{"line":1061,"column":22},"end":{"line":1061,"column":91}},"479":{"start":{"line":1062,"column":30},"end":{"line":1062,"column":78}},"480":{"start":{"line":1063,"column":21},"end":{"line":1063,"column":53}},"481":{"start":{"line":1065,"column":6},"end":{"line":1067,"column":7}},"482":{"start":{"line":1066,"column":8},"end":{"line":1066,"column":135}},"483":{"start":{"line":1069,"column":6},"end":{"line":1069,"column":76}},"484":{"start":{"line":1074,"column":0},"end":{"line":1074,"column":21}}},"fnMap":{"0":{"name":"(anonymous_0)","decl":{"start":{"line":36,"column":15},"end":{"line":36,"column":16}},"loc":{"start":{"line":36,"column":36},"end":{"line":36,"column":53}},"line":36},"1":{"name":"(anonymous_1)","decl":{"start":{"line":37,"column":12},"end":{"line":37,"column":13}},"loc":{"start":{"line":37,"column":32},"end":{"line":37,"column":59}},"line":37},"2":{"name":"(anonymous_2)","decl":{"start":{"line":42,"column":14},"end":{"line":42,"column":15}},"loc":{"start":{"line":42,"column":34},"end":{"line":47,"column":3}},"line":42},"3":{"name":"validateStringField","decl":{"start":{"line":60,"column":9},"end":{"line":60,"column":28}},"loc":{"start":{"line":60,"column":47},"end":{"line":65,"column":1}},"line":60},"4":{"name":"(anonymous_4)","decl":{"start":{"line":71,"column":19},"end":{"line":71,"column":20}},"loc":{"start":{"line":71,"column":34},"end":{"line":86,"column":1}},"line":71},"5":{"name":"(anonymous_5)","decl":{"start":{"line":95,"column":20},"end":{"line":95,"column":21}},"loc":{"start":{"line":95,"column":34},"end":{"line":142,"column":1}},"line":95},"6":{"name":"(anonymous_6)","decl":{"start":{"line":150,"column":19},"end":{"line":150,"column":20}},"loc":{"start":{"line":150,"column":39},"end":{"line":209,"column":1}},"line":150},"7":{"name":"(anonymous_7)","decl":{"start":{"line":198,"column":24},"end":{"line":198,"column":25}},"loc":{"start":{"line":198,"column":32},"end":{"line":198,"column":64}},"line":198},"8":{"name":"(anonymous_8)","decl":{"start":{"line":202,"column":26},"end":{"line":202,"column":27}},"loc":{"start":{"line":202,"column":34},"end":{"line":202,"column":68}},"line":202},"9":{"name":"(anonymous_9)","decl":{"start":{"line":215,"column":17},"end":{"line":215,"column":18}},"loc":{"start":{"line":215,"column":38},"end":{"line":223,"column":1}},"line":215},"10":{"name":"(anonymous_10)","decl":{"start":{"line":218,"column":33},"end":{"line":218,"column":34}},"loc":{"start":{"line":218,"column":40},"end":{"line":218,"column":72}},"line":218},"11":{"name":"(anonymous_11)","decl":{"start":{"line":230,"column":17},"end":{"line":230,"column":18}},"loc":{"start":{"line":230,"column":37},"end":{"line":241,"column":1}},"line":230},"12":{"name":"(anonymous_12)","decl":{"start":{"line":248,"column":21},"end":{"line":248,"column":22}},"loc":{"start":{"line":248,"column":41},"end":{"line":259,"column":1}},"line":248},"13":{"name":"(anonymous_13)","decl":{"start":{"line":266,"column":20},"end":{"line":266,"column":21}},"loc":{"start":{"line":266,"column":34},"end":{"line":285,"column":1}},"line":266},"14":{"name":"(anonymous_14)","decl":{"start":{"line":267,"column":34},"end":{"line":267,"column":35}},"loc":{"start":{"line":267,"column":49},"end":{"line":284,"column":3}},"line":267},"15":{"name":"(anonymous_15)","decl":{"start":{"line":292,"column":19},"end":{"line":292,"column":20}},"loc":{"start":{"line":292,"column":39},"end":{"line":317,"column":1}},"line":292},"16":{"name":"ttsFetchError","decl":{"start":{"line":331,"column":9},"end":{"line":331,"column":22}},"loc":{"start":{"line":331,"column":26},"end":{"line":341,"column":1}},"line":331},"17":{"name":"ttsCacheKey","decl":{"start":{"line":377,"column":9},"end":{"line":377,"column":20}},"loc":{"start":{"line":377,"column":75},"end":{"line":386,"column":1}},"line":377},"18":{"name":"stripTTSTags","decl":{"start":{"line":414,"column":9},"end":{"line":414,"column":21}},"loc":{"start":{"line":414,"column":28},"end":{"line":419,"column":1}},"line":414},"19":{"name":"splitIntoTTSChunks","decl":{"start":{"line":430,"column":9},"end":{"line":430,"column":27}},"loc":{"start":{"line":430,"column":34},"end":{"line":462,"column":1}},"line":430},"20":{"name":"(anonymous_20)","decl":{"start":{"line":436,"column":9},"end":{"line":436,"column":10}},"loc":{"start":{"line":436,"column":16},"end":{"line":436,"column":24}},"line":436},"21":{"name":"splitIntoTTSChunksWithEmotion","decl":{"start":{"line":486,"column":9},"end":{"line":486,"column":38}},"loc":{"start":{"line":486,"column":74},"end":{"line":512,"column":1}},"line":486},"22":{"name":"splitDialogueFromAttribution","decl":{"start":{"line":532,"column":9},"end":{"line":532,"column":37}},"loc":{"start":{"line":532,"column":45},"end":{"line":563,"column":1}},"line":532},"23":{"name":"_ensureAudioCached","decl":{"start":{"line":582,"column":15},"end":{"line":582,"column":33}},"loc":{"start":{"line":582,"column":88},"end":{"line":617,"column":1}},"line":582},"24":{"name":"(anonymous_24)","decl":{"start":{"line":605,"column":47},"end":{"line":605,"column":48}},"loc":{"start":{"line":605,"column":53},"end":{"line":605,"column":72}},"line":605},"25":{"name":"(anonymous_25)","decl":{"start":{"line":619,"column":17},"end":{"line":619,"column":18}},"loc":{"start":{"line":619,"column":37},"end":{"line":640,"column":1}},"line":619},"26":{"name":"(anonymous_26)","decl":{"start":{"line":650,"column":24},"end":{"line":650,"column":25}},"loc":{"start":{"line":650,"column":38},"end":{"line":675,"column":1}},"line":650},"27":{"name":"startPrebakeJob","decl":{"start":{"line":696,"column":9},"end":{"line":696,"column":24}},"loc":{"start":{"line":696,"column":95},"end":{"line":734,"column":1}},"line":696},"28":{"name":"(anonymous_28)","decl":{"start":{"line":702,"column":3},"end":{"line":702,"column":4}},"loc":{"start":{"line":702,"column":15},"end":{"line":731,"column":3}},"line":702},"29":{"name":"(anonymous_29)","decl":{"start":{"line":730,"column":15},"end":{"line":730,"column":16}},"loc":{"start":{"line":730,"column":21},"end":{"line":730,"column":47}},"line":730},"30":{"name":"(anonymous_30)","decl":{"start":{"line":740,"column":23},"end":{"line":740,"column":24}},"loc":{"start":{"line":740,"column":44},"end":{"line":751,"column":1}},"line":740},"31":{"name":"(anonymous_31)","decl":{"start":{"line":759,"column":25},"end":{"line":759,"column":26}},"loc":{"start":{"line":759,"column":40},"end":{"line":769,"column":1}},"line":759},"32":{"name":"(anonymous_32)","decl":{"start":{"line":761,"column":55},"end":{"line":761,"column":56}},"loc":{"start":{"line":761,"column":62},"end":{"line":761,"column":80}},"line":761},"33":{"name":"(anonymous_33)","decl":{"start":{"line":781,"column":23},"end":{"line":781,"column":24}},"loc":{"start":{"line":781,"column":37},"end":{"line":815,"column":1}},"line":781},"34":{"name":"(anonymous_34)","decl":{"start":{"line":782,"column":39},"end":{"line":782,"column":40}},"loc":{"start":{"line":782,"column":54},"end":{"line":814,"column":3}},"line":782},"35":{"name":"(anonymous_35)","decl":{"start":{"line":807,"column":51},"end":{"line":807,"column":52}},"loc":{"start":{"line":807,"column":57},"end":{"line":807,"column":76}},"line":807},"36":{"name":"(anonymous_36)","decl":{"start":{"line":821,"column":29},"end":{"line":821,"column":30}},"loc":{"start":{"line":821,"column":49},"end":{"line":840,"column":1}},"line":821},"37":{"name":"(anonymous_37)","decl":{"start":{"line":833,"column":49},"end":{"line":833,"column":50}},"loc":{"start":{"line":833,"column":55},"end":{"line":833,"column":74}},"line":833},"38":{"name":"(anonymous_38)","decl":{"start":{"line":846,"column":23},"end":{"line":846,"column":24}},"loc":{"start":{"line":846,"column":38},"end":{"line":852,"column":1}},"line":846},"39":{"name":"(anonymous_39)","decl":{"start":{"line":858,"column":22},"end":{"line":858,"column":23}},"loc":{"start":{"line":858,"column":36},"end":{"line":871,"column":1}},"line":858},"40":{"name":"(anonymous_40)","decl":{"start":{"line":878,"column":26},"end":{"line":878,"column":27}},"loc":{"start":{"line":878,"column":46},"end":{"line":896,"column":1}},"line":878},"41":{"name":"(anonymous_41)","decl":{"start":{"line":904,"column":31},"end":{"line":904,"column":32}},"loc":{"start":{"line":904,"column":51},"end":{"line":931,"column":1}},"line":904},"42":{"name":"(anonymous_42)","decl":{"start":{"line":937,"column":48},"end":{"line":937,"column":49}},"loc":{"start":{"line":937,"column":68},"end":{"line":958,"column":1}},"line":937},"43":{"name":"(anonymous_43)","decl":{"start":{"line":965,"column":25},"end":{"line":965,"column":26}},"loc":{"start":{"line":965,"column":39},"end":{"line":993,"column":1}},"line":965},"44":{"name":"(anonymous_44)","decl":{"start":{"line":1002,"column":48},"end":{"line":1002,"column":49}},"loc":{"start":{"line":1002,"column":62},"end":{"line":1031,"column":1}},"line":1002},"45":{"name":"(anonymous_45)","decl":{"start":{"line":1020,"column":50},"end":{"line":1020,"column":51}},"loc":{"start":{"line":1020,"column":57},"end":{"line":1020,"column":80}},"line":1020},"46":{"name":"(anonymous_46)","decl":{"start":{"line":1038,"column":31},"end":{"line":1038,"column":32}},"loc":{"start":{"line":1038,"column":45},"end":{"line":1046,"column":1}},"line":1038},"47":{"name":"(anonymous_47)","decl":{"start":{"line":1049,"column":19},"end":{"line":1049,"column":20}},"loc":{"start":{"line":1049,"column":31},"end":{"line":1071,"column":3}},"line":1049}},"branchMap":{"0":{"loc":{"start":{"line":15,"column":13},"end":{"line":15,"column":37}},"type":"binary-expr","locations":[{"start":{"line":15,"column":13},"end":{"line":15,"column":29}},{"start":{"line":15,"column":33},"end":{"line":15,"column":37}}],"line":15},"1":{"loc":{"start":{"line":43,"column":4},"end":{"line":45,"column":5}},"type":"if","locations":[{"start":{"line":43,"column":4},"end":{"line":45,"column":5}},{"start":{},"end":{}}],"line":43},"2":{"loc":{"start":{"line":61,"column":2},"end":{"line":63,"column":3}},"type":"if","locations":[{"start":{"line":61,"column":2},"end":{"line":63,"column":3}},{"start":{},"end":{}}],"line":61},"3":{"loc":{"start":{"line":61,"column":6},"end":{"line":61,"column":54}},"type":"binary-expr","locations":[{"start":{"line":61,"column":6},"end":{"line":61,"column":31}},{"start":{"line":61,"column":35},"end":{"line":61,"column":54}}],"line":61},"4":{"loc":{"start":{"line":74,"column":4},"end":{"line":76,"column":5}},"type":"if","locations":[{"start":{"line":74,"column":4},"end":{"line":76,"column":5}},{"start":{},"end":{}}],"line":74},"5":{"loc":{"start":{"line":81,"column":13},"end":{"line":81,"column":82}},"type":"binary-expr","locations":[{"start":{"line":81,"column":13},"end":{"line":81,"column":27}},{"start":{"line":81,"column":31},"end":{"line":81,"column":54}},{"start":{"line":81,"column":58},"end":{"line":81,"column":82}}],"line":81},"6":{"loc":{"start":{"line":82,"column":11},"end":{"line":82,"column":59}},"type":"binary-expr","locations":[{"start":{"line":82,"column":11},"end":{"line":82,"column":23}},{"start":{"line":82,"column":27},"end":{"line":82,"column":47}},{"start":{"line":82,"column":51},"end":{"line":82,"column":59}}],"line":82},"7":{"loc":{"start":{"line":83,"column":14},"end":{"line":83,"column":68}},"type":"binary-expr","locations":[{"start":{"line":83,"column":14},"end":{"line":83,"column":29}},{"start":{"line":83,"column":33},"end":{"line":83,"column":56}},{"start":{"line":83,"column":60},"end":{"line":83,"column":68}}],"line":83},"8":{"loc":{"start":{"line":84,"column":23},"end":{"line":84,"column":62}},"type":"binary-expr","locations":[{"start":{"line":84,"column":23},"end":{"line":84,"column":36}},{"start":{"line":84,"column":40},"end":{"line":84,"column":62}}],"line":84},"9":{"loc":{"start":{"line":99,"column":2},"end":{"line":99,"column":61}},"type":"if","locations":[{"start":{"line":99,"column":2},"end":{"line":99,"column":61}},{"start":{},"end":{}}],"line":99},"10":{"loc":{"start":{"line":109,"column":2},"end":{"line":111,"column":3}},"type":"if","locations":[{"start":{"line":109,"column":2},"end":{"line":111,"column":3}},{"start":{},"end":{}}],"line":109},"11":{"loc":{"start":{"line":109,"column":6},"end":{"line":109,"column":67}},"type":"binary-expr","locations":[{"start":{"line":109,"column":6},"end":{"line":109,"column":28}},{"start":{"line":109,"column":32},"end":{"line":109,"column":67}}],"line":109},"12":{"loc":{"start":{"line":115,"column":4},"end":{"line":117,"column":5}},"type":"if","locations":[{"start":{"line":115,"column":4},"end":{"line":117,"column":5}},{"start":{},"end":{}}],"line":115},"13":{"loc":{"start":{"line":122,"column":2},"end":{"line":124,"column":3}},"type":"if","locations":[{"start":{"line":122,"column":2},"end":{"line":124,"column":3}},{"start":{},"end":{}}],"line":122},"14":{"loc":{"start":{"line":122,"column":6},"end":{"line":122,"column":47}},"type":"binary-expr","locations":[{"start":{"line":122,"column":6},"end":{"line":122,"column":31}},{"start":{"line":122,"column":35},"end":{"line":122,"column":47}}],"line":122},"15":{"loc":{"start":{"line":126,"column":2},"end":{"line":128,"column":3}},"type":"if","locations":[{"start":{"line":126,"column":2},"end":{"line":128,"column":3}},{"start":{},"end":{}}],"line":126},"16":{"loc":{"start":{"line":131,"column":2},"end":{"line":133,"column":3}},"type":"if","locations":[{"start":{"line":131,"column":2},"end":{"line":133,"column":3}},{"start":{},"end":{}}],"line":131},"17":{"loc":{"start":{"line":132,"column":20},"end":{"line":132,"column":60}},"type":"cond-expr","locations":[{"start":{"line":132,"column":49},"end":{"line":132,"column":55}},{"start":{"line":132,"column":58},"end":{"line":132,"column":60}}],"line":132},"18":{"loc":{"start":{"line":154,"column":2},"end":{"line":160,"column":3}},"type":"if","locations":[{"start":{"line":154,"column":2},"end":{"line":160,"column":3}},{"start":{},"end":{}}],"line":154},"19":{"loc":{"start":{"line":154,"column":6},"end":{"line":154,"column":27}},"type":"binary-expr","locations":[{"start":{"line":154,"column":6},"end":{"line":154,"column":14}},{"start":{"line":154,"column":18},"end":{"line":154,"column":27}}],"line":154},"20":{"loc":{"start":{"line":156,"column":15},"end":{"line":158,"column":12}},"type":"cond-expr","locations":[{"start":{"line":157,"column":10},"end":{"line":157,"column":58}},{"start":{"line":158,"column":10},"end":{"line":158,"column":12}}],"line":156},"21":{"loc":{"start":{"line":162,"column":2},"end":{"line":164,"column":3}},"type":"if","locations":[{"start":{"line":162,"column":2},"end":{"line":164,"column":3}},{"start":{},"end":{}}],"line":162},"22":{"loc":{"start":{"line":163,"column":14},"end":{"line":163,"column":83}},"type":"binary-expr","locations":[{"start":{"line":163,"column":14},"end":{"line":163,"column":28}},{"start":{"line":163,"column":32},"end":{"line":163,"column":55}},{"start":{"line":163,"column":59},"end":{"line":163,"column":83}}],"line":163},"23":{"loc":{"start":{"line":165,"column":2},"end":{"line":167,"column":3}},"type":"if","locations":[{"start":{"line":165,"column":2},"end":{"line":167,"column":3}},{"start":{},"end":{}}],"line":165},"24":{"loc":{"start":{"line":166,"column":15},"end":{"line":166,"column":69}},"type":"binary-expr","locations":[{"start":{"line":166,"column":15},"end":{"line":166,"column":30}},{"start":{"line":166,"column":34},"end":{"line":166,"column":57}},{"start":{"line":166,"column":61},"end":{"line":166,"column":69}}],"line":166},"25":{"loc":{"start":{"line":169,"column":19},"end":{"line":169,"column":92}},"type":"binary-expr","locations":[{"start":{"line":169,"column":19},"end":{"line":169,"column":40}},{"start":{"line":169,"column":44},"end":{"line":169,"column":63}},{"start":{"line":169,"column":67},"end":{"line":169,"column":92}}],"line":169},"26":{"loc":{"start":{"line":175,"column":17},"end":{"line":175,"column":64}},"type":"cond-expr","locations":[{"start":{"line":175,"column":41},"end":{"line":175,"column":48}},{"start":{"line":175,"column":51},"end":{"line":175,"column":64}}],"line":175},"27":{"loc":{"start":{"line":176,"column":24},"end":{"line":176,"column":56}},"type":"cond-expr","locations":[{"start":{"line":176,"column":35},"end":{"line":176,"column":43}},{"start":{"line":176,"column":46},"end":{"line":176,"column":56}}],"line":176},"28":{"loc":{"start":{"line":183,"column":19},"end":{"line":183,"column":64}},"type":"binary-expr","locations":[{"start":{"line":183,"column":19},"end":{"line":183,"column":32}},{"start":{"line":183,"column":36},"end":{"line":183,"column":58}},{"start":{"line":183,"column":62},"end":{"line":183,"column":64}}],"line":183},"29":{"loc":{"start":{"line":184,"column":4},"end":{"line":184,"column":62}},"type":"if","locations":[{"start":{"line":184,"column":4},"end":{"line":184,"column":62}},{"start":{},"end":{}}],"line":184},"30":{"loc":{"start":{"line":190,"column":4},"end":{"line":192,"column":5}},"type":"if","locations":[{"start":{"line":190,"column":4},"end":{"line":192,"column":5}},{"start":{},"end":{}}],"line":190},"31":{"loc":{"start":{"line":196,"column":4},"end":{"line":204,"column":5}},"type":"if","locations":[{"start":{"line":196,"column":4},"end":{"line":204,"column":5}},{"start":{"line":200,"column":11},"end":{"line":204,"column":5}}],"line":196},"32":{"loc":{"start":{"line":197,"column":15},"end":{"line":199,"column":12}},"type":"cond-expr","locations":[{"start":{"line":198,"column":10},"end":{"line":198,"column":82}},{"start":{"line":199,"column":10},"end":{"line":199,"column":12}}],"line":197},"33":{"loc":{"start":{"line":198,"column":32},"end":{"line":198,"column":64}},"type":"cond-expr","locations":[{"start":{"line":198,"column":56},"end":{"line":198,"column":57}},{"start":{"line":198,"column":60},"end":{"line":198,"column":64}}],"line":198},"34":{"loc":{"start":{"line":201,"column":15},"end":{"line":203,"column":12}},"type":"cond-expr","locations":[{"start":{"line":202,"column":10},"end":{"line":202,"column":86}},{"start":{"line":203,"column":10},"end":{"line":203,"column":12}}],"line":201},"35":{"loc":{"start":{"line":202,"column":34},"end":{"line":202,"column":68}},"type":"cond-expr","locations":[{"start":{"line":202,"column":58},"end":{"line":202,"column":59}},{"start":{"line":202,"column":62},"end":{"line":202,"column":68}}],"line":202},"36":{"loc":{"start":{"line":233,"column":2},"end":{"line":233,"column":55}},"type":"if","locations":[{"start":{"line":233,"column":2},"end":{"line":233,"column":55}},{"start":{},"end":{}}],"line":233},"37":{"loc":{"start":{"line":251,"column":2},"end":{"line":251,"column":55}},"type":"if","locations":[{"start":{"line":251,"column":2},"end":{"line":251,"column":55}},{"start":{},"end":{}}],"line":251},"38":{"loc":{"start":{"line":268,"column":4},"end":{"line":270,"column":5}},"type":"if","locations":[{"start":{"line":268,"column":4},"end":{"line":270,"column":5}},{"start":{},"end":{}}],"line":268},"39":{"loc":{"start":{"line":271,"column":4},"end":{"line":273,"column":5}},"type":"if","locations":[{"start":{"line":271,"column":4},"end":{"line":273,"column":5}},{"start":{},"end":{}}],"line":271},"40":{"loc":{"start":{"line":279,"column":6},"end":{"line":281,"column":7}},"type":"if","locations":[{"start":{"line":279,"column":6},"end":{"line":281,"column":7}},{"start":{},"end":{}}],"line":279},"41":{"loc":{"start":{"line":295,"column":2},"end":{"line":295,"column":55}},"type":"if","locations":[{"start":{"line":295,"column":2},"end":{"line":295,"column":55}},{"start":{},"end":{}}],"line":295},"42":{"loc":{"start":{"line":298,"column":2},"end":{"line":300,"column":3}},"type":"if","locations":[{"start":{"line":298,"column":2},"end":{"line":300,"column":3}},{"start":{},"end":{}}],"line":298},"43":{"loc":{"start":{"line":298,"column":6},"end":{"line":298,"column":86}},"type":"binary-expr","locations":[{"start":{"line":298,"column":6},"end":{"line":298,"column":42}},{"start":{"line":298,"column":46},"end":{"line":298,"column":86}}],"line":298},"44":{"loc":{"start":{"line":303,"column":2},"end":{"line":305,"column":3}},"type":"if","locations":[{"start":{"line":303,"column":2},"end":{"line":305,"column":3}},{"start":{},"end":{}}],"line":303},"45":{"loc":{"start":{"line":312,"column":4},"end":{"line":314,"column":5}},"type":"if","locations":[{"start":{"line":312,"column":4},"end":{"line":314,"column":5}},{"start":{},"end":{}}],"line":312},"46":{"loc":{"start":{"line":332,"column":2},"end":{"line":334,"column":3}},"type":"if","locations":[{"start":{"line":332,"column":2},"end":{"line":334,"column":3}},{"start":{},"end":{}}],"line":332},"47":{"loc":{"start":{"line":332,"column":6},"end":{"line":332,"column":58}},"type":"binary-expr","locations":[{"start":{"line":332,"column":6},"end":{"line":332,"column":31}},{"start":{"line":332,"column":35},"end":{"line":332,"column":58}}],"line":332},"48":{"loc":{"start":{"line":335,"column":17},"end":{"line":335,"column":46}},"type":"binary-expr","locations":[{"start":{"line":335,"column":17},"end":{"line":335,"column":33}},{"start":{"line":335,"column":37},"end":{"line":335,"column":46}}],"line":335},"49":{"loc":{"start":{"line":337,"column":2},"end":{"line":339,"column":3}},"type":"if","locations":[{"start":{"line":337,"column":2},"end":{"line":339,"column":3}},{"start":{},"end":{}}],"line":337},"50":{"loc":{"start":{"line":380,"column":14},"end":{"line":380,"column":27}},"type":"binary-expr","locations":[{"start":{"line":380,"column":14},"end":{"line":380,"column":21}},{"start":{"line":380,"column":25},"end":{"line":380,"column":27}}],"line":380},"51":{"loc":{"start":{"line":381,"column":19},"end":{"line":381,"column":94}},"type":"cond-expr","locations":[{"start":{"line":381,"column":54},"end":{"line":381,"column":66}},{"start":{"line":381,"column":69},"end":{"line":381,"column":94}}],"line":381},"52":{"loc":{"start":{"line":382,"column":15},"end":{"line":382,"column":78}},"type":"cond-expr","locations":[{"start":{"line":382,"column":46},"end":{"line":382,"column":54}},{"start":{"line":382,"column":57},"end":{"line":382,"column":78}}],"line":382},"53":{"loc":{"start":{"line":383,"column":20},"end":{"line":383,"column":46}},"type":"binary-expr","locations":[{"start":{"line":383,"column":20},"end":{"line":383,"column":33}},{"start":{"line":383,"column":37},"end":{"line":383,"column":46}}],"line":383},"54":{"loc":{"start":{"line":438,"column":2},"end":{"line":438,"column":39}},"type":"if","locations":[{"start":{"line":438,"column":2},"end":{"line":438,"column":39}},{"start":{},"end":{}}],"line":438},"55":{"loc":{"start":{"line":443,"column":4},"end":{"line":458,"column":5}},"type":"if","locations":[{"start":{"line":443,"column":4},"end":{"line":458,"column":5}},{"start":{"line":453,"column":11},"end":{"line":458,"column":5}}],"line":443},"56":{"loc":{"start":{"line":444,"column":6},"end":{"line":444,"column":58}},"type":"if","locations":[{"start":{"line":444,"column":6},"end":{"line":444,"column":58}},{"start":{},"end":{}}],"line":444},"57":{"loc":{"start":{"line":449,"column":20},"end":{"line":449,"column":103}},"type":"cond-expr","locations":[{"start":{"line":449,"column":38},"end":{"line":449,"column":61}},{"start":{"line":449,"column":64},"end":{"line":449,"column":103}}],"line":449},"58":{"loc":{"start":{"line":450,"column":36},"end":{"line":450,"column":83}},"type":"cond-expr","locations":[{"start":{"line":450,"column":54},"end":{"line":450,"column":61}},{"start":{"line":450,"column":64},"end":{"line":450,"column":83}}],"line":450},"59":{"loc":{"start":{"line":453,"column":11},"end":{"line":458,"column":5}},"type":"if","locations":[{"start":{"line":453,"column":11},"end":{"line":458,"column":5}},{"start":{"line":456,"column":11},"end":{"line":458,"column":5}}],"line":453},"60":{"loc":{"start":{"line":453,"column":15},"end":{"line":453,"column":84}},"type":"binary-expr","locations":[{"start":{"line":453,"column":15},"end":{"line":453,"column":22}},{"start":{"line":453,"column":26},"end":{"line":453,"column":84}}],"line":453},"61":{"loc":{"start":{"line":457,"column":16},"end":{"line":457,"column":61}},"type":"cond-expr","locations":[{"start":{"line":457,"column":26},"end":{"line":457,"column":50}},{"start":{"line":457,"column":53},"end":{"line":457,"column":61}}],"line":457},"62":{"loc":{"start":{"line":460,"column":2},"end":{"line":460,"column":36}},"type":"if","locations":[{"start":{"line":460,"column":2},"end":{"line":460,"column":36}},{"start":{},"end":{}}],"line":460},"63":{"loc":{"start":{"line":461,"column":9},"end":{"line":461,"column":40}},"type":"cond-expr","locations":[{"start":{"line":461,"column":25},"end":{"line":461,"column":31}},{"start":{"line":461,"column":34},"end":{"line":461,"column":40}}],"line":461},"64":{"loc":{"start":{"line":486,"column":45},"end":{"line":486,"column":72}},"type":"default-arg","locations":[{"start":{"line":486,"column":63},"end":{"line":486,"column":72}}],"line":486},"65":{"loc":{"start":{"line":495,"column":4},"end":{"line":498,"column":5}},"type":"if","locations":[{"start":{"line":495,"column":4},"end":{"line":498,"column":5}},{"start":{},"end":{}}],"line":495},"66":{"loc":{"start":{"line":501,"column":4},"end":{"line":501,"column":74}},"type":"if","locations":[{"start":{"line":501,"column":4},"end":{"line":501,"column":74}},{"start":{},"end":{}}],"line":501},"67":{"loc":{"start":{"line":501,"column":39},"end":{"line":501,"column":73}},"type":"binary-expr","locations":[{"start":{"line":501,"column":39},"end":{"line":501,"column":54}},{"start":{"line":501,"column":58},"end":{"line":501,"column":73}}],"line":501},"68":{"loc":{"start":{"line":503,"column":29},"end":{"line":503,"column":87}},"type":"cond-expr","locations":[{"start":{"line":503,"column":61},"end":{"line":503,"column":70}},{"start":{"line":503,"column":73},"end":{"line":503,"column":87}}],"line":503},"69":{"loc":{"start":{"line":533,"column":2},"end":{"line":533,"column":51}},"type":"if","locations":[{"start":{"line":533,"column":2},"end":{"line":533,"column":51}},{"start":{},"end":{}}],"line":533},"70":{"loc":{"start":{"line":547,"column":4},"end":{"line":549,"column":5}},"type":"if","locations":[{"start":{"line":547,"column":4},"end":{"line":549,"column":5}},{"start":{},"end":{}}],"line":547},"71":{"loc":{"start":{"line":557,"column":2},"end":{"line":559,"column":3}},"type":"if","locations":[{"start":{"line":557,"column":2},"end":{"line":559,"column":3}},{"start":{},"end":{}}],"line":557},"72":{"loc":{"start":{"line":562,"column":9},"end":{"line":562,"column":43}},"type":"cond-expr","locations":[{"start":{"line":562,"column":28},"end":{"line":562,"column":33}},{"start":{"line":562,"column":36},"end":{"line":562,"column":43}}],"line":562},"73":{"loc":{"start":{"line":586,"column":2},"end":{"line":588,"column":3}},"type":"if","locations":[{"start":{"line":586,"column":2},"end":{"line":588,"column":3}},{"start":{},"end":{}}],"line":586},"74":{"loc":{"start":{"line":590,"column":19},"end":{"line":590,"column":67}},"type":"binary-expr","locations":[{"start":{"line":590,"column":19},"end":{"line":590,"column":40}},{"start":{"line":590,"column":44},"end":{"line":590,"column":67}}],"line":590},"75":{"loc":{"start":{"line":592,"column":2},"end":{"line":592,"column":44}},"type":"if","locations":[{"start":{"line":592,"column":2},"end":{"line":592,"column":44}},{"start":{},"end":{}}],"line":592},"76":{"loc":{"start":{"line":593,"column":2},"end":{"line":593,"column":79}},"type":"if","locations":[{"start":{"line":593,"column":2},"end":{"line":593,"column":79}},{"start":{},"end":{}}],"line":593},"77":{"loc":{"start":{"line":594,"column":2},"end":{"line":594,"column":67}},"type":"if","locations":[{"start":{"line":594,"column":2},"end":{"line":594,"column":67}},{"start":{},"end":{}}],"line":594},"78":{"loc":{"start":{"line":595,"column":2},"end":{"line":595,"column":62}},"type":"if","locations":[{"start":{"line":595,"column":2},"end":{"line":595,"column":62}},{"start":{},"end":{}}],"line":595},"79":{"loc":{"start":{"line":604,"column":2},"end":{"line":607,"column":3}},"type":"if","locations":[{"start":{"line":604,"column":2},"end":{"line":607,"column":3}},{"start":{},"end":{}}],"line":604},"80":{"loc":{"start":{"line":622,"column":2},"end":{"line":622,"column":55}},"type":"if","locations":[{"start":{"line":622,"column":2},"end":{"line":622,"column":55}},{"start":{},"end":{}}],"line":622},"81":{"loc":{"start":{"line":625,"column":18},"end":{"line":625,"column":69}},"type":"cond-expr","locations":[{"start":{"line":625,"column":49},"end":{"line":625,"column":64}},{"start":{"line":625,"column":67},"end":{"line":625,"column":69}}],"line":625},"82":{"loc":{"start":{"line":626,"column":24},"end":{"line":626,"column":87}},"type":"cond-expr","locations":[{"start":{"line":626,"column":61},"end":{"line":626,"column":82}},{"start":{"line":626,"column":85},"end":{"line":626,"column":87}}],"line":626},"83":{"loc":{"start":{"line":632,"column":27},"end":{"line":632,"column":47}},"type":"cond-expr","locations":[{"start":{"line":632,"column":33},"end":{"line":632,"column":38}},{"start":{"line":632,"column":41},"end":{"line":632,"column":47}}],"line":632},"84":{"loc":{"start":{"line":635,"column":4},"end":{"line":637,"column":5}},"type":"if","locations":[{"start":{"line":635,"column":4},"end":{"line":637,"column":5}},{"start":{},"end":{}}],"line":635},"85":{"loc":{"start":{"line":653,"column":2},"end":{"line":653,"column":55}},"type":"if","locations":[{"start":{"line":653,"column":2},"end":{"line":653,"column":55}},{"start":{},"end":{}}],"line":653},"86":{"loc":{"start":{"line":656,"column":18},"end":{"line":656,"column":69}},"type":"cond-expr","locations":[{"start":{"line":656,"column":49},"end":{"line":656,"column":64}},{"start":{"line":656,"column":67},"end":{"line":656,"column":69}}],"line":656},"87":{"loc":{"start":{"line":657,"column":24},"end":{"line":657,"column":87}},"type":"cond-expr","locations":[{"start":{"line":657,"column":61},"end":{"line":657,"column":82}},{"start":{"line":657,"column":85},"end":{"line":657,"column":87}}],"line":657},"88":{"loc":{"start":{"line":662,"column":2},"end":{"line":664,"column":3}},"type":"if","locations":[{"start":{"line":662,"column":2},"end":{"line":664,"column":3}},{"start":{},"end":{}}],"line":662},"89":{"loc":{"start":{"line":698,"column":60},"end":{"line":698,"column":86}},"type":"binary-expr","locations":[{"start":{"line":698,"column":60},"end":{"line":698,"column":73}},{"start":{"line":698,"column":77},"end":{"line":698,"column":86}}],"line":698},"90":{"loc":{"start":{"line":705,"column":6},"end":{"line":705,"column":44}},"type":"if","locations":[{"start":{"line":705,"column":6},"end":{"line":705,"column":44}},{"start":{},"end":{}}],"line":705},"91":{"loc":{"start":{"line":719,"column":4},"end":{"line":726,"column":5}},"type":"if","locations":[{"start":{"line":719,"column":4},"end":{"line":726,"column":5}},{"start":{},"end":{}}],"line":719},"92":{"loc":{"start":{"line":719,"column":8},"end":{"line":719,"column":72}},"type":"binary-expr","locations":[{"start":{"line":719,"column":8},"end":{"line":719,"column":15}},{"start":{"line":719,"column":19},"end":{"line":719,"column":44}},{"start":{"line":719,"column":48},"end":{"line":719,"column":72}}],"line":719},"93":{"loc":{"start":{"line":741,"column":19},"end":{"line":741,"column":67}},"type":"binary-expr","locations":[{"start":{"line":741,"column":19},"end":{"line":741,"column":40}},{"start":{"line":741,"column":44},"end":{"line":741,"column":67}}],"line":741},"94":{"loc":{"start":{"line":744,"column":4},"end":{"line":746,"column":5}},"type":"if","locations":[{"start":{"line":744,"column":4},"end":{"line":746,"column":5}},{"start":{},"end":{}}],"line":744},"95":{"loc":{"start":{"line":783,"column":4},"end":{"line":783,"column":65}},"type":"if","locations":[{"start":{"line":783,"column":4},"end":{"line":783,"column":65}},{"start":{},"end":{}}],"line":783},"96":{"loc":{"start":{"line":784,"column":4},"end":{"line":784,"column":113}},"type":"if","locations":[{"start":{"line":784,"column":4},"end":{"line":784,"column":113}},{"start":{},"end":{}}],"line":784},"97":{"loc":{"start":{"line":786,"column":17},"end":{"line":786,"column":78}},"type":"cond-expr","locations":[{"start":{"line":786,"column":53},"end":{"line":786,"column":73}},{"start":{"line":786,"column":76},"end":{"line":786,"column":78}}],"line":786},"98":{"loc":{"start":{"line":787,"column":4},"end":{"line":789,"column":5}},"type":"if","locations":[{"start":{"line":787,"column":4},"end":{"line":789,"column":5}},{"start":{},"end":{}}],"line":787},"99":{"loc":{"start":{"line":787,"column":8},"end":{"line":787,"column":47}},"type":"binary-expr","locations":[{"start":{"line":787,"column":8},"end":{"line":787,"column":13}},{"start":{"line":787,"column":17},"end":{"line":787,"column":47}}],"line":787},"100":{"loc":{"start":{"line":791,"column":21},"end":{"line":791,"column":69}},"type":"binary-expr","locations":[{"start":{"line":791,"column":21},"end":{"line":791,"column":42}},{"start":{"line":791,"column":46},"end":{"line":791,"column":69}}],"line":791},"101":{"loc":{"start":{"line":806,"column":6},"end":{"line":809,"column":7}},"type":"if","locations":[{"start":{"line":806,"column":6},"end":{"line":809,"column":7}},{"start":{},"end":{}}],"line":806},"102":{"loc":{"start":{"line":823,"column":2},"end":{"line":825,"column":3}},"type":"if","locations":[{"start":{"line":823,"column":2},"end":{"line":825,"column":3}},{"start":{},"end":{}}],"line":823},"103":{"loc":{"start":{"line":823,"column":6},"end":{"line":823,"column":41}},"type":"binary-expr","locations":[{"start":{"line":823,"column":6},"end":{"line":823,"column":9}},{"start":{"line":823,"column":13},"end":{"line":823,"column":41}}],"line":823},"104":{"loc":{"start":{"line":826,"column":19},"end":{"line":826,"column":67}},"type":"binary-expr","locations":[{"start":{"line":826,"column":19},"end":{"line":826,"column":40}},{"start":{"line":826,"column":44},"end":{"line":826,"column":67}}],"line":826},"105":{"loc":{"start":{"line":832,"column":4},"end":{"line":835,"column":5}},"type":"if","locations":[{"start":{"line":832,"column":4},"end":{"line":835,"column":5}},{"start":{},"end":{}}],"line":832},"106":{"loc":{"start":{"line":834,"column":24},"end":{"line":834,"column":59}},"type":"cond-expr","locations":[{"start":{"line":834,"column":50},"end":{"line":834,"column":53}},{"start":{"line":834,"column":56},"end":{"line":834,"column":59}}],"line":834},"107":{"loc":{"start":{"line":860,"column":2},"end":{"line":862,"column":3}},"type":"if","locations":[{"start":{"line":860,"column":2},"end":{"line":862,"column":3}},{"start":{},"end":{}}],"line":860},"108":{"loc":{"start":{"line":860,"column":6},"end":{"line":860,"column":34}},"type":"binary-expr","locations":[{"start":{"line":860,"column":6},"end":{"line":860,"column":9}},{"start":{"line":860,"column":13},"end":{"line":860,"column":34}}],"line":860},"109":{"loc":{"start":{"line":866,"column":4},"end":{"line":868,"column":5}},"type":"if","locations":[{"start":{"line":866,"column":4},"end":{"line":868,"column":5}},{"start":{},"end":{}}],"line":866},"110":{"loc":{"start":{"line":882,"column":2},"end":{"line":882,"column":65}},"type":"if","locations":[{"start":{"line":882,"column":2},"end":{"line":882,"column":65}},{"start":{},"end":{}}],"line":882},"111":{"loc":{"start":{"line":885,"column":2},"end":{"line":885,"column":65}},"type":"if","locations":[{"start":{"line":885,"column":2},"end":{"line":885,"column":65}},{"start":{},"end":{}}],"line":885},"112":{"loc":{"start":{"line":888,"column":2},"end":{"line":888,"column":63}},"type":"if","locations":[{"start":{"line":888,"column":2},"end":{"line":888,"column":63}},{"start":{},"end":{}}],"line":888},"113":{"loc":{"start":{"line":908,"column":2},"end":{"line":910,"column":3}},"type":"if","locations":[{"start":{"line":908,"column":2},"end":{"line":910,"column":3}},{"start":{},"end":{}}],"line":908},"114":{"loc":{"start":{"line":908,"column":6},"end":{"line":908,"column":34}},"type":"binary-expr","locations":[{"start":{"line":908,"column":6},"end":{"line":908,"column":9}},{"start":{"line":908,"column":13},"end":{"line":908,"column":34}}],"line":908},"115":{"loc":{"start":{"line":912,"column":2},"end":{"line":914,"column":3}},"type":"if","locations":[{"start":{"line":912,"column":2},"end":{"line":914,"column":3}},{"start":{},"end":{}}],"line":912},"116":{"loc":{"start":{"line":912,"column":6},"end":{"line":912,"column":59}},"type":"binary-expr","locations":[{"start":{"line":912,"column":6},"end":{"line":912,"column":38}},{"start":{"line":912,"column":42},"end":{"line":912,"column":59}}],"line":912},"117":{"loc":{"start":{"line":916,"column":17},"end":{"line":916,"column":76}},"type":"cond-expr","locations":[{"start":{"line":916,"column":52},"end":{"line":916,"column":71}},{"start":{"line":916,"column":74},"end":{"line":916,"column":76}}],"line":916},"118":{"loc":{"start":{"line":918,"column":2},"end":{"line":920,"column":3}},"type":"if","locations":[{"start":{"line":918,"column":2},"end":{"line":920,"column":3}},{"start":{},"end":{}}],"line":918},"119":{"loc":{"start":{"line":918,"column":6},"end":{"line":918,"column":69}},"type":"binary-expr","locations":[{"start":{"line":918,"column":6},"end":{"line":918,"column":37}},{"start":{"line":918,"column":41},"end":{"line":918,"column":69}}],"line":918},"120":{"loc":{"start":{"line":926,"column":4},"end":{"line":928,"column":5}},"type":"if","locations":[{"start":{"line":926,"column":4},"end":{"line":928,"column":5}},{"start":{},"end":{}}],"line":926},"121":{"loc":{"start":{"line":941,"column":2},"end":{"line":943,"column":3}},"type":"if","locations":[{"start":{"line":941,"column":2},"end":{"line":943,"column":3}},{"start":{},"end":{}}],"line":941},"122":{"loc":{"start":{"line":941,"column":6},"end":{"line":941,"column":34}},"type":"binary-expr","locations":[{"start":{"line":941,"column":6},"end":{"line":941,"column":9}},{"start":{"line":941,"column":13},"end":{"line":941,"column":34}}],"line":941},"123":{"loc":{"start":{"line":945,"column":2},"end":{"line":947,"column":3}},"type":"if","locations":[{"start":{"line":945,"column":2},"end":{"line":947,"column":3}},{"start":{},"end":{}}],"line":945},"124":{"loc":{"start":{"line":945,"column":6},"end":{"line":945,"column":59}},"type":"binary-expr","locations":[{"start":{"line":945,"column":6},"end":{"line":945,"column":38}},{"start":{"line":945,"column":42},"end":{"line":945,"column":59}}],"line":945},"125":{"loc":{"start":{"line":953,"column":4},"end":{"line":955,"column":5}},"type":"if","locations":[{"start":{"line":953,"column":4},"end":{"line":955,"column":5}},{"start":{},"end":{}}],"line":953},"126":{"loc":{"start":{"line":953,"column":8},"end":{"line":953,"column":82}},"type":"binary-expr","locations":[{"start":{"line":953,"column":8},"end":{"line":953,"column":47}},{"start":{"line":953,"column":51},"end":{"line":953,"column":82}}],"line":953},"127":{"loc":{"start":{"line":967,"column":2},"end":{"line":969,"column":3}},"type":"if","locations":[{"start":{"line":967,"column":2},"end":{"line":969,"column":3}},{"start":{},"end":{}}],"line":967},"128":{"loc":{"start":{"line":967,"column":6},"end":{"line":967,"column":34}},"type":"binary-expr","locations":[{"start":{"line":967,"column":6},"end":{"line":967,"column":9}},{"start":{"line":967,"column":13},"end":{"line":967,"column":34}}],"line":967},"129":{"loc":{"start":{"line":974,"column":4},"end":{"line":983,"column":5}},"type":"if","locations":[{"start":{"line":974,"column":4},"end":{"line":983,"column":5}},{"start":{},"end":{}}],"line":974},"130":{"loc":{"start":{"line":978,"column":8},"end":{"line":978,"column":43}},"type":"if","locations":[{"start":{"line":978,"column":8},"end":{"line":978,"column":43}},{"start":{},"end":{}}],"line":978},"131":{"loc":{"start":{"line":980,"column":14},"end":{"line":980,"column":65}},"type":"if","locations":[{"start":{"line":980,"column":14},"end":{"line":980,"column":65}},{"start":{},"end":{}}],"line":980},"132":{"loc":{"start":{"line":988,"column":4},"end":{"line":990,"column":5}},"type":"if","locations":[{"start":{"line":988,"column":4},"end":{"line":990,"column":5}},{"start":{},"end":{}}],"line":988},"133":{"loc":{"start":{"line":1006,"column":2},"end":{"line":1008,"column":3}},"type":"if","locations":[{"start":{"line":1006,"column":2},"end":{"line":1008,"column":3}},{"start":{},"end":{}}],"line":1006},"134":{"loc":{"start":{"line":1006,"column":6},"end":{"line":1006,"column":34}},"type":"binary-expr","locations":[{"start":{"line":1006,"column":6},"end":{"line":1006,"column":9}},{"start":{"line":1006,"column":13},"end":{"line":1006,"column":34}}],"line":1006},"135":{"loc":{"start":{"line":1009,"column":2},"end":{"line":1011,"column":3}},"type":"if","locations":[{"start":{"line":1009,"column":2},"end":{"line":1011,"column":3}},{"start":{},"end":{}}],"line":1009},"136":{"loc":{"start":{"line":1009,"column":6},"end":{"line":1009,"column":53}},"type":"binary-expr","locations":[{"start":{"line":1009,"column":6},"end":{"line":1009,"column":35}},{"start":{"line":1009,"column":39},"end":{"line":1009,"column":53}}],"line":1009},"137":{"loc":{"start":{"line":1020,"column":19},"end":{"line":1020,"column":43}},"type":"binary-expr","locations":[{"start":{"line":1020,"column":19},"end":{"line":1020,"column":37}},{"start":{"line":1020,"column":41},"end":{"line":1020,"column":43}}],"line":1020},"138":{"loc":{"start":{"line":1021,"column":2},"end":{"line":1023,"column":3}},"type":"if","locations":[{"start":{"line":1021,"column":2},"end":{"line":1023,"column":3}},{"start":{},"end":{}}],"line":1021},"139":{"loc":{"start":{"line":1026,"column":18},"end":{"line":1026,"column":69}},"type":"cond-expr","locations":[{"start":{"line":1026,"column":49},"end":{"line":1026,"column":64}},{"start":{"line":1026,"column":67},"end":{"line":1026,"column":69}}],"line":1026},"140":{"loc":{"start":{"line":1027,"column":24},"end":{"line":1027,"column":87}},"type":"cond-expr","locations":[{"start":{"line":1027,"column":61},"end":{"line":1027,"column":82}},{"start":{"line":1027,"column":85},"end":{"line":1027,"column":87}}],"line":1027},"141":{"loc":{"start":{"line":1040,"column":2},"end":{"line":1044,"column":3}},"type":"if","locations":[{"start":{"line":1040,"column":2},"end":{"line":1044,"column":3}},{"start":{},"end":{}}],"line":1040},"142":{"loc":{"start":{"line":1048,"column":0},"end":{"line":1072,"column":1}},"type":"if","locations":[{"start":{"line":1048,"column":0},"end":{"line":1072,"column":1}},{"start":{},"end":{}}],"line":1048},"143":{"loc":{"start":{"line":1056,"column":8},"end":{"line":1058,"column":9}},"type":"if","locations":[{"start":{"line":1056,"column":8},"end":{"line":1058,"column":9}},{"start":{},"end":{}}],"line":1056},"144":{"loc":{"start":{"line":1061,"column":22},"end":{"line":1061,"column":91}},"type":"binary-expr","locations":[{"start":{"line":1061,"column":22},"end":{"line":1061,"column":36}},{"start":{"line":1061,"column":40},"end":{"line":1061,"column":63}},{"start":{"line":1061,"column":67},"end":{"line":1061,"column":91}}],"line":1061},"145":{"loc":{"start":{"line":1062,"column":30},"end":{"line":1062,"column":78}},"type":"binary-expr","locations":[{"start":{"line":1062,"column":30},"end":{"line":1062,"column":42}},{"start":{"line":1062,"column":46},"end":{"line":1062,"column":66}},{"start":{"line":1062,"column":70},"end":{"line":1062,"column":78}}],"line":1062},"146":{"loc":{"start":{"line":1065,"column":6},"end":{"line":1067,"column":7}},"type":"if","locations":[{"start":{"line":1065,"column":6},"end":{"line":1067,"column":7}},{"start":{},"end":{}}],"line":1065},"147":{"loc":{"start":{"line":1065,"column":10},"end":{"line":1065,"column":64}},"type":"binary-expr","locations":[{"start":{"line":1065,"column":10},"end":{"line":1065,"column":27}},{"start":{"line":1065,"column":31},"end":{"line":1065,"column":64}}],"line":1065}},"s":{"0":1,"1":1,"2":1,"3":1,"4":1,"5":1,"6":1,"7":1,"8":1,"9":1,"10":1,"11":1,"12":1,"13":1,"14":1,"15":1,"16":1,"17":1,"18":1,"19":1,"20":1,"21":1,"22":1,"23":3,"24":3,"25":1,"26":4,"27":1,"28":3,"29":1,"30":1,"31":68,"32":21,"33":47,"34":1,"35":3,"36":3,"37":3,"38":2,"39":0,"40":3,"41":1,"42":8,"43":8,"44":8,"45":2,"46":6,"47":6,"48":1,"49":5,"50":5,"51":1,"52":4,"53":4,"54":4,"55":1,"56":4,"57":4,"58":4,"59":4,"60":2,"61":4,"62":1,"63":4,"64":4,"65":4,"66":4,"67":0,"68":1,"69":0,"70":0,"71":0,"72":0,"73":0,"74":0,"75":0,"76":0,"77":0,"78":0,"79":0,"80":0,"81":0,"82":0,"83":0,"84":0,"85":0,"86":0,"87":0,"88":0,"89":0,"90":0,"91":0,"92":0,"93":0,"94":0,"95":0,"96":0,"97":0,"98":0,"99":1,"100":0,"101":0,"102":0,"103":0,"104":0,"105":0,"106":1,"107":7,"108":7,"109":7,"110":4,"111":3,"112":3,"113":2,"114":1,"115":1,"116":7,"117":7,"118":7,"119":4,"120":3,"121":3,"122":2,"123":1,"124":1,"125":5,"126":5,"127":1,"128":4,"129":1,"130":3,"131":3,"132":1,"133":2,"134":1,"135":1,"136":1,"137":7,"138":7,"139":7,"140":1,"141":6,"142":2,"143":4,"144":4,"145":1,"146":3,"147":3,"148":3,"149":1,"150":2,"151":1,"152":1,"153":4,"154":0,"155":4,"156":4,"157":4,"158":4,"159":0,"160":1,"161":1,"162":1,"163":1,"164":1,"165":1,"166":18,"167":18,"168":1,"169":1,"170":1,"171":1,"172":2,"173":1,"174":0,"175":1,"176":1,"177":1,"178":2,"179":0,"180":0,"181":0,"182":0,"183":0,"184":0,"185":0,"186":0,"187":0,"188":0,"189":2,"190":0,"191":0,"192":2,"193":1,"194":1,"195":1,"196":1,"197":1,"198":1,"199":1,"200":1,"201":1,"202":1,"203":1,"204":0,"205":0,"206":1,"207":1,"208":0,"209":1,"210":1,"211":1,"212":1,"213":1,"214":1,"215":1,"216":0,"217":0,"218":0,"219":0,"220":0,"221":0,"222":0,"223":0,"224":0,"225":0,"226":0,"227":0,"228":0,"229":14,"230":14,"231":14,"232":1,"233":13,"234":13,"235":13,"236":1,"237":13,"238":4,"239":13,"240":2,"241":13,"242":2,"243":13,"244":12,"245":1,"246":0,"247":1,"248":11,"249":11,"250":11,"251":11,"252":0,"253":11,"254":1,"255":16,"256":16,"257":16,"258":3,"259":13,"260":13,"261":13,"262":13,"263":13,"264":11,"265":11,"266":11,"267":11,"268":2,"269":1,"270":1,"271":1,"272":5,"273":5,"274":5,"275":2,"276":3,"277":3,"278":3,"279":3,"280":3,"281":3,"282":2,"283":1,"284":1,"285":1,"286":1,"287":1,"288":1,"289":0,"290":1,
[...]
,"/home/runner/work/PincerX/PincerX/story/story.js": {"path":"/home/runner/work/PincerX/PincerX/story/story.js","statementMap":{"0":{"start":{"line":3,"column":11},"end":{"line":3,"column":24}},"1":{"start":{"line":4,"column":13},"end":{"line":4,"column":28}},"2":{"start":{"line":5,"column":11},"end":{"line":5,"column":36}},"3":{"start":{"line":7,"column":20},"end":{"line":7,"column":65}},"4":{"start":{"line":19,"column":17},"end":{"line":29,"column":14}},"5":{"start":{"line":31,"column":14},"end":{"line":31,"column":45}},"6":{"start":{"line":32,"column":18},"end":{"line":32,"column":35}},"7":{"start":{"line":34,"column":13},"end":{"line":34,"column":101}},"8":{"start":{"line":35,"column":20},"end":{"line":35,"column":44}},"9":{"start":{"line":36,"column":16},"end":{"line":36,"column":62}},"10":{"start":{"line":38,"column":2},"end":{"line":38,"column":49}},"11":{"start":{"line":39,"column":19},"end":{"line":39,"column":46}},"12":{"start":{"line":40,"column":2},"end":{"line":40,"column":93}},"13":{"start":{"line":42,"column":2},"end":{"line":42,"column":15}},"14":{"start":{"line":46,"column":26},"end":{"line":46,"column":29}},"15":{"start":{"line":49,"column":29},"end":{"line":49,"column":31}},"16":{"start":{"line":55,"column":24},"end":{"line":55,"column":81}},"17":{"start":{"line":66,"column":2},"end":{"line":66,"column":65}},"18":{"start":{"line":77,"column":16},"end":{"line":77,"column":40}},"19":{"start":{"line":78,"column":2},"end":{"line":96,"column":3}},"20":{"start":{"line":79,"column":20},"end":{"line":79,"column":28}},"21":{"start":{"line":81,"column":4},"end":{"line":86,"column":30}},"22":{"start":{"line":82,"column":21},"end":{"line":82,"column":40}},"23":{"start":{"line":83,"column":6},"end":{"line":85,"column":7}},"24":{"start":{"line":84,"column":8},"end":{"line":84,"column":52}},"25":{"start":{"line":89,"column":4},"end":{"line":95,"column":34}},"26":{"start":{"line":90,"column":20},"end":{"line":90,"column":52}},"27":{"start":{"line":91,"column":21},"end":{"line":91,"column":38}},"28":{"start":{"line":92,"column":6},"end":{"line":94,"column":7}},"29":{"start":{"line":93,"column":8},"end":{"line":93,"column":52}},"30":{"start":{"line":97,"column":2},"end":{"line":97,"column":35}},"31":{"start":{"line":110,"column":19},"end":{"line":110,"column":51}},"32":{"start":{"line":111,"column":19},"end":{"line":111,"column":51}},"33":{"start":{"line":113,"column":2},"end":{"line":115,"column":3}},"34":{"start":{"line":114,"column":4},"end":{"line":114,"column":51}},"35":{"start":{"line":117,"column":20},"end":{"line":117,"column":65}},"36":{"start":{"line":119,"column":22},"end":{"line":121,"column":26}},"37":{"start":{"line":122,"column":25},"end":{"line":122,"column":42}},"38":{"start":{"line":124,"column":16},"end":{"line":128,"column":17}},"39":{"start":{"line":125,"column":19},"end":{"line":125,"column":43}},"40":{"start":{"line":126,"column":20},"end":{"line":126,"column":39}},"41":{"start":{"line":127,"column":16},"end":{"line":127,"column":52}},"42":{"start":{"line":130,"column":17},"end":{"line":177,"column":14}},"43":{"start":{"line":142,"column":55},"end":{"line":142,"column":71}},"44":{"start":{"line":179,"column":14},"end":{"line":179,"column":45}},"45":{"start":{"line":180,"column":18},"end":{"line":180,"column":42}},"46":{"start":{"line":181,"column":18},"end":{"line":181,"column":89}},"47":{"start":{"line":183,"column":2},"end":{"line":183,"column":51}},"48":{"start":{"line":183,"column":27},"end":{"line":183,"column":51}},"49":{"start":{"line":184,"column":14},"end":{"line":184,"column":77}},"50":{"start":{"line":184,"column":50},"end":{"line":184,"column":76}},"51":{"start":{"line":185,"column":2},"end":{"line":190,"column":3}},"52":{"start":{"line":186,"column":4},"end":{"line":186,"column":38}},"53":{"start":{"line":188,"column":4},"end":{"line":188,"column":37}},"54":{"start":{"line":189,"column":4},"end":{"line":189,"column":59}},"55":{"start":{"line":189,"column":38},"end":{"line":189,"column":57}},"56":{"start":{"line":192,"column":2},"end":{"line":192,"column":73}},"57":{"start":{"line":193,"column":2},"end":{"line":193,"column":45}},"58":{"start":{"line":204,"column":16},"end":{"line":204,"column":40}},"59":{"start":{"line":205,"column":2},"end":{"line":223,"column":3}},"60":{"start":{"line":206,"column":20},"end":{"line":206,"column":28}},"61":{"start":{"line":208,"column":4},"end":{"line":213,"column":30}},"62":{"start":{"line":209,"column":21},"end":{"line":209,"column":40}},"63":{"start":{"line":210,"column":6},"end":{"line":212,"column":7}},"64":{"start":{"line":211,"column":8},"end":{"line":211,"column":52}},"65":{"start":{"line":216,"column":4},"end":{"line":222,"column":34}},"66":{"start":{"line":217,"column":20},"end":{"line":217,"column":52}},"67":{"start":{"line":218,"column":21},"end":{"line":218,"column":38}},"68":{"start":{"line":219,"column":6},"end":{"line":221,"column":7}},"69":{"start":{"line":220,"column":8},"end":{"line":220,"column":52}},"70":{"start":{"line":224,"column":2},"end":{"line":224,"column":35}},"71":{"start":{"line":235,"column":19},"end":{"line":235,"column":51}},"72":{"start":{"line":236,"column":19},"end":{"line":236,"column":51}},"73":{"start":{"line":238,"column":2},"end":{"line":240,"column":3}},"74":{"start":{"line":239,"column":4},"end":{"line":239,"column":51}},"75":{"start":{"line":242,"column":20},"end":{"line":242,"column":65}},"76":{"start":{"line":244,"column":2},"end":{"line":244,"column":51}},"77":{"start":{"line":244,"column":27},"end":{"line":244,"column":51}},"78":{"start":{"line":245,"column":14},"end":{"line":245,"column":77}},"79":{"start":{"line":245,"column":50},"end":{"line":245,"column":76}},"80":{"start":{"line":246,"column":2},"end":{"line":248,"column":3}},"81":{"start":{"line":247,"column":4},"end":{"line":247,"column":79}},"82":{"start":{"line":250,"column":2},"end":{"line":250,"column":36}},"83":{"start":{"line":251,"column":2},"end":{"line":251,"column":73}},"84":{"start":{"line":252,"column":2},"end":{"line":252,"column":36}},"85":{"start":{"line":262,"column":19},"end":{"line":262,"column":36}},"86":{"start":{"line":263,"column":19},"end":{"line":263,"column":51}},"87":{"start":{"line":265,"column":2},"end":{"line":267,"column":3}},"88":{"start":{"line":266,"column":4},"end":{"line":266,"column":51}},"89":{"start":{"line":269,"column":2},"end":{"line":269,"column":26}},"90":{"start":{"line":270,"column":2},"end":{"line":270,"column":21}},"91":{"start":{"line":273,"column":0},"end":{"line":273,"column":84}},"92":{"start":{"line":281,"column":2},"end":{"line":281,"column":45}},"93":{"start":{"line":281,"column":35},"end":{"line":281,"column":45}},"94":{"start":{"line":282,"column":2},"end":{"line":299,"column":67}},"95":{"start":{"line":283,"column":19},"end":{"line":283,"column":38}},"96":{"start":{"line":285,"column":6},"end":{"line":296,"column":30}},"97":{"start":{"line":286,"column":21},"end":{"line":286,"column":83}},"98":{"start":{"line":287,"column":8},"end":{"line":295,"column":10}},"99":{"start":{"line":296,"column":16},"end":{"line":296,"column":28}},"100":{"start":{"line":299,"column":20},"end":{"line":299,"column":65}},"101":{"start":{"line":309,"column":19},"end":{"line":309,"column":51}},"102":{"start":{"line":310,"column":19},"end":{"line":310,"column":51}},"103":{"start":{"line":311,"column":2},"end":{"line":311,"column":79}},"104":{"start":{"line":311,"column":32},"end":{"line":311,"column":79}},"105":{"start":{"line":312,"column":2},"end":{"line":312,"column":55}}},"fnMap":{"0":{"name":"create","decl":{"start":{"line":18,"column":15},"end":{"line":18,"column":21}},"loc":{"start":{"line":18,"column":58},"end":{"line":43,"column":1}},"line":18},"1":{"name":"normalizeText","decl":{"start":{"line":65,"column":9},"end":{"line":65,"column":22}},"loc":{"start":{"line":65,"column":29},"end":{"line":67,"column":1}},"line":65},"2":{"name":"parseOutline","decl":{"start":{"line":76,"column":9},"end":{"line":76,"column":21}},"loc":{"start":{"line":76,"column":27},"end":{"line":98,"column":1}},"line":76},"3":{"name":"generateChapter","decl":{"start":{"line":109,"column":15},"end":{"line":109,"column":30}},"loc":{"start":{"line":109,"column":90},"end":{"line":194,"column":1}},"line":109},"4":{"name":"(anonymous_4)","decl":{"start":{"line":125,"column":12},"end":{"line":125,"column":13}},"loc":{"start":{"line":125,"column":19},"end":{"line":125,"column":43}},"line":125},"5":{"name":"(anonymous_5)","decl":{"start":{"line":126,"column":10},"end":{"line":126,"column":11}},"loc":{"start":{"line":126,"column":20},"end":{"line":126,"column":39}},"line":126},"6":{"name":"(anonymous_6)","decl":{"start":{"line":127,"column":9},"end":{"line":127,"column":10}},"loc":{"start":{"line":127,"column":16},"end":{"line":127,"column":52}},"line":127},"7":{"name":"(anonymous_7)","decl":{"start":{"line":142,"column":48},"end":{"line":142,"column":49}},"loc":{"start":{"line":142,"column":55},"end":{"line":142,"column":71}},"line":142},"8":{"name":"(anonymous_8)","decl":{"start":{"line":184,"column":43},"end":{"line":184,"column":44}},"loc":{"start":{"line":184,"column":50},"end":{"line":184,"column":76}},"line":184},"9":{"name":"(anonymous_9)","decl":{"start":{"line":189,"column":28},"end":{"line":189,"column":29}},"loc":{"start":{"line":189,"column":38},"end":{"line":189,"column":57}},"line":189},"10":{"name":"parseChapterContent","decl":{"start":{"line":203,"column":9},"end":{"line":203,"column":28}},"loc":{"start":{"line":203,"column":34},"end":{"line":225,"column":1}},"line":203},"11":{"name":"deleteChapter","decl":{"start":{"line":234,"column":15},"end":{"line":234,"column":28}},"loc":{"start":{"line":234,"column":53},"end":{"line":253,"column":1}},"line":234},"12":{"name":"(anonymous_12)","decl":{"start":{"line":245,"column":43},"end":{"line":245,"column":44}},"loc":{"start":{"line":245,"column":50},"end":{"line":245,"column":76}},"line":245},"13":{"name":"deleteStory","decl":{"start":{"line":261,"column":9},"end":{"line":261,"column":20}},"loc":{"start":{"line":261,"column":30},"end":{"line":271,"column":1}},"line":261},"14":{"name":"list","decl":{"start":{"line":280,"column":9},"end":{"line":280,"column":13}},"loc":{"start":{"line":280,"column":16},"end":{"line":300,"column":1}},"line":280},"15":{"name":"(anonymous_15)","decl":{"start":{"line":283,"column":12},"end":{"line":283,"column":13}},"loc":{"start":{"line":283,"column":19},"end":{"line":283,"column":38}},"line":283},"16":{"name":"(anonymous_16)","decl":{"start":{"line":284,"column":9},"end":{"line":284,"column":10}},"loc":{"start":{"line":284,"column":16},"end":{"line":297,"column":5}},"line":284},"17":{"name":"(anonymous_17)","decl":{"start":{"line":299,"column":10},"end":{"line":299,"column":11}},"loc":{"start":{"line":299,"column":20},"end":{"line":299,"column":65}},"line":299},"18":{"name":"get","decl":{"start":{"line":308,"column":9},"end":{"line":308,"column":12}},"loc":{"start":{"line":308,"column":22},"end":{"line":313,"column":1}},"line":308}},"branchMap":{"0":{"loc":{"start":{"line":18,"column":42},"end":{"line":18,"column":56}},"type":"default-arg","locations":[{"start":{"line":18,"column":54},"end":{"line":18,"column":56}}],"line":18},"1":{"loc":{"start":{"line":78,"column":2},"end":{"line":96,"column":3}},"type":"if","locations":[{"start":{"line":78,"column":2},"end":{"line":96,"column":3}},{"start":{},"end":{}}],"line":78},"2":{"loc":{"start":{"line":83,"column":6},"end":{"line":85,"column":7}},"type":"if","locations":[{"start":{"line":83,"column":6},"end":{"line":85,"column":7}},{"start":{},"end":{}}],"line":83},"3":{"loc":{"start":{"line":83,"column":10},"end":{"line":83,"column":69}},"type":"binary-expr","locations":[{"start":{"line":83,"column":10},"end":{"line":83,"column":44}},{"start":{"line":83,"column":48},"end":{"line":83,"column":69}}],"line":83},"4":{"loc":{"start":{"line":92,"column":6},"end":{"line":94,"column":7}},"type":"if","locations":[{"start":{"line":92,"column":6},"end":{"line":94,"column":7}},{"start":{},"end":{}}],"line":92},"5":{"loc":{"start":{"line":92,"column":10},"end":{"line":92,"column":69}},"type":"binary-expr","locations":[{"start":{"line":92,"column":10},"end":{"line":92,"column":44}},{"start":{"line":92,"column":48},"end":{"line":92,"column":69}}],"line":92},"6":{"loc":{"start":{"line":109,"column":55},"end":{"line":109,"column":69}},"type":"default-arg","locations":[{"start":{"line":109,"column":67},"end":{"line":109,"column":69}}],"line":109},"7":{"loc":{"start":{"line":109,"column":71},"end":{"line":109,"column":88}},"type":"default-arg","locations":[{"start":{"line":109,"column":86},"end":{"line":109,"column":88}}],"line":109},"8":{"loc":{"start":{"line":113,"column":2},"end":{"line":115,"column":3}},"type":"if","locations":[{"start":{"line":113,"column":2},"end":{"line":115,"column":3}},{"start":{},"end":{}}],"line":113},"9":{"loc":{"start":{"line":119,"column":22},"end":{"line":121,"column":26}},"type":"cond-expr","locations":[{"start":{"line":120,"column":6},"end":{"line":120,"column":67}},{"start":{"line":121,"column":6},"end":{"line":121,"column":26}}],"line":119},"10":{"loc":{"start":{"line":124,"column":17},"end":{"line":124,"column":41}},"type":"binary-expr","locations":[{"start":{"line":124,"column":17},"end":{"line":124,"column":35}},{"start":{"line":124,"column":39},"end":{"line":124,"column":41}}],"line":124},"11":{"loc":{"start":{"line":174,"column":4},"end":{"line":174,"column":59}},"type":"cond-expr","locations":[{"start":{"line":174,"column":12},"end":{"line":174,"column":54}},{"start":{"line":174,"column":57},"end":{"line":174,"column":59}}],"line":174},"12":{"loc":{"start":{"line":175,"column":4},"end":{"line":175,"column":68}},"type":"cond-expr","locations":[{"start":{"line":175,"column":19},"end":{"line":175,"column":63}},{"start":{"line":175,"column":66},"end":{"line":175,"column":68}}],"line":175},"13":{"loc":{"start":{"line":183,"column":2},"end":{"line":183,"column":51}},"type":"if","locations":[{"start":{"line":183,"column":2},"end":{"line":183,"column":51}},{"start":{},"end":{}}],"line":183},"14":{"loc":{"start":{"line":185,"column":2},"end":{"line":190,"column":3}},"type":"if","locations":[{"start":{"line":185,"column":2},"end":{"line":190,"column":3}},{"start":{"line":187,"column":9},"end":{"line":190,"column":3}}],"line":185},"15":{"loc":{"start":{"line":205,"column":2},"end":{"line":223,"column":3}},"type":"if","locations":[{"start":{"line":205,"column":2},"end":{"line":223,"column":3}},{"start":{},"end":{}}],"line":205},"16":{"loc":{"start":{"line":210,"column":6},"end":{"line":212,"column":7}},"type":"if","locations":[{"start":{"line":210,"column":6},"end":{"line":212,"column":7}},{"start":{},"end":{}}],"line":210},"17":{"loc":{"start":{"line":210,"column":10},"end":{"line":210,"column":69}},"type":"binary-expr","locations":[{"start":{"line":210,"column":10},"end":{"line":210,"column":44}},{"start":{"line":210,"column":48},"end":{"line":210,"column":69}}],"line":210},"18":{"loc":{"start":{"line":219,"column":6},"end":{"line":221,"column":7}},"type":"if","locations":[{"start":{"line":219,"column":6},"end":{"line":221,"column":7}},{"start":{},"end":{}}],"line":219},"19":{"loc":{"start":{"line":219,"column":10},"end":{"line":219,"column":69}},"type":"binary-expr","locations":[{"start":{"line":219,"column":10},"end":{"line":219,"column":44}},{"start":{"line":219,"column":48},"end":{"line":219,"column":69}}],"line":219},"20":{"loc":{"start":{"line":238,"column":2},"end":{"line":240,"column":3}},"type":"if","locations":[{"start":{"line":238,"column":2},"end":{"line":240,"column":3}},{"start":{},"end":{}}],"line":238},"21":{"loc":{"start":{"line":244,"column":2},"end":{"line":244,"column":51}},"type":"if","locations":[{"start":{"line":244,"column":2},"end":{"line":244,"column":51}},{"start":{},"end":{}}],"line":244},"22":{"loc":{"start":{"line":246,"column":2},"end":{"line":248,"column":3}},"type":"if","locations":[{"start":{"line":246,"column":2},"end":{"line":248,"column":3}},{"start":{},"end":{}}],"line":246},"23":{"loc":{"start":{"line":265,"column":2},"end":{"line":267,"column":3}},"type":"if","locations":[{"start":{"line":265,"column":2},"end":{"line":267,"column":3}},{"start":{},"end":{}}],"line":265},"24":{"loc":{"start":{"line":281,"column":2},"end":{"line":281,"column":45}},"type":"if","locations":[{"start":{"line":281,"column":2},"end":{"line":281,"column":45}},{"start":{},"end":{}}],"line":281},"25":{"loc":{"start":{"line":294,"column":25},"end":{"line":294,"column":44}},"type":"binary-expr","locations":[{"start":{"line":294,"column":25},"end":{"line":294,"column":38}},{"start":{"line":294,"column":42},"end":{"line":294,"column":44}}],"line":294},"26":{"loc":{"start":{"line":311,"column":2},"end":{"line":311,"column":79}},"type":"if","locations":[{"start":{"line":311,"column":2},"end":{"line":311,"column":79}},{"start":{},"end":{}}],"line":311}},"s":{"0":2,"1":2,"2":2,"3":2,"4":10,"5":10,"6":9,"7":9,"8":9,"9":9,"10":9,"11":9,"12":9,"13":9,"14":2,"15":2,"16":2,"17":9,"18":9,"19":9,"20":8,"21":8,"22":8,"23":7,"24":6,"25":2,"26":2,"27":2,"28":1,"29":0,"30":3,"31":0,"32":0,"33":0,"34":0,"35":0,"36":0,"37":0,"38":0,"39":0,"40":0,"41":0,"42":0,"43":0,"44":0,"45":0,"46":0,"47":0,"48":0,"49":0,"50":0,"51":0,"52":0,"53":0,"54":0,"55":0,"56":0,"57":0,"58":0,"59":0,"60":0,"61":0,"62":0,"63":0,"64":0,"65":0,"66":0,"67":0,"68":0,"69":0,"70":0,"71":0,"72":0,"73":0,"74":0,"75":0,"76":0,"77":0,"78":0,"79":0,"80":0,"81":0,"82":0,"83":0,"84":0,"85":0,"86":0,"87":0,"88":0,"89":0,"90":0,"91":2,"92":0,"93":0,"94":0,"95":0,"96":0,"97":0,"98":0,"99":0,"100":0,"101":0,"102":0,"103":0,"104":0,"105":0},"f":{"0":10,"1":9,"2":9,"3":0,"4":0,"5":0,"6":0,"7":0,"8":0,"9":0,"10":0,"11":0,"12":0,"13":0,"14":0,"15":0,"16":0,"17":0,"18":0},"b":{"0":[9],"1":[8,1],"2":[6,1],"3":[7,6],"4":[0,1],"5":[1,0],"6":[0],"7":[0],"8":[0,0],"9":[0,0],"10":[0,0],"11":[0,0],"12":[0,0],"13":[0,0],"14":[0,0],"15":[0,0],"16":[0,0],"17":[0,0],"18":[0,0],"19":[0,0],"20":[0,0],"21":[0,0],"22":[0,0],"23":[0,0],"24":[0,0],"25":[0,0],"26":[0,0]},"_coverageSchema":"1a1c01bbd47fc00a2c39e90264f33305004495a9","hash":"e0ad04fa1f0c633e6a2e4ea2f8366449f51553da"}
}
