{"/home/runner/work/PincerX/PincerX/api/server.js": {"path":"/home/runner/work/PincerX/PincerX/api/server.js","statementMap":{"0":{"start":{"line":3,"column":16},"end":{"line":3,"column":34}},"1":{"start":{"line":4,"column":11},"end":{"line":4,"column":24}},"2":{"start":{"line":5,"column":13},"end":{"line":5,"column":28}},"3":{"start":{"line":6,"column":15},"end":{"line":6,"column":32}},"4":{"start":{"line":7,"column":12},"end":{"line":7,"column":38}},"5":{"start":{"line":8,"column":17},"end":{"line":8,"column":48}},"6":{"start":{"line":9,"column":11},"end":{"line":9,"column":36}},"7":{"start":{"line":10,"column":19},"end":{"line":10,"column":39}},"8":{"start":{"line":11,"column":14},"end":{"line":11,"column":39}},"9":{"start":{"line":13,"column":12},"end":{"line":13,"column":21}},"10":{"start":{"line":14,"column":13},"end":{"line":14,"column":37}},"11":{"start":{"line":16,"column":16},"end":{"line":16,"column":50}},"12":{"start":{"line":17,"column":20},"end":{"line":17,"column":72}},"13":{"start":{"line":18,"column":20},"end":{"line":18,"column":65}},"14":{"start":{"line":21,"column":0},"end":{"line":21,"column":43}},"15":{"start":{"line":22,"column":0},"end":{"line":22,"column":61}},"16":{"start":{"line":23,"column":0},"end":{"line":23,"column":47}},"17":{"start":{"line":26,"column":16},"end":{"line":29,"column":2}},"18":{"start":{"line":27,"column":36},"end":{"line":27,"column":53}},"19":{"start":{"line":28,"column":32},"end":{"line":28,"column":59}},"20":{"start":{"line":31,"column":15},"end":{"line":39,"column":2}},"21":{"start":{"line":34,"column":4},"end":{"line":36,"column":5}},"22":{"start":{"line":35,"column":6},"end":{"line":35,"column":58}},"23":{"start":{"line":37,"column":4},"end":{"line":37,"column":19}},"24":{"start":{"line":41,"column":0},"end":{"line":41,"column":24}},"25":{"start":{"line":42,"column":0},"end":{"line":42,"column":62}},"26":{"start":{"line":52,"column":2},"end":{"line":54,"column":3}},"27":{"start":{"line":53,"column":4},"end":{"line":53,"column":74}},"28":{"start":{"line":55,"column":2},"end":{"line":55,"column":14}},"29":{"start":{"line":62,"column":0},"end":{"line":76,"column":3}},"30":{"start":{"line":63,"column":15},"end":{"line":63,"column":17}},"31":{"start":{"line":64,"column":2},"end":{"line":70,"column":3}},"32":{"start":{"line":65,"column":4},"end":{"line":67,"column":5}},"33":{"start":{"line":66,"column":6},"end":{"line":66,"column":64}},"34":{"start":{"line":69,"column":4},"end":{"line":69,"column":82}},"35":{"start":{"line":71,"column":2},"end":{"line":75,"column":5}},"36":{"start":{"line":84,"column":0},"end":{"line":122,"column":3}},"37":{"start":{"line":85,"column":37},"end":{"line":85,"column":45}},"38":{"start":{"line":87,"column":17},"end":{"line":87,"column":56}},"39":{"start":{"line":88,"column":2},"end":{"line":88,"column":61}},"40":{"start":{"line":88,"column":14},"end":{"line":88,"column":61}},"41":{"start":{"line":90,"column":2},"end":{"line":95,"column":3}},"42":{"start":{"line":92,"column":4},"end":{"line":92,"column":21}},"43":{"start":{"line":94,"column":4},"end":{"line":94,"column":108}},"44":{"start":{"line":97,"column":15},"end":{"line":97,"column":17}},"45":{"start":{"line":98,"column":2},"end":{"line":102,"column":50}},"46":{"start":{"line":99,"column":4},"end":{"line":101,"column":5}},"47":{"start":{"line":100,"column":6},"end":{"line":100,"column":64}},"48":{"start":{"line":104,"column":2},"end":{"line":104,"column":34}},"49":{"start":{"line":106,"column":2},"end":{"line":108,"column":3}},"50":{"start":{"line":107,"column":4},"end":{"line":107,"column":32}},"51":{"start":{"line":111,"column":2},"end":{"line":113,"column":3}},"52":{"start":{"line":112,"column":4},"end":{"line":112,"column":61}},"53":{"start":{"line":115,"column":2},"end":{"line":121,"column":3}},"54":{"start":{"line":116,"column":4},"end":{"line":116,"column":65}},"55":{"start":{"line":117,"column":4},"end":{"line":117,"column":75}},"56":{"start":{"line":118,"column":4},"end":{"line":118,"column":57}},"57":{"start":{"line":120,"column":4},"end":{"line":120,"column":82}},"58":{"start":{"line":129,"column":0},"end":{"line":163,"column":3}},"59":{"start":{"line":130,"column":20},"end":{"line":130,"column":29}},"60":{"start":{"line":131,"column":2},"end":{"line":141,"column":3}},"61":{"start":{"line":133,"column":4},"end":{"line":140,"column":5}},"62":{"start":{"line":134,"column":21},"end":{"line":136,"column":12}},"63":{"start":{"line":137,"column":6},"end":{"line":137,"column":86}},"64":{"start":{"line":139,"column":6},"end":{"line":139,"column":68}},"65":{"start":{"line":144,"column":2},"end":{"line":148,"column":3}},"66":{"start":{"line":145,"column":4},"end":{"line":145,"column":55}},"67":{"start":{"line":147,"column":4},"end":{"line":147,"column":63}},"68":{"start":{"line":150,"column":2},"end":{"line":162,"column":3}},"69":{"start":{"line":151,"column":21},"end":{"line":151,"column":80}},"70":{"start":{"line":152,"column":4},"end":{"line":154,"column":5}},"71":{"start":{"line":153,"column":6},"end":{"line":153,"column":89}},"72":{"start":{"line":155,"column":17},"end":{"line":155,"column":38}},"73":{"start":{"line":156,"column":19},"end":{"line":158,"column":10}},"74":{"start":{"line":157,"column":32},"end":{"line":157,"column":66}},"75":{"start":{"line":159,"column":4},"end":{"line":159,"column":32}},"76":{"start":{"line":161,"column":4},"end":{"line":161,"column":87}},"77":{"start":{"line":169,"column":0},"end":{"line":177,"column":3}},"78":{"start":{"line":170,"column":2},"end":{"line":176,"column":3}},"79":{"start":{"line":171,"column":20},"end":{"line":171,"column":54}},"80":{"start":{"line":172,"column":18},"end":{"line":172,"column":73}},"81":{"start":{"line":172,"column":40},"end":{"line":172,"column":72}},"82":{"start":{"line":173,"column":4},"end":{"line":173,"column":31}},"83":{"start":{"line":175,"column":4},"end":{"line":175,"column":80}},"84":{"start":{"line":184,"column":0},"end":{"line":195,"column":3}},"85":{"start":{"line":185,"column":20},"end":{"line":185,"column":28}},"86":{"start":{"line":186,"column":14},"end":{"line":186,"column":49}},"87":{"start":{"line":187,"column":2},"end":{"line":187,"column":55}},"88":{"start":{"line":187,"column":11},"end":{"line":187,"column":55}},"89":{"start":{"line":189,"column":2},"end":{"line":194,"column":3}},"90":{"start":{"line":190,"column":19},"end":{"line":190,"column":46}},"91":{"start":{"line":191,"column":4},"end":{"line":191,"column":28}},"92":{"start":{"line":193,"column":4},"end":{"line":193,"column":79}},"93":{"start":{"line":202,"column":0},"end":{"line":213,"column":3}},"94":{"start":{"line":203,"column":19},"end":{"line":203,"column":27}},"95":{"start":{"line":204,"column":14},"end":{"line":204,"column":47}},"96":{"start":{"line":205,"column":2},"end":{"line":205,"column":55}},"97":{"start":{"line":205,"column":11},"end":{"line":205,"column":55}},"98":{"start":{"line":207,"column":2},"end":{"line":212,"column":3}},"99":{"start":{"line":208,"column":19},"end":{"line":208,"column":54}},"100":{"start":{"line":209,"column":4},"end":{"line":209,"column":28}},"101":{"start":{"line":211,"column":4},"end":{"line":211,"column":84}},"102":{"start":{"line":220,"column":0},"end":{"line":239,"column":3}},"103":{"start":{"line":221,"column":2},"end":{"line":238,"column":5}},"104":{"start":{"line":222,"column":4},"end":{"line":224,"column":5}},"105":{"start":{"line":223,"column":6},"end":{"line":223,"column":58}},"106":{"start":{"line":225,"column":4},"end":{"line":227,"column":5}},"107":{"start":{"line":226,"column":6},"end":{"line":226,"column":97}},"108":{"start":{"line":229,"column":4},"end":{"line":237,"column":5}},"109":{"start":{"line":230,"column":6},"end":{"line":230,"column":21}},"110":{"start":{"line":231,"column":6},"end":{"line":231,"column":100}},"111":{"start":{"line":233,"column":6},"end":{"line":235,"column":7}},"112":{"start":{"line":234,"column":8},"end":{"line":234,"column":58}},"113":{"start":{"line":236,"column":6},"end":{"line":236,"column":79}},"114":{"start":{"line":246,"column":0},"end":{"line":271,"column":3}},"115":{"start":{"line":247,"column":23},"end":{"line":247,"column":31}},"116":{"start":{"line":248,"column":14},"end":{"line":248,"column":55}},"117":{"start":{"line":249,"column":2},"end":{"line":249,"column":55}},"118":{"start":{"line":249,"column":11},"end":{"line":249,"column":55}},"119":{"start":{"line":252,"column":2},"end":{"line":254,"column":3}},"120":{"start":{"line":253,"column":4},"end":{"line":253,"column":95}},"121":{"start":{"line":256,"column":19},"end":{"line":256,"column":47}},"122":{"start":{"line":257,"column":2},"end":{"line":259,"column":3}},"123":{"start":{"line":258,"column":4},"end":{"line":258,"column":74}},"124":{"start":{"line":261,"column":2},"end":{"line":270,"column":3}},"125":{"start":{"line":262,"column":4},"end":{"line":262,"column":28}},"126":{"start":{"line":263,"column":4},"end":{"line":263,"column":19}},"127":{"start":{"line":264,"column":4},"end":{"line":264,"column":84}},"128":{"start":{"line":266,"column":4},"end":{"line":268,"column":5}},"129":{"start":{"line":267,"column":6},"end":{"line":267,"column":56}},"130":{"start":{"line":269,"column":4},"end":{"line":269,"column":77}},"131":{"start":{"line":286,"column":2},"end":{"line":288,"column":3}},"132":{"start":{"line":287,"column":4},"end":{"line":287,"column":125}},"133":{"start":{"line":289,"column":17},"end":{"line":289,"column":46}},"134":{"start":{"line":290,"column":15},"end":{"line":290,"column":51}},"135":{"start":{"line":291,"column":2},"end":{"line":293,"column":3}},"136":{"start":{"line":292,"column":4},"end":{"line":292,"column":98}},"137":{"start":{"line":294,"column":2},"end":{"line":294,"column":14}},"138":{"start":{"line":305,"column":22},"end":{"line":305,"column":28}},"139":{"start":{"line":306,"column":23},"end":{"line":306,"column":30}},"140":{"start":{"line":308,"column":0},"end":{"line":344,"column":3}},"141":{"start":{"line":309,"column":71},"end":{"line":309,"column":79}},"142":{"start":{"line":310,"column":14},"end":{"line":310,"column":47}},"143":{"start":{"line":311,"column":2},"end":{"line":311,"column":55}},"144":{"start":{"line":311,"column":11},"end":{"line":311,"column":55}},"145":{"start":{"line":313,"column":19},"end":{"line":313,"column":67}},"146":{"start":{"line":314,"column":18},"end":{"line":314,"column":53}},"147":{"start":{"line":316,"column":20},"end":{"line":316,"column":37}},"148":{"start":{"line":317,"column":18},"end":{"line":317,"column":69}},"149":{"start":{"line":318,"column":24},"end":{"line":318,"column":87}},"150":{"start":{"line":319,"column":2},"end":{"line":319,"column":44}},"151":{"start":{"line":319,"column":15},"end":{"line":319,"column":44}},"152":{"start":{"line":320,"column":2},"end":{"line":320,"column":81}},"153":{"start":{"line":320,"column":41},"end":{"line":320,"column":81}},"154":{"start":{"line":321,"column":2},"end":{"line":321,"column":69}},"155":{"start":{"line":321,"column":37},"end":{"line":321,"column":69}},"156":{"start":{"line":322,"column":2},"end":{"line":322,"column":62}},"157":{"start":{"line":322,"column":21},"end":{"line":322,"column":62}},"158":{"start":{"line":324,"column":2},"end":{"line":343,"column":3}},"159":{"start":{"line":325,"column":21},"end":{"line":330,"column":6}},"160":{"start":{"line":332,"column":4},"end":{"line":335,"column":5}},"161":{"start":{"line":333,"column":21},"end":{"line":333,"column":75}},"162":{"start":{"line":333,"column":55},"end":{"line":333,"column":74}},"163":{"start":{"line":334,"column":6},"end":{"line":334,"column":77}},"164":{"start":{"line":337,"column":24},"end":{"line":337,"column":52}},"165":{"start":{"line":338,"column":4},"end":{"line":338,"column":41}},"166":{"start":{"line":339,"column":4},"end":{"line":339,"column":62}},"167":{"start":{"line":340,"column":4},"end":{"line":340,"column":46}},"168":{"start":{"line":342,"column":4},"end":{"line":342,"column":61}},"169":{"start":{"line":350,"column":0},"end":{"line":361,"column":3}},"170":{"start":{"line":351,"column":19},"end":{"line":351,"column":67}},"171":{"start":{"line":352,"column":2},"end":{"line":360,"column":3}},"172":{"start":{"line":353,"column":21},"end":{"line":353,"column":93}},"173":{"start":{"line":354,"column":4},"end":{"line":356,"column":5}},"174":{"start":{"line":355,"column":6},"end":{"line":355,"column":91}},"175":{"start":{"line":357,"column":4},"end":{"line":357,"column":43}},"176":{"start":{"line":359,"column":4},"end":{"line":359,"column":61}},"177":{"start":{"line":368,"column":20},"end":{"line":371,"column":2}},"178":{"start":{"line":373,"column":0},"end":{"line":407,"column":3}},"179":{"start":{"line":374,"column":2},"end":{"line":406,"column":5}},"180":{"start":{"line":375,"column":4},"end":{"line":375,"column":65}},"181":{"start":{"line":375,"column":13},"end":{"line":375,"column":65}},"182":{"start":{"line":376,"column":4},"end":{"line":376,"column":113}},"183":{"start":{"line":376,"column":19},"end":{"line":376,"column":113}},"184":{"start":{"line":378,"column":17},"end":{"line":378,"column":78}},"185":{"start":{"line":379,"column":4},"end":{"line":381,"column":5}},"186":{"start":{"line":380,"column":6},"end":{"line":380,"column":117}},"187":{"start":{"line":383,"column":21},"end":{"line":383,"column":69}},"188":{"start":{"line":385,"column":4},"end":{"line":405,"column":5}},"189":{"start":{"line":386,"column":23},"end":{"line":386,"column":37}},"190":{"start":{"line":387,"column":6},"end":{"line":391,"column":8}},"191":{"start":{"line":393,"column":23},"end":{"line":396,"column":7}},"192":{"start":{"line":398,"column":6},"end":{"line":401,"column":7}},"193":{"start":{"line":399,"column":23},"end":{"line":399,"column":77}},"194":{"start":{"line":399,"column":57},"end":{"line":399,"column":76}},"195":{"start":{"line":400,"column":8},"end":{"line":400,"column":79}},"196":{"start":{"line":402,"column":6},"end":{"line":402,"column":45}},"197":{"start":{"line":404,"column":6},"end":{"line":404,"column":63}},"198":{"start":{"line":413,"column":0},"end":{"line":432,"column":3}},"199":{"start":{"line":414,"column":17},"end":{"line":414,"column":27}},"200":{"start":{"line":415,"column":2},"end":{"line":417,"column":3}},"201":{"start":{"line":416,"column":4},"end":{"line":416,"column":71}},"202":{"start":{"line":418,"column":19},"end":{"line":418,"column":67}},"203":{"start":{"line":419,"column":2},"end":{"line":431,"column":3}},"204":{"start":{"line":420,"column":21},"end":{"line":423,"column":6}},"205":{"start":{"line":424,"column":4},"end":{"line":427,"column":5}},"206":{"start":{"line":425,"column":21},"end":{"line":425,"column":75}},"207":{"start":{"line":425,"column":55},"end":{"line":425,"column":74}},"208":{"start":{"line":426,"column":6},"end":{"line":426,"column":109}},"209":{"start":{"line":428,"column":4},"end":{"line":428,"column":43}},"210":{"start":{"line":430,"column":4},"end":{"line":430,"column":61}},"211":{"start":{"line":439,"column":0},"end":{"line":457,"column":3}},"212":{"start":{"line":440,"column":33},"end":{"line":440,"column":41}},"213":{"start":{"line":442,"column":19},"end":{"line":442,"column":54}},"214":{"start":{"line":443,"column":2},"end":{"line":443,"column":65}},"215":{"start":{"line":443,"column":16},"end":{"line":443,"column":65}},"216":{"start":{"line":445,"column":19},"end":{"line":445,"column":54}},"217":{"start":{"line":446,"column":2},"end":{"line":446,"column":65}},"218":{"start":{"line":446,"column":16},"end":{"line":446,"column":65}},"219":{"start":{"line":448,"column":18},"end":{"line":448,"column":51}},"220":{"start":{"line":449,"column":2},"end":{"line":449,"column":63}},"221":{"start":{"line":449,"column":15},"end":{"line":449,"column":63}},"222":{"start":{"line":451,"column":2},"end":{"line":456,"column":3}},"223":{"start":{"line":452,"column":19},"end":{"line":452,"column":78}},"224":{"start":{"line":453,"column":4},"end":{"line":453,"column":40}},"225":{"start":{"line":455,"column":4},"end":{"line":455,"column":83}},"226":{"start":{"line":464,"column":0},"end":{"line":487,"column":3}},"227":{"start":{"line":465,"column":17},"end":{"line":465,"column":27}},"228":{"start":{"line":466,"column":42},"end":{"line":466,"column":50}},"229":{"start":{"line":468,"column":2},"end":{"line":470,"column":3}},"230":{"start":{"line":469,"column":4},"end":{"line":469,"column":71}},"231":{"start":{"line":472,"column":2},"end":{"line":474,"column":3}},"232":{"start":{"line":473,"column":4},"end":{"line":473,"column":108}},"233":{"start":{"line":476,"column":17},"end":{"line":476,"column":76}},"234":{"start":{"line":478,"column":2},"end":{"line":486,"column":3}},"235":{"start":{"line":479,"column":19},"end":{"line":479,"column":77}},"236":{"start":{"line":480,"column":4},"end":{"line":480,"column":40}},"237":{"start":{"line":482,"column":4},"end":{"line":484,"column":5}},"238":{"start":{"line":483,"column":6},"end":{"line":483,"column":56}},"239":{"start":{"line":485,"column":4},"end":{"line":485,"column":85}},"240":{"start":{"line":493,"column":0},"end":{"line":514,"column":3}},"241":{"start":{"line":494,"column":44},"end":{"line":494,"column":54}},"242":{"start":{"line":495,"column":24},"end":{"line":495,"column":48}},"243":{"start":{"line":497,"column":2},"end":{"line":499,"column":3}},"244":{"start":{"line":498,"column":4},"end":{"line":498,"column":71}},"245":{"start":{"line":501,"column":2},"end":{"line":503,"column":3}},"246":{"start":{"line":502,"column":4},"end":{"line":502,"column":70}},"247":{"start":{"line":505,"column":2},"end":{"line":513,"column":3}},"248":{"start":{"line":506,"column":19},"end":{"line":506,"column":63}},"249":{"start":{"line":507,"column":4},"end":{"line":507,"column":28}},"250":{"start":{"line":509,"column":4},"end":{"line":511,"column":5}},"251":{"start":{"line":510,"column":6},"end":{"line":510,"column":56}},"252":{"start":{"line":512,"column":4},"end":{"line":512,"column":81}},"253":{"start":{"line":516,"column":0},"end":{"line":540,"column":1}},"254":{"start":{"line":517,"column":2},"end":{"line":539,"column":5}},"255":{"start":{"line":518,"column":4},"end":{"line":518,"column":67}},"256":{"start":{"line":521,"column":4},"end":{"line":538,"column":5}},"257":{"start":{"line":522,"column":19},"end":{"line":522,"column":21}},"258":{"start":{"line":523,"column":6},"end":{"line":527,"column":45}},"259":{"start":{"line":524,"column":8},"end":{"line":526,"column":9}},"260":{"start":{"line":525,"column":10},"end":{"line":525,"column":68}},"261":{"start":{"line":529,"column":22},"end":{"line":529,"column":91}},"262":{"start":{"line":530,"column":30},"end":{"line":530,"column":78}},"263":{"start":{"line":531,"column":21},"end":{"line":531,"column":53}},"264":{"start":{"line":533,"column":6},"end":{"line":535,"column":7}},"265":{"start":{"line":534,"column":8},"end":{"line":534,"column":135}},"266":{"start":{"line":537,"column":6},"end":{"line":537,"column":76}},"267":{"start":{"line":542,"column":0},"end":{"line":542,"column":21}}},"fnMap":{"0":{"name":"(anonymous_0)","decl":{"start":{"line":27,"column":15},"end":{"line":27,"column":16}},"loc":{"start":{"line":27,"column":36},"end":{"line":27,"column":53}},"line":27},"1":{"name":"(anonymous_1)","decl":{"start":{"line":28,"column":12},"end":{"line":28,"column":13}},"loc":{"start":{"line":28,"column":32},"end":{"line":28,"column":59}},"line":28},"2":{"name":"(anonymous_2)","decl":{"start":{"line":33,"column":14},"end":{"line":33,"column":15}},"loc":{"start":{"line":33,"column":34},"end":{"line":38,"column":3}},"line":33},"3":{"name":"validateStringField","decl":{"start":{"line":51,"column":9},"end":{"line":51,"column":28}},"loc":{"start":{"line":51,"column":47},"end":{"line":56,"column":1}},"line":51},"4":{"name":"(anonymous_4)","decl":{"start":{"line":62,"column":19},"end":{"line":62,"column":20}},"loc":{"start":{"line":62,"column":34},"end":{"line":76,"column":1}},"line":62},"5":{"name":"(anonymous_5)","decl":{"start":{"line":84,"column":20},"end":{"line":84,"column":21}},"loc":{"start":{"line":84,"column":34},"end":{"line":122,"column":1}},"line":84},"6":{"name":"(anonymous_6)","decl":{"start":{"line":129,"column":19},"end":{"line":129,"column":20}},"loc":{"start":{"line":129,"column":39},"end":{"line":163,"column":1}},"line":129},"7":{"name":"(anonymous_7)","decl":{"start":{"line":157,"column":24},"end":{"line":157,"column":25}},"loc":{"start":{"line":157,"column":32},"end":{"line":157,"column":66}},"line":157},"8":{"name":"(anonymous_8)","decl":{"start":{"line":169,"column":17},"end":{"line":169,"column":18}},"loc":{"start":{"line":169,"column":38},"end":{"line":177,"column":1}},"line":169},"9":{"name":"(anonymous_9)","decl":{"start":{"line":172,"column":33},"end":{"line":172,"column":34}},"loc":{"start":{"line":172,"column":40},"end":{"line":172,"column":72}},"line":172},"10":{"name":"(anonymous_10)","decl":{"start":{"line":184,"column":17},"end":{"line":184,"column":18}},"loc":{"start":{"line":184,"column":37},"end":{"line":195,"column":1}},"line":184},"11":{"name":"(anonymous_11)","decl":{"start":{"line":202,"column":21},"end":{"line":202,"column":22}},"loc":{"start":{"line":202,"column":41},"end":{"line":213,"column":1}},"line":202},"12":{"name":"(anonymous_12)","decl":{"start":{"line":220,"column":20},"end":{"line":220,"column":21}},"loc":{"start":{"line":220,"column":34},"end":{"line":239,"column":1}},"line":220},"13":{"name":"(anonymous_13)","decl":{"start":{"line":221,"column":34},"end":{"line":221,"column":35}},"loc":{"start":{"line":221,"column":49},"end":{"line":238,"column":3}},"line":221},"14":{"name":"(anonymous_14)","decl":{"start":{"line":246,"column":19},"end":{"line":246,"column":20}},"loc":{"start":{"line":246,"column":39},"end":{"line":271,"column":1}},"line":246},"15":{"name":"ttsFetchError","decl":{"start":{"line":285,"column":9},"end":{"line":285,"column":22}},"loc":{"start":{"line":285,"column":26},"end":{"line":295,"column":1}},"line":285},"16":{"name":"(anonymous_16)","decl":{"start":{"line":308,"column":17},"end":{"line":308,"column":18}},"loc":{"start":{"line":308,"column":37},"end":{"line":344,"column":1}},"line":308},"17":{"name":"(anonymous_17)","decl":{"start":{"line":333,"column":49},"end":{"line":333,"column":50}},"loc":{"start":{"line":333,"column":55},"end":{"line":333,"column":74}},"line":333},"18":{"name":"(anonymous_18)","decl":{"start":{"line":350,"column":23},"end":{"line":350,"column":24}},"loc":{"start":{"line":350,"column":44},"end":{"line":361,"column":1}},"line":350},"19":{"name":"(anonymous_19)","decl":{"start":{"line":373,"column":23},"end":{"line":373,"column":24}},"loc":{"start":{"line":373,"column":37},"end":{"line":407,"column":1}},"line":373},"20":{"name":"(anonymous_20)","decl":{"start":{"line":374,"column":39},"end":{"line":374,"column":40}},"loc":{"start":{"line":374,"column":54},"end":{"line":406,"column":3}},"line":374},"21":{"name":"(anonymous_21)","decl":{"start":{"line":399,"column":51},"end":{"line":399,"column":52}},"loc":{"start":{"line":399,"column":57},"end":{"line":399,"column":76}},"line":399},"22":{"name":"(anonymous_22)","decl":{"start":{"line":413,"column":29},"end":{"line":413,"column":30}},"loc":{"start":{"line":413,"column":49},"end":{"line":432,"column":1}},"line":413},"23":{"name":"(anonymous_23)","decl":{"start":{"line":425,"column":49},"end":{"line":425,"column":50}},"loc":{"start":{"line":425,"column":55},"end":{"line":425,"column":74}},"line":425},"24":{"name":"(anonymous_24)","decl":{"start":{"line":439,"column":26},"end":{"line":439,"column":27}},"loc":{"start":{"line":439,"column":46},"end":{"line":457,"column":1}},"line":439},"25":{"name":"(anonymous_25)","decl":{"start":{"line":464,"column":31},"end":{"line":464,"column":32}},"loc":{"start":{"line":464,"column":51},"end":{"line":487,"column":1}},"line":464},"26":{"name":"(anonymous_26)","decl":{"start":{"line":493,"column":48},"end":{"line":493,"column":49}},"loc":{"start":{"line":493,"column":68},"end":{"line":514,"column":1}},"line":493},"27":{"name":"(anonymous_27)","decl":{"start":{"line":517,"column":19},"end":{"line":517,"column":20}},"loc":{"start":{"line":517,"column":31},"end":{"line":539,"column":3}},"line":517}},"branchMap":{"0":{"loc":{"start":{"line":14,"column":13},"end":{"line":14,"column":37}},"type":"binary-expr","locations":[{"start":{"line":14,"column":13},"end":{"line":14,"column":29}},{"start":{"line":14,"column":33},"end":{"line":14,"column":37}}],"line":14},"1":{"loc":{"start":{"line":34,"column":4},"end":{"line":36,"column":5}},"type":"if","locations":[{"start":{"line":34,"column":4},"end":{"line":36,"column":5}},{"start":{},"end":{}}],"line":34},"2":{"loc":{"start":{"line":52,"column":2},"end":{"line":54,"column":3}},"type":"if","locations":[{"start":{"line":52,"column":2},"end":{"line":54,"column":3}},{"start":{},"end":{}}],"line":52},"3":{"loc":{"start":{"line":52,"column":6},"end":{"line":52,"column":54}},"type":"binary-expr","locations":[{"start":{"line":52,"column":6},"end":{"line":52,"column":31}},{"start":{"line":52,"column":35},"end":{"line":52,"column":54}}],"line":52},"4":{"loc":{"start":{"line":65,"column":4},"end":{"line":67,"column":5}},"type":"if","locations":[{"start":{"line":65,"column":4},"end":{"line":67,"column":5}},{"start":{},"end":{}}],"line":65},"5":{"loc":{"start":{"line":72,"column":13},"end":{"line":72,"column":82}},"type":"binary-expr","locations":[{"start":{"line":72,"column":13},"end":{"line":72,"column":27}},{"start":{"line":72,"column":31},"end":{"line":72,"column":54}},{"start":{"line":72,"column":58},"end":{"line":72,"column":82}}],"line":72},"6":{"loc":{"start":{"line":73,"column":11},"end":{"line":73,"column":59}},"type":"binary-expr","locations":[{"start":{"line":73,"column":11},"end":{"line":73,"column":23}},{"start":{"line":73,"column":27},"end":{"line":73,"column":47}},{"start":{"line":73,"column":51},"end":{"line":73,"column":59}}],"line":73},"7":{"loc":{"start":{"line":74,"column":23},"end":{"line":74,"column":62}},"type":"binary-expr","locations":[{"start":{"line":74,"column":23},"end":{"line":74,"column":36}},{"start":{"line":74,"column":40},"end":{"line":74,"column":62}}],"line":74},"8":{"loc":{"start":{"line":88,"column":2},"end":{"line":88,"column":61}},"type":"if","locations":[{"start":{"line":88,"column":2},"end":{"line":88,"column":61}},{"start":{},"end":{}}],"line":88},"9":{"loc":{"start":{"line":99,"column":4},"end":{"line":101,"column":5}},"type":"if","locations":[{"start":{"line":99,"column":4},"end":{"line":101,"column":5}},{"start":{},"end":{}}],"line":99},"10":{"loc":{"start":{"line":106,"column":2},"end":{"line":108,"column":3}},"type":"if","locations":[{"start":{"line":106,"column":2},"end":{"line":108,"column":3}},{"start":{},"end":{}}],"line":106},"11":{"loc":{"start":{"line":106,"column":6},"end":{"line":106,"column":47}},"type":"binary-expr","locations":[{"start":{"line":106,"column":6},"end":{"line":106,"column":31}},{"start":{"line":106,"column":35},"end":{"line":106,"column":47}}],"line":106},"12":{"loc":{"start":{"line":111,"column":2},"end":{"line":113,"column":3}},"type":"if","locations":[{"start":{"line":111,"column":2},"end":{"line":113,"column":3}},{"start":{},"end":{}}],"line":111},"13":{"loc":{"start":{"line":112,"column":20},"end":{"line":112,"column":60}},"type":"cond-expr","locations":[{"start":{"line":112,"column":49},"end":{"line":112,"column":55}},{"start":{"line":112,"column":58},"end":{"line":112,"column":60}}],"line":112},"14":{"loc":{"start":{"line":131,"column":2},"end":{"line":141,"column":3}},"type":"if","locations":[{"start":{"line":131,"column":2},"end":{"line":141,"column":3}},{"start":{},"end":{}}],"line":131},"15":{"loc":{"start":{"line":134,"column":21},"end":{"line":136,"column":12}},"type":"cond-expr","locations":[{"start":{"line":135,"column":10},"end":{"line":135,"column":58}},{"start":{"line":136,"column":10},"end":{"line":136,"column":12}}],"line":134},"16":{"loc":{"start":{"line":137,"column":16},"end":{"line":137,"column":85}},"type":"binary-expr","locations":[{"start":{"line":137,"column":16},"end":{"line":137,"column":30}},{"start":{"line":137,"column":34},"end":{"line":137,"column":57}},{"start":{"line":137,"column":61},"end":{"line":137,"column":85}}],"line":137},"17":{"loc":{"start":{"line":139,"column":16},"end":{"line":139,"column":67}},"type":"binary-expr","locations":[{"start":{"line":139,"column":16},"end":{"line":139,"column":39}},{"start":{"line":139,"column":43},"end":{"line":139,"column":67}}],"line":139},"18":{"loc":{"start":{"line":152,"column":4},"end":{"line":154,"column":5}},"type":"if","locations":[{"start":{"line":152,"column":4},"end":{"line":154,"column":5}},{"start":{},"end":{}}],"line":152},"19":{"loc":{"start":{"line":156,"column":19},"end":{"line":158,"column":10}},"type":"cond-expr","locations":[{"start":{"line":157,"column":8},"end":{"line":157,"column":84}},{"start":{"line":158,"column":8},"end":{"line":158,"column":10}}],"line":156},"20":{"loc":{"start":{"line":157,"column":32},"end":{"line":157,"column":66}},"type":"cond-expr","locations":[{"start":{"line":157,"column":56},"end":{"line":157,"column":57}},{"start":{"line":157,"column":60},"end":{"line":157,"column":66}}],"line":157},"21":{"loc":{"start":{"line":187,"column":2},"end":{"line":187,"column":55}},"type":"if","locations":[{"start":{"line":187,"column":2},"end":{"line":187,"column":55}},{"start":{},"end":{}}],"line":187},"22":{"loc":{"start":{"line":205,"column":2},"end":{"line":205,"column":55}},"type":"if","locations":[{"start":{"line":205,"column":2},"end":{"line":205,"column":55}},{"start":{},"end":{}}],"line":205},"23":{"loc":{"start":{"line":222,"column":4},"end":{"line":224,"column":5}},"type":"if","locations":[{"start":{"line":222,"column":4},"end":{"line":224,"column":5}},{"start":{},"end":{}}],"line":222},"24":{"loc":{"start":{"line":225,"column":4},"end":{"line":227,"column":5}},"type":"if","locations":[{"start":{"line":225,"column":4},"end":{"line":227,"column":5}},{"start":{},"end":{}}],"line":225},"25":{"loc":{"start":{"line":233,"column":6},"end":{"line":235,"column":7}},"type":"if","locations":[{"start":{"line":233,"column":6},"end":{"line":235,"column":7}},{"start":{},"end":{}}],"line":233},"26":{"loc":{"start":{"line":249,"column":2},"end":{"line":249,"column":55}},"type":"if","locations":[{"start":{"line":249,"column":2},"end":{"line":249,"column":55}},{"start":{},"end":{}}],"line":249},"27":{"loc":{"start":{"line":252,"column":2},"end":{"line":254,"column":3}},"type":"if","locations":[{"start":{"line":252,"column":2},"end":{"line":254,"column":3}},{"start":{},"end":{}}],"line":252},"28":{"loc":{"start":{"line":252,"column":6},"end":{"line":252,"column":86}},"type":"binary-expr","locations":[{"start":{"line":252,"column":6},"end":{"line":252,"column":42}},{"start":{"line":252,"column":46},"end":{"line":252,"column":86}}],"line":252},"29":{"loc":{"start":{"line":257,"column":2},"end":{"line":259,"column":3}},"type":"if","locations":[{"start":{"line":257,"column":2},"end":{"line":259,"column":3}},{"start":{},"end":{}}],"line":257},"30":{"loc":{"start":{"line":266,"column":4},"end":{"line":268,"column":5}},"type":"if","locations":[{"start":{"line":266,"column":4},"end":{"line":268,"column":5}},{"start":{},"end":{}}],"line":266},"31":{"loc":{"start":{"line":286,"column":2},"end":{"line":288,"column":3}},"type":"if","locations":[{"start":{"line":286,"column":2},"end":{"line":288,"column":3}},{"start":{},"end":{}}],"line":286},"32":{"loc":{"start":{"line":286,"column":6},"end":{"line":286,"column":58}},"type":"binary-expr","locations":[{"start":{"line":286,"column":6},"end":{"line":286,"column":31}},{"start":{"line":286,"column":35},"end":{"line":286,"column":58}}],"line":286},"33":{"loc":{"start":{"line":289,"column":17},"end":{"line":289,"column":46}},"type":"binary-expr","locations":[{"start":{"line":289,"column":17},"end":{"line":289,"column":33}},{"start":{"line":289,"column":37},"end":{"line":289,"column":46}}],"line":289},"34":{"loc":{"start":{"line":291,"column":2},"end":{"line":293,"column":3}},"type":"if","locations":[{"start":{"line":291,"column":2},"end":{"line":293,"column":3}},{"start":{},"end":{}}],"line":291},"35":{"loc":{"start":{"line":311,"column":2},"end":{"line":311,"column":55}},"type":"if","locations":[{"start":{"line":311,"column":2},"end":{"line":311,"column":55}},{"start":{},"end":{}}],"line":311},"36":{"loc":{"start":{"line":313,"column":19},"end":{"line":313,"column":67}},"type":"binary-expr","locations":[{"start":{"line":313,"column":19},"end":{"line":313,"column":40}},{"start":{"line":313,"column":44},"end":{"line":313,"column":67}}],"line":313},"37":{"loc":{"start":{"line":317,"column":18},"end":{"line":317,"column":69}},"type":"cond-expr","locations":[{"start":{"line":317,"column":49},"end":{"line":317,"column":64}},{"start":{"line":317,"column":67},"end":{"line":317,"column":69}}],"line":317},"38":{"loc":{"start":{"line":318,"column":24},"end":{"line":318,"column":87}},"type":"cond-expr","locations":[{"start":{"line":318,"column":61},"end":{"line":318,"column":82}},{"start":{"line":318,"column":85},"end":{"line":318,"column":87}}],"line":318},"39":{"loc":{"start":{"line":319,"column":2},"end":{"line":319,"column":44}},"type":"if","locations":[{"start":{"line":319,"column":2},"end":{"line":319,"column":44}},{"start":{},"end":{}}],"line":319},"40":{"loc":{"start":{"line":320,"column":2},"end":{"line":320,"column":81}},"type":"if","locations":[{"start":{"line":320,"column":2},"end":{"line":320,"column":81}},{"start":{},"end":{}}],"line":320},"41":{"loc":{"start":{"line":321,"column":2},"end":{"line":321,"column":69}},"type":"if","locations":[{"start":{"line":321,"column":2},"end":{"line":321,"column":69}},{"start":{},"end":{}}],"line":321},"42":{"loc":{"start":{"line":322,"column":2},"end":{"line":322,"column":62}},"type":"if","locations":[{"start":{"line":322,"column":2},"end":{"line":322,"column":62}},{"start":{},"end":{}}],"line":322},"43":{"loc":{"start":{"line":332,"column":4},"end":{"line":335,"column":5}},"type":"if","locations":[{"start":{"line":332,"column":4},"end":{"line":335,"column":5}},{"start":{},"end":{}}],"line":332},"44":{"loc":{"start":{"line":351,"column":19},"end":{"line":351,"column":67}},"type":"binary-expr","locations":[{"start":{"line":351,"column":19},"end":{"line":351,"column":40}},{"start":{"line":351,"column":44},"end":{"line":351,"column":67}}],"line":351},"45":{"loc":{"start":{"line":354,"column":4},"end":{"line":356,"column":5}},"type":"if","locations":[{"start":{"line":354,"column":4},"end":{"line":356,"column":5}},{"start":{},"end":{}}],"line":354},"46":{"loc":{"start":{"line":375,"column":4},"end":{"line":375,"column":65}},"type":"if","locations":[{"start":{"line":375,"column":4},"end":{"line":375,"column":65}},{"start":{},"end":{}}],"line":375},"47":{"loc":{"start":{"line":376,"column":4},"end":{"line":376,"column":113}},"type":"if","locations":[{"start":{"line":376,"column":4},"end":{"line":376,"column":113}},{"start":{},"end":{}}],"line":376},"48":{"loc":{"start":{"line":378,"column":17},"end":{"line":378,"column":78}},"type":"cond-expr","locations":[{"start":{"line":378,"column":53},"end":{"line":378,"column":73}},{"start":{"line":378,"column":76},"end":{"line":378,"column":78}}],"line":378},"49":{"loc":{"start":{"line":379,"column":4},"end":{"line":381,"column":5}},"type":"if","locations":[{"start":{"line":379,"column":4},"end":{"line":381,"column":5}},{"start":{},"end":{}}],"line":379},"50":{"loc":{"start":{"line":379,"column":8},"end":{"line":379,"column":47}},"type":"binary-expr","locations":[{"start":{"line":379,"column":8},"end":{"line":379,"column":13}},{"start":{"line":379,"column":17},"end":{"line":379,"column":47}}],"line":379},"51":{"loc":{"start":{"line":383,"column":21},"end":{"line":383,"column":69}},"type":"binary-expr","locations":[{"start":{"line":383,"column":21},"end":{"line":383,"column":42}},{"start":{"line":383,"column":46},"end":{"line":383,"column":69}}],"line":383},"52":{"loc":{"start":{"line":398,"column":6},"end":{"line":401,"column":7}},"type":"if","locations":[{"start":{"line":398,"column":6},"end":{"line":401,"column":7}},{"start":{},"end":{}}],"line":398},"53":{"loc":{"start":{"line":415,"column":2},"end":{"line":417,"column":3}},"type":"if","locations":[{"start":{"line":415,"column":2},"end":{"line":417,"column":3}},{"start":{},"end":{}}],"line":415},"54":{"loc":{"start":{"line":415,"column":6},"end":{"line":415,"column":41}},"type":"binary-expr","locations":[{"start":{"line":415,"column":6},"end":{"line":415,"column":9}},{"start":{"line":415,"column":13},"end":{"line":415,"column":41}}],"line":415},"55":{"loc":{"start":{"line":418,"column":19},"end":{"line":418,"column":67}},"type":"binary-expr","locations":[{"start":{"line":418,"column":19},"end":{"line":418,"column":40}},{"start":{"line":418,"column":44},"end":{"line":418,"column":67}}],"line":418},"56":{"loc":{"start":{"line":424,"column":4},"end":{"line":427,"column":5}},"type":"if","locations":[{"start":{"line":424,"column":4},"end":{"line":427,"column":5}},{"start":{},"end":{}}],"line":424},"57":{"loc":{"start":{"line":426,"column":24},"end":{"line":426,"column":59}},"type":"cond-expr","locations":[{"start":{"line":426,"column":50},"end":{"line":426,"column":53}},{"start":{"line":426,"column":56},"end":{"line":426,"column":59}}],"line":426},"58":{"loc":{"start":{"line":443,"column":2},"end":{"line":443,"column":65}},"type":"if","locations":[{"start":{"line":443,"column":2},"end":{"line":443,"column":65}},{"start":{},"end":{}}],"line":443},"59":{"loc":{"start":{"line":446,"column":2},"end":{"line":446,"column":65}},"type":"if","locations":[{"start":{"line":446,"column":2},"end":{"line":446,"column":65}},{"start":{},"end":{}}],"line":446},"60":{"loc":{"start":{"line":449,"column":2},"end":{"line":449,"column":63}},"type":"if","locations":[{"start":{"line":449,"column":2},"end":{"line":449,"column":63}},{"start":{},"end":{}}],"line":449},"61":{"loc":{"start":{"line":468,"column":2},"end":{"line":470,"column":3}},"type":"if","locations":[{"start":{"line":468,"column":2},"end":{"line":470,"column":3}},{"start":{},"end":{}}],"line":468},"62":{"loc":{"start":{"line":468,"column":6},"end":{"line":468,"column":37}},"type":"binary-expr","locations":[{"start":{"line":468,"column":6},"end":{"line":468,"column":9}},{"start":{"line":468,"column":13},"end":{"line":468,"column":37}}],"line":468},"63":{"loc":{"start":{"line":472,"column":2},"end":{"line":474,"column":3}},"type":"if","locations":[{"start":{"line":472,"column":2},"end":{"line":474,"column":3}},{"start":{},"end":{}}],"line":472},"64":{"loc":{"start":{"line":472,"column":6},"end":{"line":472,"column":59}},"type":"binary-expr","locations":[{"start":{"line":472,"column":6},"end":{"line":472,"column":38}},{"start":{"line":472,"column":42},"end":{"line":472,"column":59}}],"line":472},"65":{"loc":{"start":{"line":476,"column":17},"end":{"line":476,"column":76}},"type":"cond-expr","locations":[{"start":{"line":476,"column":52},"end":{"line":476,"column":71}},{"start":{"line":476,"column":74},"end":{"line":476,"column":76}}],"line":476},"66":{"loc":{"start":{"line":482,"column":4},"end":{"line":484,"column":5}},"type":"if","locations":[{"start":{"line":482,"column":4},"end":{"line":484,"column":5}},{"start":{},"end":{}}],"line":482},"67":{"loc":{"start":{"line":497,"column":2},"end":{"line":499,"column":3}},"type":"if","locations":[{"start":{"line":497,"column":2},"end":{"line":499,"column":3}},{"start":{},"end":{}}],"line":497},"68":{"loc":{"start":{"line":497,"column":6},"end":{"line":497,"column":37}},"type":"binary-expr","locations":[{"start":{"line":497,"column":6},"end":{"line":497,"column":9}},{"start":{"line":497,"column":13},"end":{"line":497,"column":37}}],"line":497},"69":{"loc":{"start":{"line":501,"column":2},"end":{"line":503,"column":3}},"type":"if","locations":[{"start":{"line":501,"column":2},"end":{"line":503,"column":3}},{"start":{},"end":{}}],"line":501},"70":{"loc":{"start":{"line":501,"column":6},"end":{"line":501,"column":59}},"type":"binary-expr","locations":[{"start":{"line":501,"column":6},"end":{"line":501,"column":38}},{"start":{"line":501,"column":42},"end":{"line":501,"column":59}}],"line":501},"71":{"loc":{"start":{"line":509,"column":4},"end":{"line":511,"column":5}},"type":"if","locations":[{"start":{"line":509,"column":4},"end":{"line":511,"column":5}},{"start":{},"end":{}}],"line":509},"72":{"loc":{"start":{"line":509,"column":8},"end":{"line":509,"column":82}},"type":"binary-expr","locations":[{"start":{"line":509,"column":8},"end":{"line":509,"column":47}},{"start":{"line":509,"column":51},"end":{"line":509,"column":82}}],"line":509},"73":{"loc":{"start":{"line":516,"column":0},"end":{"line":540,"column":1}},"type":"if","locations":[{"start":{"line":516,"column":0},"end":{"line":540,"column":1}},{"start":{},"end":{}}],"line":516},"74":{"loc":{"start":{"line":524,"column":8},"end":{"line":526,"column":9}},"type":"if","locations":[{"start":{"line":524,"column":8},"end":{"line":526,"column":9}},{"start":{},"end":{}}],"line":524},"75":{"loc":{"start":{"line":529,"column":22},"end":{"line":529,"column":91}},"type":"binary-expr","locations":[{"start":{"line":529,"column":22},"end":{"line":529,"column":36}},{"start":{"line":529,"column":40},"end":{"line":529,"column":63}},{"start":{"line":529,"column":67},"end":{"line":529,"column":91}}],"line":529},"76":{"loc":{"start":{"line":530,"column":30},"end":{"line":530,"column":78}},"type":"binary-expr","locations":[{"start":{"line":530,"column":30},"end":{"line":530,"column":42}},{"start":{"line":530,"column":46},"end":{"line":530,"column":66}},{"start":{"line":530,"column":70},"end":{"line":530,"column":78}}],"line":530},"77":{"loc":{"start":{"line":533,"column":6},"end":{"line":535,"column":7}},"type":"if","locations":[{"start":{"line":533,"column":6},"end":{"line":535,"column":7}},{"start":{},"end":{}}],"line":533},"78":{"loc":{"start":{"line":533,"column":10},"end":{"line":533,"column":64}},"type":"binary-expr","locations":[{"start":{"line":533,"column":10},"end":{"line":533,"column":27}},{"start":{"line":533,"column":31},"end":{"line":533,"column":64}}],"line":533}},"s":{"0":1,"1":1,"2":1,"3":1,"4":1,"5":1,"6":1,"7":1,"8":1,"9":1,"10":1,"11":1,"12":1,"13":1,"14":1,"15":1,"16":1,"17":1,"18":3,"19":3,"20":1,"21":4,"22":1,"23":3,"24":1,"25":1,"26":54,"27":19,"28":35,"29":1,"30":3,"31":3,"32":3,"33":2,"34":0,"35":3,"36":1,"37":6,"38":6,"39":6,"40":2,"41":4,"42":4,"43":1,"44":3,"45":3,"46":3,"47":2,"48":3,"49":3,"50":3,"51":3,"52":2,"53":3,"54":3,"55":3,"56":3,"57":0,"58":1,"59":0,"60":0,"61":0,"62":0,"63":0,"64":0,"65":0,"66":0,"67":0,"68":0,"69":0,"70":0,"71":0,"72":0,"73":0,"74":0,"75":0,"76":0,"77":1,"78":0,"79":0,"80":0,"81":0,"82":0,"83":0,"84":1,"85":7,"86":7,"87":7,"88":4,"89":3,"90":3,"91":2,"92":1,"93":1,"94":7,"95":7,"96":7,"97":4,"98":3,"99":3,"100":2,"101":1,"102":1,"103":5,"104":5,"105":1,"106":4,"107":1,"108":3,"109":3,"110":1,"111":2,"112":1,"113":1,"114":1,"115":7,"116":7,"117":7,"118":1,"119":6,"120":2,"121":4,"122":4,"123":1,"124":3,"125":3,"126":3,"127":1,"128":2,"129":1,"130":1,"131":4,"132":0,"133":4,"134":4,"135":4,"136":4,"137":0,"138":1,"139":1,"140":1,"141":9,"142":9,"143":9,"144":3,"145":6,"146":6,"147":6,"148":6,"149":6,"150":6,"151":1,"152":6,"153":1,"154":6,"155":1,"156":6,"157":1,"158":6,"159":6,"160":5,"161":1,"162":0,"163":1,"164":4,"165":4,"166":4,"167":4,"168":1,"169":1,"170":2,"171":2,"172":2,"173":1,"174":0,"175":1,"176":1,"177":1,"178":1,"179":6,"180":6,"181":0,"182":6,"183":1,"184":5,"185":5,"186":2,"187":3,"188":3,"189":3,"190":3,"191":3,"192":2,"193":1,"194":0,"195":1,"196":1,"197":1,"198":1,"199":4,"200":4,"201":1,"202":3,"203":3,"204":3,"205":2,"206":1,"207":0,"208":1,"209":1,"210":1,"211":1,"212":8,"213":8,"214":8,"215":2,"216":6,"217":6,"218":2,"219":4,"220":4,"221":1,"222":3,"223":3,"224":2,"225":1,"226":1,"227":8,"228":8,"229":8,"230":2,"231":6,"232":3,"233":3,"234":3,"235":3,"236":1,"237":2,"238":1,"239":1,"240":1,"241":0,"242":0,"243":0,"244":0,"245":0,"246":0,"247":0,"248":0,"249":0,"250":0,"251":0,"252":0,"253":1,"254":0,"255":0,"256":0,"257":0,"258":0,"259":0,"260":0,"261":0,"262":0,"263":0,"264":0,"265":0,"266":0,"267":1},"f":{"0":3,"1":3,"2":4,"3":54,"4":3,"5":6,"6":0,"7":0,"8":0,"9":0,"10":7,"11":7,"12":5,"13":5,"14":7,"15":4,"16":9,"17":0,"18":2,"19":6,"20":6,"21":0,"22":4,"23":0,"24":8,"25":8,"26":0,"27":0},"b":{"0":[1,1],"1":[1,3],"2":[19,35],"3":[54,43],"4":[2,1],"5":[3,1,1],"6":[3,1,1],"7":[3,1],"8":[2,4],"9":[2,1],"10":[3,0],"11":[3,3],"12":[2,1],"13":[2,0],"14":[0,0],"15":[0,0],"16":[0,0,0],"17":[0,0],"18":[0,0],"19":[0,0],"20":[0,0],"21":[4,3],"22":[4,3],"23":[1,4],"24":[1,3],"25":[1,1],"26":[1,6],"27":[2,4],"28":[6,5],"29":[1,3],"30":[1,1],"31":[0,4],"32":[4,4],"33":[4,4],"34":[4,0],"35":[3,6],"36":[6,6],"37":[1,5],"38":[1,5],"39":[1,5],"40":[1,5],"41":[1,5],"42":[1,5],"43":[1,4],"44":[2,2],"45":[0,1],"46":[0,6],"47":[1,5],"48":[4,1],"49":[2,3],"50":[5,4],"51":[3,3],"52":[1,1],"53":[1,3],"54":[4,4],"55":[3,3],"56":[1,1],"57":[1,0],"58":[2,6],"59":[2,4],"60":[1,3],"61":[2,6],"62":[8,8],"63":[3,3],"64":[6,4],"65":[0,3],"66":[1,1],"67":[0,0],"68":[0,0],"69":[0,0],"70":[0,0],"71":[0,0],"72":[0,0],"73":[0,1],"74":[0,0],"75":[0,0,0],"76":[0,0,0],"77":[0,0],"78":[0,0]},"_coverageSchema":"1a1c01bbd47fc00a2c39e90264f33305004495a9","hash":"cf2e87c6b8df9646a8d9ea1f92b2173edb8ad136"}
,"/home/runner/work/PincerX/PincerX/openclaw/ai.js": {"path":"/home/runner/work/PincerX/PincerX/openclaw/ai.js","statementMap":{"0":{"start":{"line":3,"column":11},"end":{"line":3,"column":24}},"1":{"start":{"line":4,"column":13},"end":{"line":4,"column":28}},"2":{"start":{"line":5,"column":14},"end":{"line":5,"column":30}},"3":{"start":{"line":6,"column":13},"end":{"line":6,"column":28}},"4":{"start":{"line":8,"column":25},"end":{"line":8,"column":76}},"5":{"start":{"line":9,"column":22},"end":{"line":9,"column":54}},"6":{"start":{"line":10,"column":24},"end":{"line":10,"column":52}},"7":{"start":{"line":11,"column":27},"end":{"line":11,"column":103}},"8":{"start":{"line":13,"column":20},"end":{"line":13,"column":72}},"9":{"start":{"line":28,"column":2},"end":{"line":30,"column":3}},"10":{"start":{"line":29,"column":4},"end":{"line":29,"column":57}},"11":{"start":{"line":32,"column":19},"end":{"line":32,"column":29}},"12":{"start":{"line":34,"column":2},"end":{"line":47,"column":3}},"13":{"start":{"line":37,"column":28},"end":{"line":37,"column":66}},"14":{"start":{"line":38,"column":4},"end":{"line":40,"column":5}},"15":{"start":{"line":39,"column":6},"end":{"line":39,"column":59}},"16":{"start":{"line":41,"column":9},"end":{"line":47,"column":3}},"17":{"start":{"line":43,"column":4},"end":{"line":43,"column":57}},"18":{"start":{"line":46,"column":4},"end":{"line":46,"column":40}},"19":{"start":{"line":50,"column":2},"end":{"line":50,"column":46}},"20":{"start":{"line":53,"column":2},"end":{"line":57,"column":3}},"21":{"start":{"line":54,"column":4},"end":{"line":54,"column":24}},"22":{"start":{"line":56,"column":4},"end":{"line":56,"column":57}},"23":{"start":{"line":59,"column":2},"end":{"line":59,"column":20}},"24":{"start":{"line":64,"column":0},"end":{"line":68,"column":1}},"25":{"start":{"line":65,"column":2},"end":{"line":65,"column":74}},"26":{"start":{"line":67,"column":2},"end":{"line":67,"column":68}},"27":{"start":{"line":77,"column":2},"end":{"line":81,"column":3}},"28":{"start":{"line":78,"column":4},"end":{"line":78,"column":60}},"29":{"start":{"line":80,"column":4},"end":{"line":80,"column":14}},"30":{"start":{"line":95,"column":2},"end":{"line":127,"column":5}},"31":{"start":{"line":96,"column":16},"end":{"line":96,"column":46}},"32":{"start":{"line":97,"column":20},"end":{"line":97,"column":45}},"33":{"start":{"line":98,"column":22},"end":{"line":98,"column":44}},"34":{"start":{"line":100,"column":20},"end":{"line":100,"column":39}},"35":{"start":{"line":101,"column":4},"end":{"line":104,"column":5}},"36":{"start":{"line":102,"column":6},"end":{"line":102,"column":51}},"37":{"start":{"line":103,"column":6},"end":{"line":103,"column":58}},"38":{"start":{"line":106,"column":16},"end":{"line":119,"column":5}},"39":{"start":{"line":115,"column":19},"end":{"line":115,"column":21}},"40":{"start":{"line":116,"column":8},"end":{"line":116,"column":54}},"41":{"start":{"line":116,"column":36},"end":{"line":116,"column":50}},"42":{"start":{"line":117,"column":8},"end":{"line":117,"column":43}},"43":{"start":{"line":117,"column":28},"end":{"line":117,"column":41}},"44":{"start":{"line":121,"column":4},"end":{"line":121,"column":28}},"45":{"start":{"line":123,"column":4},"end":{"line":125,"column":5}},"46":{"start":{"line":124,"column":6},"end":{"line":124,"column":22}},"47":{"start":{"line":126,"column":4},"end":{"line":126,"column":14}},"48":{"start":{"line":138,"column":24},"end":{"line":138,"column":43}},"49":{"start":{"line":139,"column":18},"end":{"line":141,"column":3}},"50":{"start":{"line":144,"column":2},"end":{"line":148,"column":3}},"51":{"start":{"line":145,"column":4},"end":{"line":145,"column":57}},"52":{"start":{"line":147,"column":4},"end":{"line":147,"column":61}},"53":{"start":{"line":150,"column":2},"end":{"line":155,"column":3}},"54":{"start":{"line":151,"column":19},"end":{"line":151,"column":34}},"55":{"start":{"line":152,"column":4},"end":{"line":152,"column":114}},"56":{"start":{"line":152,"column":44},"end":{"line":152,"column":50}},"57":{"start":{"line":152,"column":69},"end":{"line":152,"column":112}},"58":{"start":{"line":154,"column":4},"end":{"line":154,"column":66}},"59":{"start":{"line":170,"column":24},"end":{"line":170,"column":43}},"60":{"start":{"line":171,"column":18},"end":{"line":173,"column":3}},"61":{"start":{"line":174,"column":16},"end":{"line":174,"column":69}},"62":{"start":{"line":175,"column":17},"end":{"line":175,"column":74}},"63":{"start":{"line":176,"column":20},"end":{"line":176,"column":92}},"64":{"start":{"line":178,"column":15},"end":{"line":182,"column":4}},"65":{"start":{"line":184,"column":2},"end":{"line":252,"column":5}},"66":{"start":{"line":185,"column":16},"end":{"line":185,"column":49}},"67":{"start":{"line":186,"column":20},"end":{"line":186,"column":45}},"68":{"start":{"line":187,"column":22},"end":{"line":187,"column":44}},"69":{"start":{"line":189,"column":20},"end":{"line":192,"column":5}},"70":{"start":{"line":193,"column":4},"end":{"line":195,"column":5}},"71":{"start":{"line":194,"column":6},"end":{"line":194,"column":52}},"72":{"start":{"line":197,"column":23},"end":{"line":203,"column":5}},"73":{"start":{"line":207,"column":18},"end":{"line":207,"column":23}},"74":{"start":{"line":211,"column":6},"end":{"line":215,"column":7}},"75":{"start":{"line":212,"column":8},"end":{"line":212,"column":23}},"76":{"start":{"line":213,"column":8},"end":{"line":213,"column":28}},"77":{"start":{"line":214,"column":8},"end":{"line":214,"column":13}},"78":{"start":{"line":218,"column":16},"end":{"line":234,"column":6}},"79":{"start":{"line":219,"column":17},"end":{"line":219,"column":19}},"80":{"start":{"line":220,"column":6},"end":{"line":220,"column":52}},"81":{"start":{"line":220,"column":34},"end":{"line":220,"column":48}},"82":{"start":{"line":221,"column":6},"end":{"line":233,"column":9}},"83":{"start":{"line":222,"column":8},"end":{"line":232,"column":11}},"84":{"start":{"line":223,"column":10},"end":{"line":231,"column":11}},"85":{"start":{"line":224,"column":27},"end":{"line":224,"column":43}},"86":{"start":{"line":225,"column":12},"end":{"line":227,"column":13}},"87":{"start":{"line":226,"column":14},"end":{"line":226,"column":68}},"88":{"start":{"line":228,"column":12},"end":{"line":228,"column":43}},"89":{"start":{"line":230,"column":12},"end":{"line":230,"column":77}},"90":{"start":{"line":236,"column":4},"end":{"line":238,"column":7}},"91":{"start":{"line":237,"column":6},"end":{"line":237,"column":104}},"92":{"start":{"line":237,"column":19},"end":{"line":237,"column":102}},"93":{"start":{"line":244,"column":4},"end":{"line":248,"column":18}},"94":{"start":{"line":245,"column":6},"end":{"line":247,"column":7}},"95":{"start":{"line":246,"column":8},"end":{"line":246,"column":55}},"96":{"start":{"line":250,"column":4},"end":{"line":250,"column":20}},"97":{"start":{"line":251,"column":4},"end":{"line":251,"column":14}},"98":{"start":{"line":255,"column":0},"end":{"line":255,"column":55}}},"fnMap":{"0":{"name":"normalizeBaseUrl","decl":{"start":{"line":27,"column":9},"end":{"line":27,"column":25}},"loc":{"start":{"line":27,"column":31},"end":{"line":60,"column":1}},"line":27},"1":{"name":"loadRuntimeConfig","decl":{"start":{"line":76,"column":9},"end":{"line":76,"column":26}},"loc":{"start":{"line":76,"column":29},"end":{"line":82,"column":1}},"line":76},"2":{"name":"httpRequest","decl":{"start":{"line":94,"column":9},"end":{"line":94,"column":20}},"loc":{"start":{"line":94,"column":84},"end":{"line":128,"column":1}},"line":94},"3":{"name":"(anonymous_3)","decl":{"start":{"line":95,"column":21},"end":{"line":95,"column":22}},"loc":{"start":{"line":95,"column":42},"end":{"line":127,"column":3}},"line":95},"4":{"name":"(anonymous_4)","decl":{"start":{"line":114,"column":6},"end":{"line":114,"column":7}},"loc":{"start":{"line":114,"column":15},"end":{"line":118,"column":7}},"line":114},"5":{"name":"(anonymous_5)","decl":{"start":{"line":116,"column":23},"end":{"line":116,"column":24}},"loc":{"start":{"line":116,"column":34},"end":{"line":116,"column":52}},"line":116},"6":{"name":"(anonymous_6)","decl":{"start":{"line":117,"column":22},"end":{"line":117,"column":23}},"loc":{"start":{"line":117,"column":28},"end":{"line":117,"column":41}},"line":117},"7":{"name":"listModels","decl":{"start":{"line":137,"column":15},"end":{"line":137,"column":25}},"loc":{"start":{"line":137,"column":40},"end":{"line":156,"column":1}},"line":137},"8":{"name":"(anonymous_8)","decl":{"start":{"line":152,"column":37},"end":{"line":152,"column":38}},"loc":{"start":{"line":152,"column":44},"end":{"line":152,"column":50}},"line":152},"9":{"name":"(anonymous_9)","decl":{"start":{"line":152,"column":59},"end":{"line":152,"column":60}},"loc":{"start":{"line":152,"column":69},"end":{"line":152,"column":112}},"line":152},"10":{"name":"ask","decl":{"start":{"line":169,"column":9},"end":{"line":169,"column":12}},"loc":{"start":{"line":169,"column":35},"end":{"line":253,"column":1}},"line":169},"11":{"name":"(anonymous_11)","decl":{"start":{"line":184,"column":21},"end":{"line":184,"column":22}},"loc":{"start":{"line":184,"column":42},"end":{"line":252,"column":3}},"line":184},"12":{"name":"settle","decl":{"start":{"line":210,"column":13},"end":{"line":210,"column":19}},"loc":{"start":{"line":210,"column":24},"end":{"line":216,"column":5}},"line":210},"13":{"name":"(anonymous_13)","decl":{"start":{"line":218,"column":46},"end":{"line":218,"column":47}},"loc":{"start":{"line":218,"column":55},"end":{"line":234,"column":5}},"line":218},"14":{"name":"(anonymous_14)","decl":{"start":{"line":220,"column":21},"end":{"line":220,"column":22}},"loc":{"start":{"line":220,"column":32},"end":{"line":220,"column":50}},"line":220},"15":{"name":"(anonymous_15)","decl":{"start":{"line":221,"column":20},"end":{"line":221,"column":21}},"loc":{"start":{"line":221,"column":26},"end":{"line":233,"column":7}},"line":221},"16":{"name":"(anonymous_16)","decl":{"start":{"line":222,"column":15},"end":{"line":222,"column":16}},"loc":{"start":{"line":222,"column":21},"end":{"line":232,"column":9}},"line":222},"17":{"name":"(anonymous_17)","decl":{"start":{"line":236,"column":20},"end":{"line":236,"column":21}},"loc":{"start":{"line":236,"column":29},"end":{"line":238,"column":5}},"line":236},"18":{"name":"(anonymous_18)","decl":{"start":{"line":237,"column":13},"end":{"line":237,"column":14}},"loc":{"start":{"line":237,"column":19},"end":{"line":237,"column":102}},"line":237},"19":{"name":"(anonymous_19)","decl":{"start":{"line":244,"column":23},"end":{"line":244,"column":24}},"loc":{"start":{"line":244,"column":29},"end":{"line":248,"column":5}},"line":244}},"branchMap":{"0":{"loc":{"start":{"line":8,"column":25},"end":{"line":8,"column":76}},"type":"binary-expr","locations":[{"start":{"line":8,"column":25},"end":{"line":8,"column":48}},{"start":{"line":8,"column":52},"end":{"line":8,"column":76}}],"line":8},"1":{"loc":{"start":{"line":9,"column":22},"end":{"line":9,"column":54}},"type":"binary-expr","locations":[{"start":{"line":9,"column":22},"end":{"line":9,"column":42}},{"start":{"line":9,"column":46},"end":{"line":9,"column":54}}],"line":9},"2":{"loc":{"start":{"line":10,"column":24},"end":{"line":10,"column":52}},"type":"binary-expr","locations":[{"start":{"line":10,"column":24},"end":{"line":10,"column":46}},{"start":{"line":10,"column":50},"end":{"line":10,"column":52}}],"line":10},"3":{"loc":{"start":{"line":11,"column":27},"end":{"line":11,"column":103}},"type":"cond-expr","locations":[{"start":{"line":11,"column":55},"end":{"line":11,"column":94}},{"start":{"line":11,"column":97},"end":{"line":11,"column":103}}],"line":11},"4":{"loc":{"start":{"line":28,"column":2},"end":{"line":30,"column":3}},"type":"if","locations":[{"start":{"line":28,"column":2},"end":{"line":30,"column":3}},{"start":{},"end":{}}],"line":28},"5":{"loc":{"start":{"line":28,"column":6},"end":{"line":28,"column":58}},"type":"binary-expr","locations":[{"start":{"line":28,"column":6},"end":{"line":28,"column":10}},{"start":{"line":28,"column":14},"end":{"line":28,"column":37}},{"start":{"line":28,"column":41},"end":{"line":28,"column":58}}],"line":28},"6":{"loc":{"start":{"line":34,"column":2},"end":{"line":47,"column":3}},"type":"if","locations":[{"start":{"line":34,"column":2},"end":{"line":47,"column":3}},{"start":{"line":41,"column":9},"end":{"line":47,"column":3}}],"line":34},"7":{"loc":{"start":{"line":34,"column":6},"end":{"line":34,"column":75}},"type":"binary-expr","locations":[{"start":{"line":34,"column":6},"end":{"line":34,"column":38}},{"start":{"line":34,"column":42},"end":{"line":34,"column":75}}],"line":34},"8":{"loc":{"start":{"line":38,"column":4},"end":{"line":40,"column":5}},"type":"if","locations":[{"start":{"line":38,"column":4},"end":{"line":40,"column":5}},{"start":{},"end":{}}],"line":38},"9":{"loc":{"start":{"line":41,"column":9},"end":{"line":47,"column":3}},"type":"if","locations":[{"start":{"line":41,"column":9},"end":{"line":47,"column":3}},{"start":{"line":44,"column":9},"end":{"line":47,"column":3}}],"line":41},"10":{"loc":{"start":{"line":94,"column":52},"end":{"line":94,"column":63}},"type":"default-arg","locations":[{"start":{"line":94,"column":59},"end":{"line":94,"column":63}}],"line":94},"11":{"loc":{"start":{"line":94,"column":65},"end":{"line":94,"column":82}},"type":"default-arg","locations":[{"start":{"line":94,"column":80},"end":{"line":94,"column":82}}],"line":94},"12":{"loc":{"start":{"line":98,"column":22},"end":{"line":98,"column":44}},"type":"cond-expr","locations":[{"start":{"line":98,"column":32},"end":{"line":98,"column":37}},{"start":{"line":98,"column":40},"end":{"line":98,"column":44}}],"line":98},"13":{"loc":{"start":{"line":101,"column":4},"end":{"line":104,"column":5}},"type":"if","locations":[{"start":{"line":101,"column":4},"end":{"line":104,"column":5}},{"start":{},"end":{}}],"line":101},"14":{"loc":{"start":{"line":109,"column":14},"end":{"line":109,"column":46}},"type":"binary-expr","locations":[{"start":{"line":109,"column":14},"end":{"line":109,"column":22}},{"start":{"line":109,"column":27},"end":{"line":109,"column":45}}],"line":109},"15":{"loc":{"start":{"line":109,"column":27},"end":{"line":109,"column":45}},"type":"cond-expr","locations":[{"start":{"line":109,"column":37},"end":{"line":109,"column":40}},{"start":{"line":109,"column":43},"end":{"line":109,"column":45}}],"line":109},"16":{"loc":{"start":{"line":123,"column":4},"end":{"line":125,"column":5}},"type":"if","locations":[{"start":{"line":123,"column":4},"end":{"line":125,"column":5}},{"start":{},"end":{}}],"line":123},"17":{"loc":{"start":{"line":137,"column":26},"end":{"line":137,"column":38}},"type":"default-arg","locations":[{"start":{"line":137,"column":36},"end":{"line":137,"column":38}}],"line":137},"18":{"loc":{"start":{"line":140,"column":4},"end":{"line":140,"column":64}},"type":"binary-expr","locations":[{"start":{"line":140,"column":4},"end":{"line":140,"column":19}},{"start":{"line":140,"column":23},"end":{"line":140,"column":44}},{"start":{"line":140,"column":48},"end":{"line":140,"column":64}}],"line":140},"19":{"loc":{"start":{"line":152,"column":12},"end":{"line":152,"column":31}},"type":"binary-expr","locations":[{"start":{"line":152,"column":12},"end":{"line":152,"column":25}},{"start":{"line":152,"column":29},"end":{"line":152,"column":31}}],"line":152},"20":{"loc":{"start":{"line":152,"column":69},"end":{"line":152,"column":112}},"type":"binary-expr","locations":[{"start":{"line":152,"column":69},"end":{"line":152,"column":93}},{"start":{"line":152,"column":97},"end":{"line":152,"column":112}}],"line":152},"21":{"loc":{"start":{"line":169,"column":21},"end":{"line":169,"column":33}},"type":"default-arg","locations":[{"start":{"line":169,"column":31},"end":{"line":169,"column":33}}],"line":169},"22":{"loc":{"start":{"line":172,"column":4},"end":{"line":172,"column":64}},"type":"binary-expr","locations":[{"start":{"line":172,"column":4},"end":{"line":172,"column":19}},{"start":{"line":172,"column":23},"end":{"line":172,"column":44}},{"start":{"line":172,"column":48},"end":{"line":172,"column":64}}],"line":172},"23":{"loc":{"start":{"line":174,"column":16},"end":{"line":174,"column":69}},"type":"binary-expr","locations":[{"start":{"line":174,"column":16},"end":{"line":174,"column":29}},{"start":{"line":174,"column":33},"end":{"line":174,"column":52}},{"start":{"line":174,"column":56},"end":{"line":174,"column":69}}],"line":174},"24":{"loc":{"start":{"line":175,"column":17},"end":{"line":175,"column":74}},"type":"binary-expr","locations":[{"start":{"line":175,"column":17},"end":{"line":175,"column":31}},{"start":{"line":175,"column":35},"end":{"line":175,"column":55}},{"start":{"line":175,"column":59},"end":{"line":175,"column":74}}],"line":175},"25":{"loc":{"start":{"line":176,"column":20},"end":{"line":176,"column":92}},"type":"cond-expr","locations":[{"start":{"line":176,"column":54},"end":{"line":176,"column":71}},{"start":{"line":176,"column":74},"end":{"line":176,"column":92}}],"line":176},"26":{"loc":{"start":{"line":187,"column":22},"end":{"line":187,"column":44}},"type":"cond-expr","locations":[{"start":{"line":187,"column":32},"end":{"line":187,"column":37}},{"start":{"line":187,"column":40},"end":{"line":187,"column":44}}],"line":187},"27":{"loc":{"start":{"line":193,"column":4},"end":{"line":195,"column":5}},"type":"if","locations":[{"start":{"line":193,"column":4},"end":{"line":195,"column":5}},{"start":{},"end":{}}],"line":193},"28":{"loc":{"start":{"line":199,"column":12},"end":{"line":199,"column":44}},"type":"binary-expr","locations":[{"start":{"line":199,"column":12},"end":{"line":199,"column":20}},{"start":{"line":199,"column":25},"end":{"line":199,"column":43}}],"line":199},"29":{"loc":{"start":{"line":199,"column":25},"end":{"line":199,"column":43}},"type":"cond-expr","locations":[{"start":{"line":199,"column":35},"end":{"line":199,"column":38}},{"start":{"line":199,"column":41},"end":{"line":199,"column":43}}],"line":199},"30":{"loc":{"start":{"line":211,"column":6},"end":{"line":215,"column":7}},"type":"if","locations":[{"start":{"line":211,"column":6},"end":{"line":215,"column":7}},{"start":{},"end":{}}],"line":211},"31":{"loc":{"start":{"line":225,"column":12},"end":{"line":227,"column":13}},"type":"if","locations":[{"start":{"line":225,"column":12},"end":{"line":227,"column":13}},{"start":{},"end":{}}],"line":225},"32":{"loc":{"start":{"line":228,"column":20},"end":{"line":228,"column":41}},"type":"binary-expr","locations":[{"start":{"line":228,"column":20},"end":{"line":228,"column":35}},{"start":{"line":228,"column":39},"end":{"line":228,"column":41}}],"line":228},"33":{"loc":{"start":{"line":245,"column":6},"end":{"line":247,"column":7}},"type":"if","locations":[{"start":{"line":245,"column":6},"end":{"line":247,"column":7}},{"start":{},"end":{}}],"line":245}},"s":{"0":44,"1":44,"2":44,"3":44,"4":44,"5":44,"6":44,"7":44,"8":44,"9":72,"10":3,"11":69,"12":69,"13":65,"14":65,"15":1,"16":4,"17":3,"18":1,"19":65,"20":65,"21":65,"22":0,"23":65,"24":44,"25":44,"26":0,"27":17,"28":17,"29":17,"30":6,"31":6,"32":6,"33":6,"34":6,"35":6,"36":0,"37":0,"38":6,"39":5,"40":5,"41":5,"42":5,"43":5,"44":6,"45":6,"46":0,"47":6,"48":7,"49":7,"50":6,"51":6,"52":1,"53":5,"54":5,"55":4,"56":6,"57":6,"58":1,"59":10,"60":10,"61":10,"62":10,"63":10,"64":10,"65":10,"66":10,"67":10,"68":10,"69":10,"70":10,"71":0,"72":10,"73":10,"74":10,"75":10,"76":10,"77":10,"78":10,"79":8,"80":8,"81":8,"82":8,"83":8,"84":8,"85":8,"86":7,"87":1,"88":6,"89":1,"90":10,"91":2,"92":2,"93":10,"94":1,"95":1,"96":10,"97":10,"98":44},"f":{"0":72,"1":17,"2":6,"3":6,"4":5,"5":5,"6":5,"7":7,"8":6,"9":6,"10":10,"11":10,"12":10,"13":8,"14":8,"15":8,"16":8,"17":2,"18":2,"19":1},"b":{"0":[44,44],"1":[44,44],"2":[44,44],"3":[0,44],"4":[3,69],"5":[72,69,69],"6":[65,4],"7":[69,5],"8":[1,64],"9":[3,1],"10":[6],"11":[6],"12":[0,6],"13":[0,6],"14":[6,0],"15":[0,0],"16":[0,6],"17":[5],"18":[7,5,5],"19":[4,1],"20":[6,5],"21":[6],"22":[10,9,9],"23":[10,9,9],"24":[10,10,10],"25":[3,7],"26":[0,10],"27":[0,10],"28":[10,0],"29":[0,0],"30":[10,0],"31":[1,6],"32":[6,1],"33":[1,0]},"_coverageSchema":"1a1c01bbd47fc00a2c39e90264f33305004495a9","hash":"5ebdafeeccd35ba8ab8a374ddfe30e4a5932f3ee"}
,"/home/runner/work/PincerX/PincerX/openclaw/feedback.js": {"path":"/home/runner/work/PincerX/PincerX/openclaw/feedback.js","statementMap":{"0":{"start":{"line":3,"column":11},"end":{"line":3,"column":26}},"1":{"start":{"line":18,"column":17},"end":{"line":29,"column":14}},"2":{"start":{"line":31,"column":14},"end":{"line":31,"column":45}},"3":{"start":{"line":33,"column":2},"end":{"line":33,"column":28}},"4":{"start":{"line":45,"column":16},"end":{"line":45,"column":40}},"5":{"start":{"line":46,"column":2},"end":{"line":48,"column":3}},"6":{"start":{"line":47,"column":4},"end":{"line":47,"column":69}},"7":{"start":{"line":50,"column":2},"end":{"line":62,"column":3}},"8":{"start":{"line":51,"column":19},"end":{"line":51,"column":39}},"9":{"start":{"line":53,"column":22},"end":{"line":53,"column":58}},"10":{"start":{"line":54,"column":18},"end":{"line":54,"column":84}},"11":{"start":{"line":55,"column":24},"end":{"line":57,"column":37}},"12":{"start":{"line":56,"column":38},"end":{"line":56,"column":54}},"13":{"start":{"line":59,"column":4},"end":{"line":59,"column":45}},"14":{"start":{"line":61,"column":4},"end":{"line":61,"column":62}},"15":{"start":{"line":72,"column":18},"end":{"line":72,"column":53}},"16":{"start":{"line":73,"column":16},"end":{"line":73,"column":75}},"17":{"start":{"line":74,"column":2},"end":{"line":74,"column":53}},"18":{"start":{"line":84,"column":2},"end":{"line":88,"column":4}},"19":{"start":{"line":91,"column":0},"end":{"line":91,"column":29}}},"fnMap":{"0":{"name":"analyze","decl":{"start":{"line":17,"column":15},"end":{"line":17,"column":22}},"loc":{"start":{"line":17,"column":45},"end":{"line":34,"column":1}},"line":17},"1":{"name":"parseAnalysis","decl":{"start":{"line":43,"column":9},"end":{"line":43,"column":22}},"loc":{"start":{"line":43,"column":28},"end":{"line":63,"column":1}},"line":43},"2":{"name":"(anonymous_2)","decl":{"start":{"line":56,"column":31},"end":{"line":56,"column":32}},"loc":{"start":{"line":56,"column":38},"end":{"line":56,"column":54}},"line":56},"3":{"name":"normalizeSentiment","decl":{"start":{"line":71,"column":9},"end":{"line":71,"column":27}},"loc":{"start":{"line":71,"column":35},"end":{"line":75,"column":1}},"line":71},"4":{"name":"buildFallback","decl":{"start":{"line":83,"column":9},"end":{"line":83,"column":22}},"loc":{"start":{"line":83,"column":31},"end":{"line":89,"column":1}},"line":83}},"branchMap":{"0":{"loc":{"start":{"line":17,"column":29},"end":{"line":17,"column":43}},"type":"default-arg","locations":[{"start":{"line":17,"column":41},"end":{"line":17,"column":43}}],"line":17},"1":{"loc":{"start":{"line":46,"column":2},"end":{"line":48,"column":3}},"type":"if","locations":[{"start":{"line":46,"column":2},"end":{"line":48,"column":3}},{"start":{},"end":{}}],"line":46},"2":{"loc":{"start":{"line":54,"column":18},"end":{"line":54,"column":84}},"type":"cond-expr","locations":[{"start":{"line":54,"column":53},"end":{"line":54,"column":72}},{"start":{"line":54,"column":75},"end":{"line":54,"column":84}}],"line":54},"3":{"loc":{"start":{"line":55,"column":24},"end":{"line":57,"column":37}},"type":"cond-expr","locations":[{"start":{"line":56,"column":8},"end":{"line":56,"column":71}},{"start":{"line":57,"column":8},"end":{"line":57,"column":37}}],"line":55},"4":{"loc":{"start":{"line":73,"column":16},"end":{"line":73,"column":75}},"type":"cond-expr","locations":[{"start":{"line":73,"column":44},"end":{"line":73,"column":70}},{"start":{"line":73,"column":73},"end":{"line":73,"column":75}}],"line":73},"5":{"loc":{"start":{"line":74,"column":9},"end":{"line":74,"column":52}},"type":"cond-expr","locations":[{"start":{"line":74,"column":35},"end":{"line":74,"column":40}},{"start":{"line":74,"column":43},"end":{"line":74,"column":52}}],"line":74}},"s":{"0":2,"1":11,"2":11,"3":10,"4":10,"5":10,"6":1,"7":9,"8":9,"9":8,"10":8,"11":8,"12":8,"13":8,"14":1,"15":8,"16":8,"17":8,"18":2,"19":2},"f":{"0":11,"1":10,"2":8,"3":8,"4":2},"b":{"0":[10],"1":[1,9],"2":[7,1],"3":[7,1],"4":[8,0],"5":[7,1]},"_coverageSchema":"1a1c01bbd47fc00a2c39e90264f33305004495a9","hash":"8c9288f609427e05758d3f33d6015a0cd72c2569"}
,"/home/runner/work/PincerX/PincerX/openclaw/rag.js": {"path":"/home/runner/work/PincerX/PincerX/openclaw/rag.js","statementMap":{"0":{"start":{"line":3,"column":11},"end":{"line":3,"column":24}},"1":{"start":{"line":4,"column":13},"end":{"line":4,"column":28}},"2":{"start":{"line":5,"column":11},"end":{"line":5,"column":26}},"3":{"start":{"line":7,"column":18},"end":{"line":7,"column":65}},"4":{"start":{"line":8,"column":26},"end":{"line":8,"column":30}},"5":{"start":{"line":16,"column":14},"end":{"line":16,"column":48}},"6":{"start":{"line":17,"column":2},"end":{"line":17,"column":25}},"7":{"start":{"line":29,"column":15},"end":{"line":29,"column":25}},"8":{"start":{"line":30,"column":19},"end":{"line":34,"column":32}},"9":{"start":{"line":34,"column":19},"end":{"line":34,"column":31}},"10":{"start":{"line":36,"column":17},"end":{"line":44,"column":4}},"11":{"start":{"line":37,"column":21},"end":{"line":37,"column":64}},"12":{"start":{"line":38,"column":18},"end":{"line":42,"column":9}},"13":{"start":{"line":40,"column":22},"end":{"line":40,"column":72}},"14":{"start":{"line":41,"column":6},"end":{"line":41,"column":27}},"15":{"start":{"line":43,"column":4},"end":{"line":43,"column":26}},"16":{"start":{"line":46,"column":2},"end":{"line":50,"column":27}},"17":{"start":{"line":47,"column":27},"end":{"line":47,"column":36}},"18":{"start":{"line":48,"column":20},"end":{"line":48,"column":37}},"19":{"start":{"line":50,"column":22},"end":{"line":50,"column":25}},"20":{"start":{"line":62,"column":23},"end":{"line":62,"column":38}},"21":{"start":{"line":64,"column":2},"end":{"line":69,"column":3}},"22":{"start":{"line":65,"column":4},"end":{"line":68,"column":6}},"23":{"start":{"line":71,"column":16},"end":{"line":73,"column":17}},"24":{"start":{"line":72,"column":18},"end":{"line":72,"column":50}},"25":{"start":{"line":75,"column":2},"end":{"line":79,"column":3}},"26":{"start":{"line":76,"column":22},"end":{"line":76,"column":57}},"27":{"start":{"line":77,"column":22},"end":{"line":77,"column":48}},"28":{"start":{"line":78,"column":4},"end":{"line":78,"column":72}},"29":{"start":{"line":81,"column":17},"end":{"line":90,"column":14}},"30":{"start":{"line":92,"column":17},"end":{"line":92,"column":48}},"31":{"start":{"line":94,"column":2},"end":{"line":97,"column":4}},"32":{"start":{"line":96,"column":50},"end":{"line":96,"column":63}},"33":{"start":{"line":100,"column":0},"end":{"line":100,"column":35}}},"fnMap":{"0":{"name":"loadDocs","decl":{"start":{"line":15,"column":9},"end":{"line":15,"column":17}},"loc":{"start":{"line":15,"column":20},"end":{"line":18,"column":1}},"line":15},"1":{"name":"retrieve","decl":{"start":{"line":28,"column":9},"end":{"line":28,"column":17}},"loc":{"start":{"line":28,"column":35},"end":{"line":51,"column":1}},"line":28},"2":{"name":"(anonymous_2)","decl":{"start":{"line":34,"column":12},"end":{"line":34,"column":13}},"loc":{"start":{"line":34,"column":19},"end":{"line":34,"column":31}},"line":34},"3":{"name":"(anonymous_3)","decl":{"start":{"line":36,"column":26},"end":{"line":36,"column":27}},"loc":{"start":{"line":36,"column":35},"end":{"line":44,"column":3}},"line":36},"4":{"name":"(anonymous_4)","decl":{"start":{"line":38,"column":34},"end":{"line":38,"column":35}},"loc":{"start":{"line":38,"column":47},"end":{"line":42,"column":5}},"line":38},"5":{"name":"(anonymous_5)","decl":{"start":{"line":47,"column":12},"end":{"line":47,"column":13}},"loc":{"start":{"line":47,"column":27},"end":{"line":47,"column":36}},"line":47},"6":{"name":"(anonymous_6)","decl":{"start":{"line":48,"column":10},"end":{"line":48,"column":11}},"loc":{"start":{"line":48,"column":20},"end":{"line":48,"column":37}},"line":48},"7":{"name":"(anonymous_7)","decl":{"start":{"line":50,"column":9},"end":{"line":50,"column":10}},"loc":{"start":{"line":50,"column":22},"end":{"line":50,"column":25}},"line":50},"8":{"name":"ask","decl":{"start":{"line":61,"column":15},"end":{"line":61,"column":18}},"loc":{"start":{"line":61,"column":42},"end":{"line":98,"column":1}},"line":61},"9":{"name":"(anonymous_9)","decl":{"start":{"line":72,"column":9},"end":{"line":72,"column":10}},"loc":{"start":{"line":72,"column":18},"end":{"line":72,"column":50}},"line":72},"10":{"name":"(anonymous_10)","decl":{"start":{"line":96,"column":30},"end":{"line":96,"column":31}},"loc":{"start":{"line":96,"column":50},"end":{"line":96,"column":63}},"line":96}},"branchMap":{"0":{"loc":{"start":{"line":28,"column":25},"end":{"line":28,"column":33}},"type":"default-arg","locations":[{"start":{"line":28,"column":32},"end":{"line":28,"column":33}}],"line":28},"1":{"loc":{"start":{"line":40,"column":23},"end":{"line":40,"column":64}},"type":"binary-expr","locations":[{"start":{"line":40,"column":23},"end":{"line":40,"column":58}},{"start":{"line":40,"column":62},"end":{"line":40,"column":64}}],"line":40},"2":{"loc":{"start":{"line":61,"column":26},"end":{"line":61,"column":40}},"type":"default-arg","locations":[{"start":{"line":61,"column":38},"end":{"line":61,"column":40}}],"line":61},"3":{"loc":{"start":{"line":64,"column":2},"end":{"line":69,"column":3}},"type":"if","locations":[{"start":{"line":64,"column":2},"end":{"line":69,"column":3}},{"start":{},"end":{}}],"line":64},"4":{"loc":{"start":{"line":75,"column":2},"end":{"line":79,"column":3}},"type":"if","locations":[{"start":{"line":75,"column":2},"end":{"line":79,"column":3}},{"start":{},"end":{}}],"line":75},"5":{"loc":{"start":{"line":78,"column":14},"end":{"line":78,"column":71}},"type":"cond-expr","locations":[{"start":{"line":78,"column":30},"end":{"line":78,"column":59}},{"start":{"line":78,"column":62},"end":{"line":78,"column":71}}],"line":78}},"s":{"0":2,"1":2,"2":2,"3":2,"4":2,"5":10,"6":10,"7":10,"8":10,"9":32,"10":10,"11":80,"12":80,"13":224,"14":224,"15":80,"16":10,"17":80,"18":40,"19":19,"20":4,"21":4,"22":1,"23":3,"24":9,"25":3,"26":0,"27":0,"28":0,"29":3,"30":3,"31":2,"32":6,"33":2},"f":{"0":10,"1":10,"2":32,"3":80,"4":224,"5":80,"6":40,"7":19,"8":4,"9":9,"10":6},"b":{"0":[9],"1":[224,170],"2":[3],"3":[1,3],"4":[0,3],"5":[0,0]},"_coverageSchema":"1a1c01bbd47fc00a2c39e90264f33305004495a9","hash":"8eef8ed2066f97b742819340b7a9011770463029"}
,"/home/runner/work/PincerX/PincerX/story/story.js": {"path":"/home/runner/work/PincerX/PincerX/story/story.js","statementMap":{"0":{"start":{"line":3,"column":11},"end":{"line":3,"column":24}},"1":{"start":{"line":4,"column":13},"end":{"line":4,"column":28}},"2":{"start":{"line":5,"column":11},"end":{"line":5,"column":36}},"3":{"start":{"line":7,"column":20},"end":{"line":7,"column":65}},"4":{"start":{"line":19,"column":17},"end":{"line":29,"column":14}},"5":{"start":{"line":31,"column":14},"end":{"line":31,"column":45}},"6":{"start":{"line":32,"column":18},"end":{"line":32,"column":35}},"7":{"start":{"line":34,"column":13},"end":{"line":34,"column":101}},"8":{"start":{"line":35,"column":20},"end":{"line":35,"column":44}},"9":{"start":{"line":36,"column":16},"end":{"line":36,"column":62}},"10":{"start":{"line":38,"column":2},"end":{"line":38,"column":49}},"11":{"start":{"line":39,"column":19},"end":{"line":39,"column":46}},"12":{"start":{"line":40,"column":2},"end":{"line":40,"column":93}},"13":{"start":{"line":42,"column":2},"end":{"line":42,"column":15}},"14":{"start":{"line":46,"column":26},"end":{"line":46,"column":29}},"15":{"start":{"line":57,"column":2},"end":{"line":57,"column":65}},"16":{"start":{"line":68,"column":16},"end":{"line":68,"column":40}},"17":{"start":{"line":69,"column":2},"end":{"line":87,"column":3}},"18":{"start":{"line":70,"column":20},"end":{"line":70,"column":28}},"19":{"start":{"line":72,"column":4},"end":{"line":77,"column":30}},"20":{"start":{"line":73,"column":21},"end":{"line":73,"column":40}},"21":{"start":{"line":74,"column":6},"end":{"line":76,"column":7}},"22":{"start":{"line":75,"column":8},"end":{"line":75,"column":52}},"23":{"start":{"line":80,"column":4},"end":{"line":86,"column":34}},"24":{"start":{"line":81,"column":20},"end":{"line":81,"column":52}},"25":{"start":{"line":82,"column":21},"end":{"line":82,"column":38}},"26":{"start":{"line":83,"column":6},"end":{"line":85,"column":7}},"27":{"start":{"line":84,"column":8},"end":{"line":84,"column":52}},"28":{"start":{"line":88,"column":2},"end":{"line":88,"column":35}},"29":{"start":{"line":101,"column":19},"end":{"line":101,"column":51}},"30":{"start":{"line":102,"column":19},"end":{"line":102,"column":51}},"31":{"start":{"line":104,"column":2},"end":{"line":106,"column":3}},"32":{"start":{"line":105,"column":4},"end":{"line":105,"column":51}},"33":{"start":{"line":108,"column":20},"end":{"line":108,"column":65}},"34":{"start":{"line":110,"column":16},"end":{"line":114,"column":17}},"35":{"start":{"line":111,"column":19},"end":{"line":111,"column":43}},"36":{"start":{"line":112,"column":20},"end":{"line":112,"column":39}},"37":{"start":{"line":113,"column":16},"end":{"line":113,"column":52}},"38":{"start":{"line":116,"column":17},"end":{"line":131,"column":14}},"39":{"start":{"line":133,"column":14},"end":{"line":133,"column":45}},"40":{"start":{"line":134,"column":18},"end":{"line":134,"column":42}},"41":{"start":{"line":135,"column":18},"end":{"line":135,"column":89}},"42":{"start":{"line":137,"column":2},"end":{"line":137,"column":51}},"43":{"start":{"line":137,"column":27},"end":{"line":137,"column":51}},"44":{"start":{"line":138,"column":14},"end":{"line":138,"column":77}},"45":{"start":{"line":138,"column":50},"end":{"line":138,"column":76}},"46":{"start":{"line":139,"column":2},"end":{"line":144,"column":3}},"47":{"start":{"line":140,"column":4},"end":{"line":140,"column":38}},"48":{"start":{"line":142,"column":4},"end":{"line":142,"column":37}},"49":{"start":{"line":143,"column":4},"end":{"line":143,"column":59}},"50":{"start":{"line":143,"column":38},"end":{"line":143,"column":57}},"51":{"start":{"line":146,"column":2},"end":{"line":146,"column":73}},"52":{"start":{"line":147,"column":2},"end":{"line":147,"column":45}},"53":{"start":{"line":158,"column":16},"end":{"line":158,"column":40}},"54":{"start":{"line":159,"column":2},"end":{"line":177,"column":3}},"55":{"start":{"line":160,"column":20},"end":{"line":160,"column":28}},"56":{"start":{"line":162,"column":4},"end":{"line":167,"column":30}},"57":{"start":{"line":163,"column":21},"end":{"line":163,"column":40}},"58":{"start":{"line":164,"column":6},"end":{"line":166,"column":7}},"59":{"start":{"line":165,"column":8},"end":{"line":165,"column":52}},"60":{"start":{"line":170,"column":4},"end":{"line":176,"column":34}},"61":{"start":{"line":171,"column":20},"end":{"line":171,"column":52}},"62":{"start":{"line":172,"column":21},"end":{"line":172,"column":38}},"63":{"start":{"line":173,"column":6},"end":{"line":175,"column":7}},"64":{"start":{"line":174,"column":8},"end":{"line":174,"column":52}},"65":{"start":{"line":178,"column":2},"end":{"line":178,"column":35}},"66":{"start":{"line":189,"column":19},"end":{"line":189,"column":51}},"67":{"start":{"line":190,"column":19},"end":{"line":190,"column":51}},"68":{"start":{"line":192,"column":2},"end":{"line":194,"column":3}},"69":{"start":{"line":193,"column":4},"end":{"line":193,"column":51}},"70":{"start":{"line":196,"column":20},"end":{"line":196,"column":65}},"71":{"start":{"line":198,"column":2},"end":{"line":198,"column":51}},"72":{"start":{"line":198,"column":27},"end":{"line":198,"column":51}},"73":{"start":{"line":199,"column":14},"end":{"line":199,"column":77}},"74":{"start":{"line":199,"column":50},"end":{"line":199,"column":76}},"75":{"start":{"line":200,"column":2},"end":{"line":202,"column":3}},"76":{"start":{"line":201,"column":4},"end":{"line":201,"column":79}},"77":{"start":{"line":204,"column":2},"end":{"line":204,"column":36}},"78":{"start":{"line":205,"column":2},"end":{"line":205,"column":73}},"79":{"start":{"line":206,"column":2},"end":{"line":206,"column":36}},"80":{"start":{"line":209,"column":0},"end":{"line":209,"column":60}}},"fnMap":{"0":{"name":"create","decl":{"start":{"line":18,"column":15},"end":{"line":18,"column":21}},"loc":{"start":{"line":18,"column":58},"end":{"line":43,"column":1}},"line":18},"1":{"name":"normalizeText","decl":{"start":{"line":56,"column":9},"end":{"line":56,"column":22}},"loc":{"start":{"line":56,"column":29},"end":{"line":58,"column":1}},"line":56},"2":{"name":"parseOutline","decl":{"start":{"line":67,"column":9},"end":{"line":67,"column":21}},"loc":{"start":{"line":67,"column":27},"end":{"line":89,"column":1}},"line":67},"3":{"name":"generateChapter","decl":{"start":{"line":100,"column":15},"end":{"line":100,"column":30}},"loc":{"start":{"line":100,"column":90},"end":{"line":148,"column":1}},"line":100},"4":{"name":"(anonymous_4)","decl":{"start":{"line":111,"column":12},"end":{"line":111,"column":13}},"loc":{"start":{"line":111,"column":19},"end":{"line":111,"column":43}},"line":111},"5":{"name":"(anonymous_5)","decl":{"start":{"line":112,"column":10},"end":{"line":112,"column":11}},"loc":{"start":{"line":112,"column":20},"end":{"line":112,"column":39}},"line":112},"6":{"name":"(anonymous_6)","decl":{"start":{"line":113,"column":9},"end":{"line":113,"column":10}},"loc":{"start":{"line":113,"column":16},"end":{"line":113,"column":52}},"line":113},"7":{"name":"(anonymous_7)","decl":{"start":{"line":138,"column":43},"end":{"line":138,"column":44}},"loc":{"start":{"line":138,"column":50},"end":{"line":138,"column":76}},"line":138},"8":{"name":"(anonymous_8)","decl":{"start":{"line":143,"column":28},"end":{"line":143,"column":29}},"loc":{"start":{"line":143,"column":38},"end":{"line":143,"column":57}},"line":143},"9":{"name":"parseChapterContent","decl":{"start":{"line":157,"column":9},"end":{"line":157,"column":28}},"loc":{"start":{"line":157,"column":34},"end":{"line":179,"column":1}},"line":157},"10":{"name":"deleteChapter","decl":{"start":{"line":188,"column":15},"end":{"line":188,"column":28}},"loc":{"start":{"line":188,"column":53},"end":{"line":207,"column":1}},"line":188},"11":{"name":"(anonymous_11)","decl":{"start":{"line":199,"column":43},"end":{"line":199,"column":44}},"loc":{"start":{"line":199,"column":50},"end":{"line":199,"column":76}},"line":199}},"branchMap":{"0":{"loc":{"start":{"line":18,"column":42},"end":{"line":18,"column":56}},"type":"default-arg","locations":[{"start":{"line":18,"column":54},"end":{"line":18,"column":56}}],"line":18},"1":{"loc":{"start":{"line":69,"column":2},"end":{"line":87,"column":3}},"type":"if","locations":[{"start":{"line":69,"column":2},"end":{"line":87,"column":3}},{"start":{},"end":{}}],"line":69},"2":{"loc":{"start":{"line":74,"column":6},"end":{"line":76,"column":7}},"type":"if","locations":[{"start":{"line":74,"column":6},"end":{"line":76,"column":7}},{"start":{},"end":{}}],"line":74},"3":{"loc":{"start":{"line":74,"column":10},"end":{"line":74,"column":69}},"type":"binary-expr","locations":[{"start":{"line":74,"column":10},"end":{"line":74,"column":44}},{"start":{"line":74,"column":48},"end":{"line":74,"column":69}}],"line":74},"4":{"loc":{"start":{"line":83,"column":6},"end":{"line":85,"column":7}},"type":"if","locations":[{"start":{"line":83,"column":6},"end":{"line":85,"column":7}},{"start":{},"end":{}}],"line":83},"5":{"loc":{"start":{"line":83,"column":10},"end":{"line":83,"column":69}},"type":"binary-expr","locations":[{"start":{"line":83,"column":10},"end":{"line":83,"column":44}},{"start":{"line":83,"column":48},"end":{"line":83,"column":69}}],"line":83},"6":{"loc":{"start":{"line":100,"column":55},"end":{"line":100,"column":69}},"type":"default-arg","locations":[{"start":{"line":100,"column":67},"end":{"line":100,"column":69}}],"line":100},"7":{"loc":{"start":{"line":100,"column":71},"end":{"line":100,"column":88}},"type":"default-arg","locations":[{"start":{"line":100,"column":86},"end":{"line":100,"column":88}}],"line":100},"8":{"loc":{"start":{"line":104,"column":2},"end":{"line":106,"column":3}},"type":"if","locations":[{"start":{"line":104,"column":2},"end":{"line":106,"column":3}},{"start":{},"end":{}}],"line":104},"9":{"loc":{"start":{"line":110,"column":17},"end":{"line":110,"column":41}},"type":"binary-expr","locations":[{"start":{"line":110,"column":17},"end":{"line":110,"column":35}},{"start":{"line":110,"column":39},"end":{"line":110,"column":41}}],"line":110},"10":{"loc":{"start":{"line":128,"column":4},"end":{"line":128,"column":59}},"type":"cond-expr","locations":[{"start":{"line":128,"column":12},"end":{"line":128,"column":54}},{"start":{"line":128,"column":57},"end":{"line":128,"column":59}}],"line":128},"11":{"loc":{"start":{"line":129,"column":4},"end":{"line":129,"column":68}},"type":"cond-expr","locations":[{"start":{"line":129,"column":19},"end":{"line":129,"column":63}},{"start":{"line":129,"column":66},"end":{"line":129,"column":68}}],"line":129},"12":{"loc":{"start":{"line":137,"column":2},"end":{"line":137,"column":51}},"type":"if","locations":[{"start":{"line":137,"column":2},"end":{"line":137,"column":51}},{"start":{},"end":{}}],"line":137},"13":{"loc":{"start":{"line":139,"column":2},"end":{"line":144,"column":3}},"type":"if","locations":[{"start":{"line":139,"column":2},"end":{"line":144,"column":3}},{"start":{"line":141,"column":9},"end":{"line":144,"column":3}}],"line":139},"14":{"loc":{"start":{"line":159,"column":2},"end":{"line":177,"column":3}},"type":"if","locations":[{"start":{"line":159,"column":2},"end":{"line":177,"column":3}},{"start":{},"end":{}}],"line":159},"15":{"loc":{"start":{"line":164,"column":6},"end":{"line":166,"column":7}},"type":"if","locations":[{"start":{"line":164,"column":6},"end":{"line":166,"column":7}},{"start":{},"end":{}}],"line":164},"16":{"loc":{"start":{"line":164,"column":10},"end":{"line":164,"column":69}},"type":"binary-expr","locations":[{"start":{"line":164,"column":10},"end":{"line":164,"column":44}},{"start":{"line":164,"column":48},"end":{"line":164,"column":69}}],"line":164},"17":{"loc":{"start":{"line":173,"column":6},"end":{"line":175,"column":7}},"type":"if","locations":[{"start":{"line":173,"column":6},"end":{"line":175,"column":7}},{"start":{},"end":{}}],"line":173},"18":{"loc":{"start":{"line":173,"column":10},"end":{"line":173,"column":69}},"type":"binary-expr","locations":[{"start":{"line":173,"column":10},"end":{"line":173,"column":44}},{"start":{"line":173,"column":48},"end":{"line":173,"column":69}}],"line":173},"19":{"loc":{"start":{"line":192,"column":2},"end":{"line":194,"column":3}},"type":"if","locations":[{"start":{"line":192,"column":2},"end":{"line":194,"column":3}},{"start":{},"end":{}}],"line":192},"20":{"loc":{"start":{"line":198,"column":2},"end":{"line":198,"column":51}},"type":"if","locations":[{"start":{"line":198,"column":2},"end":{"line":198,"column":51}},{"start":{},"end":{}}],"line":198},"21":{"loc":{"start":{"line":200,"column":2},"end":{"line":202,"column":3}},"type":"if","locations":[{"start":{"line":200,"column":2},"end":{"line":202,"column":3}},{"start":{},"end":{}}],"line":200}},"s":{"0":2,"1":2,"2":2,"3":2,"4":10,"5":10,"6":9,"7":9,"8":9,"9":9,"10":9,"11":9,"12":9,"13":9,"14":2,"15":9,"16":9,"17":9,"18":8,"19":8,"20":8,"21":7,"22":6,"23":2,"24":2,"25":2,"26":1,"27":0,"28":3,"29":0,"30":0,"31":0,"32":0,"33":0,"34":0,"35":0,"36":0,"37":0,"38":0,"39":0,"40":0,"41":0,"42":0,"43":0,"44":0,"45":0,"46":0,"47":0,"48":0,"49":0,"50":0,"51":0,"52":0,"53":0,"54":0,"55":0,"56":0,"57":0,"58":0,"59":0,"60":0,"61":0,"62":0,"63":0,"64":0,"65":0,"66":0,"67":0,"68":0,"69":0,"70":0,"71":0,"72":0,"73":0,"74":0,"75":0,"76":0,"77":0,"78":0,"79":0,"80":2},"f":{"0":10,"1":9,"2":9,"3":0,"4":0,"5":0,"6":0,"7":0,"8":0,"9":0,"10":0,"11":0},"b":{"0":[9],"1":[8,1],"2":[6,1],"3":[7,6],"4":[0,1],"5":[1,0],"6":[0],"7":[0],"8":[0,0],"9":[0,0],"10":[0,0],"11":[0,0],"12":[0,0],"13":[0,0],"14":[0,0],"15":[0,0],"16":[0,0],"17":[0,0],"18":[0,0],"19":[0,0],"20":[0,0],"21":[0,0]},"_coverageSchema":"1a1c01bbd47fc00a2c39e90264f33305004495a9","hash":"9c983226d2186eaa2171882365c26ac6d2f33636"}
}
