TN:
SF:api/server.js
FN:30,(anonymous_0)
FN:31,(anonymous_1)
FN:36,(anonymous_2)
FN:54,validateStringField
FN:65,(anonymous_4)
FN:87,(anonymous_5)
FN:132,(anonymous_6)
FN:160,(anonymous_7)
FN:172,(anonymous_8)
FN:175,(anonymous_9)
FN:187,(anonymous_10)
FN:205,(anonymous_11)
FN:223,(anonymous_12)
FN:224,(anonymous_13)
FN:249,(anonymous_14)
FN:288,ttsFetchError
FN:334,ttsCacheKey
FN:354,splitIntoTTSChunks
FN:360,(anonymous_18)
FN:404,_ensureAudioCached
FN:427,(anonymous_20)
FN:441,(anonymous_21)
FN:479,startPrebakeJob
FN:485,(anonymous_23)
FN:499,(anonymous_24)
FN:509,(anonymous_25)
FN:528,(anonymous_26)
FN:530,(anonymous_27)
FN:550,(anonymous_28)
FN:551,(anonymous_29)
FN:576,(anonymous_30)
FN:590,(anonymous_31)
FN:602,(anonymous_32)
FN:615,(anonymous_33)
FN:627,(anonymous_34)
FN:647,(anonymous_35)
FN:672,(anonymous_36)
FN:701,(anonymous_37)
FN:728,(anonymous_38)
FN:751,(anonymous_39)
FN:769,(anonymous_40)
FN:787,(anonymous_41)
FN:798,(anonymous_42)
FNF:43
FNH:33
FNDA:3,(anonymous_0)
FNDA:3,(anonymous_1)
FNDA:4,(anonymous_2)
FNDA:59,validateStringField
FNDA:3,(anonymous_4)
FNDA:6,(anonymous_5)
FNDA:0,(anonymous_6)
FNDA:0,(anonymous_7)
FNDA:0,(anonymous_8)
FNDA:0,(anonymous_9)
FNDA:7,(anonymous_10)
FNDA:7,(anonymous_11)
FNDA:5,(anonymous_12)
FNDA:5,(anonymous_13)
FNDA:7,(anonymous_14)
FNDA:4,ttsFetchError
FNDA:12,ttsCacheKey
FNDA:1,splitIntoTTSChunks
FNDA:2,(anonymous_18)
FNDA:12,_ensureAudioCached
FNDA:0,(anonymous_20)
FNDA:14,(anonymous_21)
FNDA:1,startPrebakeJob
FNDA:1,(anonymous_23)
FNDA:0,(anonymous_24)
FNDA:2,(anonymous_25)
FNDA:2,(anonymous_26)
FNDA:2,(anonymous_27)
FNDA:6,(anonymous_28)
FNDA:6,(anonymous_29)
FNDA:0,(anonymous_30)
FNDA:4,(anonymous_31)
FNDA:0,(anonymous_32)
FNDA:3,(anonymous_33)
FNDA:3,(anonymous_34)
FNDA:8,(anonymous_35)
FNDA:8,(anonymous_36)
FNDA:0,(anonymous_37)
FNDA:3,(anonymous_38)
FNDA:5,(anonymous_39)
FNDA:2,(anonymous_40)
FNDA:1,(anonymous_41)
FNDA:0,(anonymous_42)
DA:3,1
DA:4,1
DA:5,1
DA:6,1
DA:7,1
DA:8,1
DA:9,1
DA:10,1
DA:11,1
DA:12,1
DA:14,1
DA:15,1
DA:17,1
DA:18,1
DA:19,1
DA:20,1
DA:23,1
DA:24,1
DA:25,1
DA:26,1
DA:29,1
DA:30,3
DA:31,3
DA:34,1
DA:37,4
DA:38,1
DA:40,3
DA:44,1
DA:45,1
DA:55,59
DA:56,19
DA:58,40
DA:65,1
DA:66,3
DA:67,3
DA:68,3
DA:69,2
DA:72,0
DA:74,3
DA:87,1
DA:88,6
DA:90,6
DA:91,6
DA:93,4
DA:95,4
DA:97,1
DA:100,3
DA:101,3
DA:102,3
DA:103,2
DA:107,3
DA:109,3
DA:110,3
DA:114,3
DA:115,2
DA:118,3
DA:119,3
DA:120,3
DA:121,3
DA:123,0
DA:132,1
DA:133,0
DA:134,0
DA:136,0
DA:137,0
DA:140,0
DA:142,0
DA:147,0
DA:148,0
DA:150,0
DA:153,0
DA:154,0
DA:155,0
DA:156,0
DA:158,0
DA:159,0
DA:160,0
DA:162,0
DA:164,0
DA:172,1
DA:173,0
DA:174,0
DA:175,0
DA:176,0
DA:178,0
DA:187,1
DA:188,7
DA:189,7
DA:190,7
DA:192,3
DA:193,3
DA:194,2
DA:196,1
DA:205,1
DA:206,7
DA:207,7
DA:208,7
DA:210,3
DA:211,3
DA:212,2
DA:214,1
DA:223,1
DA:224,5
DA:225,5
DA:226,1
DA:228,4
DA:229,1
DA:232,3
DA:233,3
DA:234,1
DA:236,2
DA:237,1
DA:239,1
DA:249,1
DA:250,7
DA:251,7
DA:252,7
DA:255,6
DA:256,2
DA:259,4
DA:260,4
DA:261,1
DA:264,3
DA:265,3
DA:266,3
DA:267,1
DA:269,2
DA:270,1
DA:272,1
DA:289,4
DA:290,0
DA:292,4
DA:293,4
DA:294,4
DA:295,4
DA:297,0
DA:311,1
DA:312,1
DA:313,1
DA:317,1
DA:321,1
DA:322,1
DA:335,12
DA:342,12
DA:358,1
DA:360,2
DA:362,1
DA:364,1
DA:365,1
DA:366,1
DA:367,2
DA:368,0
DA:369,0
DA:370,0
DA:371,0
DA:372,0
DA:373,0
DA:374,0
DA:376,0
DA:377,2
DA:378,0
DA:379,0
DA:381,2
DA:384,1
DA:385,1
DA:405,12
DA:406,12
DA:408,12
DA:409,1
DA:412,11
DA:413,11
DA:414,11
DA:415,11
DA:416,11
DA:417,11
DA:419,11
DA:426,10
DA:427,1
DA:428,1
DA:431,9
DA:432,9
DA:433,9
DA:434,9
DA:436,0
DA:438,9
DA:441,1
DA:442,14
DA:443,14
DA:444,14
DA:446,11
DA:447,11
DA:448,11
DA:450,11
DA:451,11
DA:452,9
DA:453,9
DA:454,9
DA:455,9
DA:457,2
DA:458,1
DA:460,1
DA:469,1
DA:480,1
DA:481,1
DA:482,1
DA:483,1
DA:485,1
DA:486,1
DA:487,1
DA:488,1
DA:489,1
DA:491,0
DA:492,0
DA:494,1
DA:496,1
DA:499,1
DA:502,1
DA:509,1
DA:510,2
DA:511,2
DA:512,2
DA:513,1
DA:514,0
DA:516,1
DA:518,1
DA:528,1
DA:529,2
DA:530,2
DA:531,2
DA:532,2
DA:534,2
DA:536,0
DA:545,1
DA:550,1
DA:551,6
DA:552,6
DA:553,6
DA:555,5
DA:556,5
DA:557,2
DA:560,3
DA:562,3
DA:563,3
DA:564,3
DA:570,3
DA:575,2
DA:576,1
DA:577,1
DA:579,1
DA:581,1
DA:590,1
DA:591,4
DA:592,4
DA:593,1
DA:595,3
DA:596,3
DA:597,3
DA:601,2
DA:602,1
DA:603,1
DA:605,1
DA:607,1
DA:615,1
DA:616,3
DA:617,3
DA:619,1
DA:627,1
DA:628,3
DA:629,3
DA:630,1
DA:632,2
DA:633,2
DA:635,1
DA:636,1
DA:638,0
DA:647,1
DA:648,8
DA:650,8
DA:651,8
DA:653,6
DA:654,6
DA:656,4
DA:657,4
DA:659,3
DA:660,3
DA:661,2
DA:663,1
DA:672,1
DA:673,8
DA:674,8
DA:676,8
DA:677,2
DA:680,6
DA:681,3
DA:684,3
DA:686,3
DA:687,3
DA:688,1
DA:690,2
DA:691,1
DA:693,1
DA:701,1
DA:702,0
DA:703,0
DA:705,0
DA:706,0
DA:709,0
DA:710,0
DA:713,0
DA:714,0
DA:715,0
DA:717,0
DA:718,0
DA:720,0
DA:728,1
DA:729,3
DA:730,3
DA:731,1
DA:733,2
DA:734,2
DA:735,1
DA:737,1
DA:738,1
DA:740,0
DA:751,1
DA:752,5
DA:753,5
DA:755,5
DA:756,1
DA:758,4
DA:759,1
DA:763,3
DA:764,3
DA:766,1
DA:769,2
DA:770,2
DA:771,1
DA:774,1
DA:775,1
DA:776,1
DA:778,1
DA:779,1
DA:787,1
DA:788,1
DA:789,1
DA:792,1
DA:794,0
DA:797,1
DA:798,0
DA:799,0
DA:802,0
DA:803,0
DA:804,0
DA:805,0
DA:806,0
DA:810,0
DA:811,0
DA:812,0
DA:814,0
DA:815,0
DA:818,0
DA:823,1
LF:362
LH:292
BRDA:15,0,0,1
BRDA:15,0,1,1
BRDA:37,1,0,1
BRDA:37,1,1,3
BRDA:55,2,0,19
BRDA:55,2,1,40
BRDA:55,3,0,59
BRDA:55,3,1,48
BRDA:68,4,0,2
BRDA:68,4,1,1
BRDA:75,5,0,3
BRDA:75,5,1,1
BRDA:75,5,2,1
BRDA:76,6,0,3
BRDA:76,6,1,1
BRDA:76,6,2,1
BRDA:77,7,0,3
BRDA:77,7,1,1
BRDA:91,8,0,2
BRDA:91,8,1,4
BRDA:102,9,0,2
BRDA:102,9,1,1
BRDA:109,10,0,3
BRDA:109,10,1,0
BRDA:109,11,0,3
BRDA:109,11,1,3
BRDA:114,12,0,2
BRDA:114,12,1,1
BRDA:115,13,0,2
BRDA:115,13,1,0
BRDA:134,14,0,0
BRDA:134,14,1,0
BRDA:137,15,0,0
BRDA:137,15,1,0
BRDA:140,16,0,0
BRDA:140,16,1,0
BRDA:140,16,2,0
BRDA:142,17,0,0
BRDA:142,17,1,0
BRDA:155,18,0,0
BRDA:155,18,1,0
BRDA:159,19,0,0
BRDA:159,19,1,0
BRDA:160,20,0,0
BRDA:160,20,1,0
BRDA:190,21,0,4
BRDA:190,21,1,3
BRDA:208,22,0,4
BRDA:208,22,1,3
BRDA:225,23,0,1
BRDA:225,23,1,4
BRDA:228,24,0,1
BRDA:228,24,1,3
BRDA:236,25,0,1
BRDA:236,25,1,1
BRDA:252,26,0,1
BRDA:252,26,1,6
BRDA:255,27,0,2
BRDA:255,27,1,4
BRDA:255,28,0,6
BRDA:255,28,1,5
BRDA:260,29,0,1
BRDA:260,29,1,3
BRDA:269,30,0,1
BRDA:269,30,1,1
BRDA:289,31,0,0
BRDA:289,31,1,4
BRDA:289,32,0,4
BRDA:289,32,1,4
BRDA:292,33,0,4
BRDA:292,33,1,4
BRDA:294,34,0,4
BRDA:294,34,1,0
BRDA:337,35,0,12
BRDA:337,35,1,11
BRDA:338,36,0,4
BRDA:338,36,1,8
BRDA:339,37,0,2
BRDA:339,37,1,10
BRDA:340,38,0,12
BRDA:340,38,1,10
BRDA:362,39,0,0
BRDA:362,39,1,1
BRDA:367,40,0,0
BRDA:367,40,1,2
BRDA:368,41,0,0
BRDA:368,41,1,0
BRDA:373,42,0,0
BRDA:373,42,1,0
BRDA:374,43,0,0
BRDA:374,43,1,0
BRDA:377,44,0,0
BRDA:377,44,1,2
BRDA:377,45,0,2
BRDA:377,45,1,1
BRDA:381,46,0,1
BRDA:381,46,1,1
BRDA:384,47,0,1
BRDA:384,47,1,0
BRDA:385,48,0,1
BRDA:385,48,1,0
BRDA:408,49,0,1
BRDA:408,49,1,11
BRDA:412,50,0,11
BRDA:412,50,1,11
BRDA:414,51,0,1
BRDA:414,51,1,10
BRDA:415,52,0,4
BRDA:415,52,1,7
BRDA:416,53,0,2
BRDA:416,53,1,9
BRDA:417,54,0,2
BRDA:417,54,1,9
BRDA:426,55,0,1
BRDA:426,55,1,9
BRDA:444,56,0,3
BRDA:444,56,1,11
BRDA:447,57,0,1
BRDA:447,57,1,10
BRDA:448,58,0,1
BRDA:448,58,1,10
BRDA:454,59,0,1
BRDA:454,59,1,8
BRDA:457,60,0,1
BRDA:457,60,1,1
BRDA:487,61,0,0
BRDA:487,61,1,1
BRDA:510,62,0,2
BRDA:510,62,1,2
BRDA:513,63,0,0
BRDA:513,63,1,1
BRDA:552,64,0,0
BRDA:552,64,1,6
BRDA:553,65,0,1
BRDA:553,65,1,5
BRDA:555,66,0,4
BRDA:555,66,1,1
BRDA:556,67,0,2
BRDA:556,67,1,3
BRDA:556,68,0,5
BRDA:556,68,1,4
BRDA:560,69,0,3
BRDA:560,69,1,3
BRDA:575,70,0,1
BRDA:575,70,1,1
BRDA:592,71,0,1
BRDA:592,71,1,3
BRDA:592,72,0,4
BRDA:592,72,1,4
BRDA:595,73,0,3
BRDA:595,73,1,3
BRDA:601,74,0,1
BRDA:601,74,1,1
BRDA:603,75,0,1
BRDA:603,75,1,0
BRDA:629,76,0,1
BRDA:629,76,1,2
BRDA:629,77,0,3
BRDA:629,77,1,3
BRDA:635,78,0,1
BRDA:635,78,1,0
BRDA:651,79,0,2
BRDA:651,79,1,6
BRDA:654,80,0,2
BRDA:654,80,1,4
BRDA:657,81,0,1
BRDA:657,81,1,3
BRDA:676,82,0,2
BRDA:676,82,1,6
BRDA:676,83,0,8
BRDA:676,83,1,8
BRDA:680,84,0,3
BRDA:680,84,1,3
BRDA:680,85,0,6
BRDA:680,85,1,4
BRDA:684,86,0,0
BRDA:684,86,1,3
BRDA:690,87,0,1
BRDA:690,87,1,1
BRDA:705,88,0,0
BRDA:705,88,1,0
BRDA:705,89,0,0
BRDA:705,89,1,0
BRDA:709,90,0,0
BRDA:709,90,1,0
BRDA:709,91,0,0
BRDA:709,91,1,0
BRDA:717,92,0,0
BRDA:717,92,1,0
BRDA:717,93,0,0
BRDA:717,93,1,0
BRDA:730,94,0,1
BRDA:730,94,1,2
BRDA:730,95,0,3
BRDA:730,95,1,3
BRDA:737,96,0,1
BRDA:737,96,1,0
BRDA:755,97,0,1
BRDA:755,97,1,4
BRDA:755,98,0,5
BRDA:755,98,1,5
BRDA:758,99,0,1
BRDA:758,99,1,3
BRDA:758,100,0,4
BRDA:758,100,1,4
BRDA:769,101,0,2
BRDA:769,101,1,0
BRDA:770,102,0,1
BRDA:770,102,1,1
BRDA:775,103,0,0
BRDA:775,103,1,1
BRDA:776,104,0,1
BRDA:776,104,1,0
BRDA:789,105,0,1
BRDA:789,105,1,0
BRDA:797,106,0,0
BRDA:797,106,1,1
BRDA:805,107,0,0
BRDA:805,107,1,0
BRDA:810,108,0,0
BRDA:810,108,1,0
BRDA:810,108,2,0
BRDA:811,109,0,0
BRDA:811,109,1,0
BRDA:811,109,2,0
BRDA:814,110,0,0
BRDA:814,110,1,0
BRDA:814,111,0,0
BRDA:814,111,1,0
BRF:229
BRH:163
end_of_record
TN:
SF:openclaw/ai.js
FN:27,normalizeBaseUrl
FN:76,loadRuntimeConfig
FN:94,httpRequest
FN:95,(anonymous_3)
FN:114,(anonymous_4)
FN:116,(anonymous_5)
FN:117,(anonymous_6)
FN:137,listModels
FN:152,(anonymous_8)
FN:152,(anonymous_9)
FN:169,ask
FN:184,(anonymous_11)
FN:210,settle
FN:218,(anonymous_13)
FN:220,(anonymous_14)
FN:221,(anonymous_15)
FN:222,(anonymous_16)
FN:236,(anonymous_17)
FN:237,(anonymous_18)
FN:244,(anonymous_19)
FNF:20
FNH:20
FNDA:72,normalizeBaseUrl
FNDA:17,loadRuntimeConfig
FNDA:6,httpRequest
FNDA:6,(anonymous_3)
FNDA:5,(anonymous_4)
FNDA:5,(anonymous_5)
FNDA:5,(anonymous_6)
FNDA:7,listModels
FNDA:6,(anonymous_8)
FNDA:6,(anonymous_9)
FNDA:10,ask
FNDA:10,(anonymous_11)
FNDA:10,settle
FNDA:8,(anonymous_13)
FNDA:8,(anonymous_14)
FNDA:8,(anonymous_15)
FNDA:8,(anonymous_16)
FNDA:2,(anonymous_17)
FNDA:2,(anonymous_18)
FNDA:1,(anonymous_19)
DA:3,44
DA:4,44
DA:5,44
DA:6,44
DA:8,44
DA:9,44
DA:10,44
DA:11,44
DA:13,44
DA:28,72
DA:29,3
DA:32,69
DA:34,69
DA:37,65
DA:38,65
DA:39,1
DA:41,4
DA:43,3
DA:46,1
DA:50,65
DA:53,65
DA:54,65
DA:56,0
DA:59,65
DA:64,44
DA:65,44
DA:67,0
DA:77,17
DA:78,17
DA:80,17
DA:95,6
DA:96,6
DA:97,6
DA:98,6
DA:100,6
DA:101,6
DA:102,0
DA:103,0
DA:106,6
DA:115,5
DA:116,5
DA:117,5
DA:121,6
DA:123,6
DA:124,0
DA:126,6
DA:138,7
DA:139,7
DA:144,6
DA:145,6
DA:147,1
DA:150,5
DA:151,5
DA:152,6
DA:154,1
DA:170,10
DA:171,10
DA:174,10
DA:175,10
DA:176,10
DA:178,10
DA:184,10
DA:185,10
DA:186,10
DA:187,10
DA:189,10
DA:193,10
DA:194,0
DA:197,10
DA:207,10
DA:211,10
DA:212,10
DA:213,10
DA:214,10
DA:218,10
DA:219,8
DA:220,8
DA:221,8
DA:222,8
DA:223,8
DA:224,8
DA:225,7
DA:226,1
DA:228,6
DA:230,1
DA:236,10
DA:237,2
DA:244,10
DA:245,1
DA:246,1
DA:250,10
DA:251,10
DA:255,44
LF:93
LH:87
BRDA:8,0,0,44
BRDA:8,0,1,44
BRDA:9,1,0,44
BRDA:9,1,1,44
BRDA:10,2,0,44
BRDA:10,2,1,44
BRDA:11,3,0,0
BRDA:11,3,1,44
BRDA:28,4,0,3
BRDA:28,4,1,69
BRDA:28,5,0,72
BRDA:28,5,1,69
BRDA:28,5,2,69
BRDA:34,6,0,65
BRDA:34,6,1,4
BRDA:34,7,0,69
BRDA:34,7,1,5
BRDA:38,8,0,1
BRDA:38,8,1,64
BRDA:41,9,0,3
BRDA:41,9,1,1
BRDA:94,10,0,6
BRDA:94,11,0,6
BRDA:98,12,0,0
BRDA:98,12,1,6
BRDA:101,13,0,0
BRDA:101,13,1,6
BRDA:109,14,0,6
BRDA:109,14,1,0
BRDA:109,15,0,0
BRDA:109,15,1,0
BRDA:123,16,0,0
BRDA:123,16,1,6
BRDA:137,17,0,5
BRDA:140,18,0,7
BRDA:140,18,1,5
BRDA:140,18,2,5
BRDA:152,19,0,4
BRDA:152,19,1,1
BRDA:152,20,0,6
BRDA:152,20,1,5
BRDA:169,21,0,6
BRDA:172,22,0,10
BRDA:172,22,1,9
BRDA:172,22,2,9
BRDA:174,23,0,10
BRDA:174,23,1,9
BRDA:174,23,2,9
BRDA:175,24,0,10
BRDA:175,24,1,10
BRDA:175,24,2,10
BRDA:176,25,0,3
BRDA:176,25,1,7
BRDA:187,26,0,0
BRDA:187,26,1,10
BRDA:193,27,0,0
BRDA:193,27,1,10
BRDA:199,28,0,10
BRDA:199,28,1,0
BRDA:199,29,0,0
BRDA:199,29,1,0
BRDA:211,30,0,10
BRDA:211,30,1,0
BRDA:225,31,0,1
BRDA:225,31,1,6
BRDA:228,32,0,6
BRDA:228,32,1,1
BRDA:245,33,0,1
BRDA:245,33,1,0
BRF:69
BRH:55
end_of_record
TN:
SF:openclaw/feedback.js
FN:17,analyze
FN:43,parseAnalysis
FN:56,(anonymous_2)
FN:71,normalizeSentiment
FN:83,buildFallback
FNF:5
FNH:5
FNDA:11,analyze
FNDA:10,parseAnalysis
FNDA:8,(anonymous_2)
FNDA:8,normalizeSentiment
FNDA:2,buildFallback
DA:3,2
DA:18,11
DA:31,11
DA:33,10
DA:45,10
DA:46,10
DA:47,1
DA:50,9
DA:51,9
DA:53,8
DA:54,8
DA:55,8
DA:56,8
DA:59,8
DA:61,1
DA:72,8
DA:73,8
DA:74,8
DA:84,2
DA:91,2
LF:20
LH:20
BRDA:17,0,0,10
BRDA:46,1,0,1
BRDA:46,1,1,9
BRDA:54,2,0,7
BRDA:54,2,1,1
BRDA:55,3,0,7
BRDA:55,3,1,1
BRDA:73,4,0,8
BRDA:73,4,1,0
BRDA:74,5,0,7
BRDA:74,5,1,1
BRF:11
BRH:10
end_of_record
TN:
SF:openclaw/rag.js
FN:15,loadDocs
FN:28,retrieve
FN:34,(anonymous_2)
FN:36,(anonymous_3)
FN:38,(anonymous_4)
FN:47,(anonymous_5)
FN:48,(anonymous_6)
FN:50,(anonymous_7)
FN:61,ask
FN:72,(anonymous_9)
FN:96,(anonymous_10)
FNF:11
FNH:11
FNDA:10,loadDocs
FNDA:10,retrieve
FNDA:32,(anonymous_2)
FNDA:80,(anonymous_3)
FNDA:224,(anonymous_4)
FNDA:80,(anonymous_5)
FNDA:40,(anonymous_6)
FNDA:19,(anonymous_7)
FNDA:4,ask
FNDA:9,(anonymous_9)
FNDA:6,(anonymous_10)
DA:3,2
DA:4,2
DA:5,2
DA:7,2
DA:8,2
DA:16,10
DA:17,10
DA:29,10
DA:30,10
DA:34,32
DA:36,10
DA:37,80
DA:38,80
DA:40,224
DA:41,224
DA:43,80
DA:46,10
DA:47,80
DA:48,40
DA:50,19
DA:62,4
DA:64,4
DA:65,1
DA:71,3
DA:72,9
DA:75,3
DA:76,0
DA:77,0
DA:78,0
DA:81,3
DA:92,3
DA:94,2
DA:96,6
DA:100,2
LF:34
LH:31
BRDA:28,0,0,9
BRDA:40,1,0,224
BRDA:40,1,1,170
BRDA:61,2,0,3
BRDA:64,3,0,1
BRDA:64,3,1,3
BRDA:75,4,0,0
BRDA:75,4,1,3
BRDA:78,5,0,0
BRDA:78,5,1,0
BRF:10
BRH:7
end_of_record
TN:
SF:story/story.js
FN:18,create
FN:56,normalizeText
FN:67,parseOutline
FN:100,generateChapter
FN:111,(anonymous_4)
FN:112,(anonymous_5)
FN:113,(anonymous_6)
FN:138,(anonymous_7)
FN:143,(anonymous_8)
FN:157,parseChapterContent
FN:188,deleteChapter
FN:199,(anonymous_11)
FN:215,deleteStory
FN:234,list
FN:237,(anonymous_14)
FN:238,(anonymous_15)
FN:253,(anonymous_16)
FN:262,get
FNF:18
FNH:3
FNDA:10,create
FNDA:9,normalizeText
FNDA:9,parseOutline
FNDA:0,generateChapter
FNDA:0,(anonymous_4)
FNDA:0,(anonymous_5)
FNDA:0,(anonymous_6)
FNDA:0,(anonymous_7)
FNDA:0,(anonymous_8)
FNDA:0,parseChapterContent
FNDA:0,deleteChapter
FNDA:0,(anonymous_11)
FNDA:0,deleteStory
FNDA:0,list
FNDA:0,(anonymous_14)
FNDA:0,(anonymous_15)
FNDA:0,(anonymous_16)
FNDA:0,get
DA:3,2
DA:4,2
DA:5,2
DA:7,2
DA:19,10
DA:31,10
DA:32,9
DA:34,9
DA:35,9
DA:36,9
DA:38,9
DA:39,9
DA:40,9
DA:42,9
DA:46,2
DA:57,9
DA:68,9
DA:69,9
DA:70,8
DA:72,8
DA:73,8
DA:74,7
DA:75,6
DA:80,2
DA:81,2
DA:82,2
DA:83,1
DA:84,0
DA:88,3
DA:101,0
DA:102,0
DA:104,0
DA:105,0
DA:108,0
DA:110,0
DA:111,0
DA:112,0
DA:113,0
DA:116,0
DA:133,0
DA:134,0
DA:135,0
DA:137,0
DA:138,0
DA:139,0
DA:140,0
DA:142,0
DA:143,0
DA:146,0
DA:147,0
DA:158,0
DA:159,0
DA:160,0
DA:162,0
DA:163,0
DA:164,0
DA:165,0
DA:170,0
DA:171,0
DA:172,0
DA:173,0
DA:174,0
DA:178,0
DA:189,0
DA:190,0
DA:192,0
DA:193,0
DA:196,0
DA:198,0
DA:199,0
DA:200,0
DA:201,0
DA:204,0
DA:205,0
DA:206,0
DA:216,0
DA:217,0
DA:219,0
DA:220,0
DA:223,0
DA:224,0
DA:227,2
DA:235,0
DA:236,0
DA:237,0
DA:239,0
DA:240,0
DA:241,0
DA:250,0
DA:253,0
DA:263,0
DA:264,0
DA:265,0
DA:266,0
LF:94
LH:29
BRDA:18,0,0,9
BRDA:69,1,0,8
BRDA:69,1,1,1
BRDA:74,2,0,6
BRDA:74,2,1,1
BRDA:74,3,0,7
BRDA:74,3,1,6
BRDA:83,4,0,0
BRDA:83,4,1,1
BRDA:83,5,0,1
BRDA:83,5,1,0
BRDA:100,6,0,0
BRDA:100,7,0,0
BRDA:104,8,0,0
BRDA:104,8,1,0
BRDA:110,9,0,0
BRDA:110,9,1,0
BRDA:128,10,0,0
BRDA:128,10,1,0
BRDA:129,11,0,0
BRDA:129,11,1,0
BRDA:137,12,0,0
BRDA:137,12,1,0
BRDA:139,13,0,0
BRDA:139,13,1,0
BRDA:159,14,0,0
BRDA:159,14,1,0
BRDA:164,15,0,0
BRDA:164,15,1,0
BRDA:164,16,0,0
BRDA:164,16,1,0
BRDA:173,17,0,0
BRDA:173,17,1,0
BRDA:173,18,0,0
BRDA:173,18,1,0
BRDA:192,19,0,0
BRDA:192,19,1,0
BRDA:198,20,0,0
BRDA:198,20,1,0
BRDA:200,21,0,0
BRDA:200,21,1,0
BRDA:219,22,0,0
BRDA:219,22,1,0
BRDA:235,23,0,0
BRDA:235,23,1,0
BRDA:248,24,0,0
BRDA:248,24,1,0
BRDA:265,25,0,0
BRDA:265,25,1,0
BRF:49
BRH:9
end_of_record
